{"uid":"2ce1e990506064ec","name":"test_negative_form_data[chrome-negative_data_case1]","fullName":"ui_tests.test_form_from_main_page.TestMainPageForm#test_negative_form_data","historyId":"aac995cb4c3dc230be67189176b5707a","time":{"start":1670700677792,"stop":1670700677792,"duration":0},"description":"User is scrolling to the bottom and sends wrong data","descriptionHtml":"<p>User is scrolling to the bottom and sends wrong data</p>\n","status":"broken","statusMessage":"selenium.common.exceptions.WebDriverException: Message: unknown error: Chrome failed to start: exited abnormally.\n  (unknown error: DevToolsActivePort file doesn't exist)\n  (The process started from chrome location /usr/bin/google-chrome is no longer running, so ChromeDriver is assuming that Chrome has crashed.)\nStacktrace:\n#0 0x557aa70ec2a3 <unknown>\n#1 0x557aa6eaaf77 <unknown>\n#2 0x557aa6ed35f7 <unknown>\n#3 0x557aa6ecf7d0 <unknown>\n#4 0x557aa6f100b7 <unknown>\n#5 0x557aa6f0fa5f <unknown>\n#6 0x557aa6f07903 <unknown>\n#7 0x557aa6edaece <unknown>\n#8 0x557aa6edbfde <unknown>\n#9 0x557aa713c63e <unknown>\n#10 0x557aa713fb79 <unknown>\n#11 0x557aa712289e <unknown>\n#12 0x557aa7140a83 <unknown>\n#13 0x557aa7115505 <unknown>\n#14 0x557aa7161ca8 <unknown>\n#15 0x557aa7161e36 <unknown>\n#16 0x557aa717d333 <unknown>\n#17 0x7fb377a94b43 <unknown>","statusTrace":"request = <SubRequest 'browser' for <Function test_negative_form_data[chrome-negative_data_case1]>>\n\n    @pytest.fixture(params=[\"chrome\", \"firefox\"])\n    def browser(request):\n        \"\"\"\n        the fixture downloads the latest driver and creates the browser instance with passed options\n        \"\"\"\n        headless = False  # changes the headless parameter for all browsers\n        match request.param:\n            case \"chrome\":\n                options = webdriver.ChromeOptions()\n                options.headless = headless\n                options.add_argument('--no-sandbox')\n                options.add_argument(\"--disable-dev-shm-usage\")\n>               browser = webdriver.Chrome(service=ChromeService(ChromeDriverManager().install()), options=options)\n\nconftest.py:38: \n_ _ _ _ _ _ _ _ _ _ _ _ _ _ _ _ _ _ _ _ _ _ _ _ _ _ _ _ _ _ _ _ _ _ _ _ _ _ _ _ \n/opt/hostedtoolcache/Python/3.11.0/x64/lib/python3.11/site-packages/selenium/webdriver/chrome/webdriver.py:81: in __init__\n    super().__init__(\n/opt/hostedtoolcache/Python/3.11.0/x64/lib/python3.11/site-packages/selenium/webdriver/chromium/webdriver.py:106: in __init__\n    super().__init__(\n/opt/hostedtoolcache/Python/3.11.0/x64/lib/python3.11/site-packages/selenium/webdriver/remote/webdriver.py:288: in __init__\n    self.start_session(capabilities, browser_profile)\n/opt/hostedtoolcache/Python/3.11.0/x64/lib/python3.11/site-packages/selenium/webdriver/remote/webdriver.py:381: in start_session\n    response = self.execute(Command.NEW_SESSION, parameters)\n/opt/hostedtoolcache/Python/3.11.0/x64/lib/python3.11/site-packages/selenium/webdriver/remote/webdriver.py:444: in execute\n    self.error_handler.check_response(response)\n_ _ _ _ _ _ _ _ _ _ _ _ _ _ _ _ _ _ _ _ _ _ _ _ _ _ _ _ _ _ _ _ _ _ _ _ _ _ _ _ \n\nself = <selenium.webdriver.remote.errorhandler.ErrorHandler object at 0x7f5234863410>\nresponse = {'status': 500, 'value': '{\"value\":{\"error\":\"unknown error\",\"message\":\"unknown error: Chrome failed to start: exited a...\\\\n#15 0x557aa7161e36 \\\\u003Cunknown>\\\\n#16 0x557aa717d333 \\\\u003Cunknown>\\\\n#17 0x7fb377a94b43 \\\\u003Cunknown>\\\\n\"}}'}\n\n    def check_response(self, response: Dict[str, Any]) -> None:\n        \"\"\"\n        Checks that a JSON response from the WebDriver does not have an error.\n    \n        :Args:\n         - response - The JSON response from the WebDriver server as a dictionary\n           object.\n    \n        :Raises: If the response contains an error message.\n        \"\"\"\n        status = response.get(\"status\", None)\n        if not status or status == ErrorCode.SUCCESS:\n            return\n        value = None\n        message = response.get(\"message\", \"\")\n        screen: str = response.get(\"screen\", \"\")\n        stacktrace = None\n        if isinstance(status, int):\n            value_json = response.get(\"value\", None)\n            if value_json and isinstance(value_json, str):\n                import json\n    \n                try:\n                    value = json.loads(value_json)\n                    if len(value.keys()) == 1:\n                        value = value[\"value\"]\n                    status = value.get(\"error\", None)\n                    if not status:\n                        status = value.get(\"status\", ErrorCode.UNKNOWN_ERROR)\n                        message = value.get(\"value\") or value.get(\"message\")\n                        if not isinstance(message, str):\n                            value = message\n                            message = message.get(\"message\")\n                    else:\n                        message = value.get(\"message\", None)\n                except ValueError:\n                    pass\n    \n        exception_class: Type[WebDriverException]\n        if status in ErrorCode.NO_SUCH_ELEMENT:\n            exception_class = NoSuchElementException\n        elif status in ErrorCode.NO_SUCH_FRAME:\n            exception_class = NoSuchFrameException\n        elif status in ErrorCode.NO_SUCH_SHADOW_ROOT:\n            exception_class = NoSuchShadowRootException\n        elif status in ErrorCode.NO_SUCH_WINDOW:\n            exception_class = NoSuchWindowException\n        elif status in ErrorCode.STALE_ELEMENT_REFERENCE:\n            exception_class = StaleElementReferenceException\n        elif status in ErrorCode.ELEMENT_NOT_VISIBLE:\n            exception_class = ElementNotVisibleException\n        elif status in ErrorCode.INVALID_ELEMENT_STATE:\n            exception_class = InvalidElementStateException\n        elif (\n            status in ErrorCode.INVALID_SELECTOR\n            or status in ErrorCode.INVALID_XPATH_SELECTOR\n            or status in ErrorCode.INVALID_XPATH_SELECTOR_RETURN_TYPER\n        ):\n            exception_class = InvalidSelectorException\n        elif status in ErrorCode.ELEMENT_IS_NOT_SELECTABLE:\n            exception_class = ElementNotSelectableException\n        elif status in ErrorCode.ELEMENT_NOT_INTERACTABLE:\n            exception_class = ElementNotInteractableException\n        elif status in ErrorCode.INVALID_COOKIE_DOMAIN:\n            exception_class = InvalidCookieDomainException\n        elif status in ErrorCode.UNABLE_TO_SET_COOKIE:\n            exception_class = UnableToSetCookieException\n        elif status in ErrorCode.TIMEOUT:\n            exception_class = TimeoutException\n        elif status in ErrorCode.SCRIPT_TIMEOUT:\n            exception_class = TimeoutException\n        elif status in ErrorCode.UNKNOWN_ERROR:\n            exception_class = WebDriverException\n        elif status in ErrorCode.UNEXPECTED_ALERT_OPEN:\n            exception_class = UnexpectedAlertPresentException\n        elif status in ErrorCode.NO_ALERT_OPEN:\n            exception_class = NoAlertPresentException\n        elif status in ErrorCode.IME_NOT_AVAILABLE:\n            exception_class = ImeNotAvailableException\n        elif status in ErrorCode.IME_ENGINE_ACTIVATION_FAILED:\n            exception_class = ImeActivationFailedException\n        elif status in ErrorCode.MOVE_TARGET_OUT_OF_BOUNDS:\n            exception_class = MoveTargetOutOfBoundsException\n        elif status in ErrorCode.JAVASCRIPT_ERROR:\n            exception_class = JavascriptException\n        elif status in ErrorCode.SESSION_NOT_CREATED:\n            exception_class = SessionNotCreatedException\n        elif status in ErrorCode.INVALID_ARGUMENT:\n            exception_class = InvalidArgumentException\n        elif status in ErrorCode.NO_SUCH_COOKIE:\n            exception_class = NoSuchCookieException\n        elif status in ErrorCode.UNABLE_TO_CAPTURE_SCREEN:\n            exception_class = ScreenshotException\n        elif status in ErrorCode.ELEMENT_CLICK_INTERCEPTED:\n            exception_class = ElementClickInterceptedException\n        elif status in ErrorCode.INSECURE_CERTIFICATE:\n            exception_class = InsecureCertificateException\n        elif status in ErrorCode.INVALID_COORDINATES:\n            exception_class = InvalidCoordinatesException\n        elif status in ErrorCode.INVALID_SESSION_ID:\n            exception_class = InvalidSessionIdException\n        elif status in ErrorCode.UNKNOWN_METHOD:\n            exception_class = UnknownMethodException\n        else:\n            exception_class = WebDriverException\n        if not value:\n            value = response[\"value\"]\n        if isinstance(value, str):\n            raise exception_class(value)\n        if message == \"\" and \"message\" in value:\n            message = value[\"message\"]\n    \n        screen = None  # type: ignore[assignment]\n        if \"screen\" in value:\n            screen = value[\"screen\"]\n    \n        stacktrace = None\n        st_value = value.get(\"stackTrace\") or value.get(\"stacktrace\")\n        if st_value:\n            if isinstance(st_value, str):\n                stacktrace = st_value.split(\"\\n\")\n            else:\n                stacktrace = []\n                try:\n                    for frame in st_value:\n                        line = frame.get(\"lineNumber\", \"\")\n                        file = frame.get(\"fileName\", \"<anonymous>\")\n                        if line:\n                            file = f\"{file}:{line}\"\n                        meth = frame.get(\"methodName\", \"<anonymous>\")\n                        if \"className\" in frame:\n                            meth = \"{}.{}\".format(frame[\"className\"], meth)\n                        msg = \"    at %s (%s)\"\n                        msg = msg % (meth, file)\n                        stacktrace.append(msg)\n                except TypeError:\n                    pass\n        if exception_class == UnexpectedAlertPresentException:\n            alert_text = None\n            if \"data\" in value:\n                alert_text = value[\"data\"].get(\"text\")\n            elif \"alert\" in value:\n                alert_text = value[\"alert\"].get(\"text\")\n            raise exception_class(message, screen, stacktrace, alert_text)  # type: ignore[call-arg]  # mypy is not smart enough here\n>       raise exception_class(message, screen, stacktrace)\nE       selenium.common.exceptions.WebDriverException: Message: unknown error: Chrome failed to start: exited abnormally.\nE         (unknown error: DevToolsActivePort file doesn't exist)\nE         (The process started from chrome location /usr/bin/google-chrome is no longer running, so ChromeDriver is assuming that Chrome has crashed.)\nE       Stacktrace:\nE       #0 0x557aa70ec2a3 <unknown>\nE       #1 0x557aa6eaaf77 <unknown>\nE       #2 0x557aa6ed35f7 <unknown>\nE       #3 0x557aa6ecf7d0 <unknown>\nE       #4 0x557aa6f100b7 <unknown>\nE       #5 0x557aa6f0fa5f <unknown>\nE       #6 0x557aa6f07903 <unknown>\nE       #7 0x557aa6edaece <unknown>\nE       #8 0x557aa6edbfde <unknown>\nE       #9 0x557aa713c63e <unknown>\nE       #10 0x557aa713fb79 <unknown>\nE       #11 0x557aa712289e <unknown>\nE       #12 0x557aa7140a83 <unknown>\nE       #13 0x557aa7115505 <unknown>\nE       #14 0x557aa7161ca8 <unknown>\nE       #15 0x557aa7161e36 <unknown>\nE       #16 0x557aa717d333 <unknown>\nE       #17 0x7fb377a94b43 <unknown>\n\n/opt/hostedtoolcache/Python/3.11.0/x64/lib/python3.11/site-packages/selenium/webdriver/remote/errorhandler.py:249: WebDriverException","flaky":false,"newFailed":false,"newBroken":false,"newPassed":false,"retriesCount":5,"retriesStatusChange":false,"beforeStages":[{"name":"browser","time":{"start":1670700677792,"stop":1670700678578,"duration":786},"status":"broken","statusMessage":"selenium.common.exceptions.WebDriverException: Message: unknown error: Chrome failed to start: exited abnormally.\n  (unknown error: DevToolsActivePort file doesn't exist)\n  (The process started from chrome location /usr/bin/google-chrome is no longer running, so ChromeDriver is assuming that Chrome has crashed.)\nStacktrace:\n#0 0x557aa70ec2a3 <unknown>\n#1 0x557aa6eaaf77 <unknown>\n#2 0x557aa6ed35f7 <unknown>\n#3 0x557aa6ecf7d0 <unknown>\n#4 0x557aa6f100b7 <unknown>\n#5 0x557aa6f0fa5f <unknown>\n#6 0x557aa6f07903 <unknown>\n#7 0x557aa6edaece <unknown>\n#8 0x557aa6edbfde <unknown>\n#9 0x557aa713c63e <unknown>\n#10 0x557aa713fb79 <unknown>\n#11 0x557aa712289e <unknown>\n#12 0x557aa7140a83 <unknown>\n#13 0x557aa7115505 <unknown>\n#14 0x557aa7161ca8 <unknown>\n#15 0x557aa7161e36 <unknown>\n#16 0x557aa717d333 <unknown>\n#17 0x7fb377a94b43 <unknown>\n\n","statusTrace":"  File \"/opt/hostedtoolcache/Python/3.11.0/x64/lib/python3.11/site-packages/pluggy/_callers.py\", line 39, in _multicall\n    res = hook_impl.function(*args)\n          ^^^^^^^^^^^^^^^^^^^^^^^^^\n  File \"/opt/hostedtoolcache/Python/3.11.0/x64/lib/python3.11/site-packages/_pytest/fixtures.py\", line 1128, in pytest_fixture_setup\n    result = call_fixture_func(fixturefunc, request, kwargs)\n             ^^^^^^^^^^^^^^^^^^^^^^^^^^^^^^^^^^^^^^^^^^^^^^^\n  File \"/opt/hostedtoolcache/Python/3.11.0/x64/lib/python3.11/site-packages/_pytest/fixtures.py\", line 900, in call_fixture_func\n    fixture_result = next(generator)\n                     ^^^^^^^^^^^^^^^\n  File \"/home/runner/work/fojin_site/fojin_site/conftest.py\", line 38, in browser\n    browser = webdriver.Chrome(service=ChromeService(ChromeDriverManager().install()), options=options)\n              ^^^^^^^^^^^^^^^^^^^^^^^^^^^^^^^^^^^^^^^^^^^^^^^^^^^^^^^^^^^^^^^^^^^^^^^^^^^^^^^^^^^^^^^^^\n  File \"/opt/hostedtoolcache/Python/3.11.0/x64/lib/python3.11/site-packages/selenium/webdriver/chrome/webdriver.py\", line 81, in __init__\n    super().__init__(\n  File \"/opt/hostedtoolcache/Python/3.11.0/x64/lib/python3.11/site-packages/selenium/webdriver/chromium/webdriver.py\", line 106, in __init__\n    super().__init__(\n  File \"/opt/hostedtoolcache/Python/3.11.0/x64/lib/python3.11/site-packages/selenium/webdriver/remote/webdriver.py\", line 288, in __init__\n    self.start_session(capabilities, browser_profile)\n  File \"/opt/hostedtoolcache/Python/3.11.0/x64/lib/python3.11/site-packages/selenium/webdriver/remote/webdriver.py\", line 381, in start_session\n    response = self.execute(Command.NEW_SESSION, parameters)\n               ^^^^^^^^^^^^^^^^^^^^^^^^^^^^^^^^^^^^^^^^^^^^^\n  File \"/opt/hostedtoolcache/Python/3.11.0/x64/lib/python3.11/site-packages/selenium/webdriver/remote/webdriver.py\", line 444, in execute\n    self.error_handler.check_response(response)\n  File \"/opt/hostedtoolcache/Python/3.11.0/x64/lib/python3.11/site-packages/selenium/webdriver/remote/errorhandler.py\", line 249, in check_response\n    raise exception_class(message, screen, stacktrace)\n","steps":[],"attachments":[],"parameters":[],"stepsCount":0,"attachmentsCount":0,"shouldDisplayMessage":true,"hasContent":true}],"afterStages":[],"labels":[{"name":"feature","value":"User sends incorrect data"},{"name":"parentSuite","value":"ui_tests"},{"name":"suite","value":"test_form_from_main_page"},{"name":"subSuite","value":"TestMainPageForm"},{"name":"host","value":"fv-az405-431"},{"name":"thread","value":"3035-MainThread"},{"name":"framework","value":"pytest"},{"name":"language","value":"cpython3"},{"name":"package","value":"ui_tests.test_form_from_main_page"},{"name":"resultFormat","value":"allure2"}],"parameters":[{"name":"browser","value":"'chrome'"},{"name":"negative_data_case","value":"['test_user', '', '12345678901', 'some useless information']"}],"links":[],"hidden":false,"retry":false,"extra":{"severity":"normal","retries":[{"uid":"55e0dbc83ef11689","status":"broken","statusDetails":"selenium.common.exceptions.WebDriverException: Message: unknown error: Chrome failed to start: exited abnormally.\n  (unknown error: DevToolsActivePort file doesn't exist)\n  (The process started from chrome location /usr/bin/google-chrome is no longer running, so ChromeDriver is assuming that Chrome has crashed.)\nStacktrace:\n#0 0x555969e032a3 <unknown>\n#1 0x555969bc1f77 <unknown>\n#2 0x555969bea5f7 <unknown>\n#3 0x555969be67d0 <unknown>\n#4 0x555969c270b7 <unknown>\n#5 0x555969c26a5f <unknown>\n#6 0x555969c1e903 <unknown>\n#7 0x555969bf1ece <unknown>\n#8 0x555969bf2fde <unknown>\n#9 0x555969e5363e <unknown>\n#10 0x555969e56b79 <unknown>\n#11 0x555969e3989e <unknown>\n#12 0x555969e57a83 <unknown>\n#13 0x555969e2c505 <unknown>\n#14 0x555969e78ca8 <unknown>\n#15 0x555969e78e36 <unknown>\n#16 0x555969e94333 <unknown>\n#17 0x7f4da8d10b43 <unknown>","time":{"start":1670700676975,"stop":1670700676975,"duration":0}},{"uid":"26317c41b57ef217","status":"broken","statusDetails":"selenium.common.exceptions.WebDriverException: Message: unknown error: Chrome failed to start: exited abnormally.\n  (unknown error: DevToolsActivePort file doesn't exist)\n  (The process started from chrome location /usr/bin/google-chrome is no longer running, so ChromeDriver is assuming that Chrome has crashed.)\nStacktrace:\n#0 0x560cd62b32a3 <unknown>\n#1 0x560cd6071f77 <unknown>\n#2 0x560cd609a5f7 <unknown>\n#3 0x560cd60967d0 <unknown>\n#4 0x560cd60d70b7 <unknown>\n#5 0x560cd60d6a5f <unknown>\n#6 0x560cd60ce903 <unknown>\n#7 0x560cd60a1ece <unknown>\n#8 0x560cd60a2fde <unknown>\n#9 0x560cd630363e <unknown>\n#10 0x560cd6306b79 <unknown>\n#11 0x560cd62e989e <unknown>\n#12 0x560cd6307a83 <unknown>\n#13 0x560cd62dc505 <unknown>\n#14 0x560cd6328ca8 <unknown>\n#15 0x560cd6328e36 <unknown>\n#16 0x560cd6344333 <unknown>\n#17 0x7faf49477b43 <unknown>","time":{"start":1670700676163,"stop":1670700676163,"duration":0}},{"uid":"780cf21555185ee2","status":"broken","statusDetails":"selenium.common.exceptions.WebDriverException: Message: unknown error: Chrome failed to start: exited abnormally.\n  (unknown error: DevToolsActivePort file doesn't exist)\n  (The process started from chrome location /usr/bin/google-chrome is no longer running, so ChromeDriver is assuming that Chrome has crashed.)\nStacktrace:\n#0 0x55f8ac5b22a3 <unknown>\n#1 0x55f8ac370f77 <unknown>\n#2 0x55f8ac3995f7 <unknown>\n#3 0x55f8ac3957d0 <unknown>\n#4 0x55f8ac3d60b7 <unknown>\n#5 0x55f8ac3d5a5f <unknown>\n#6 0x55f8ac3cd903 <unknown>\n#7 0x55f8ac3a0ece <unknown>\n#8 0x55f8ac3a1fde <unknown>\n#9 0x55f8ac60263e <unknown>\n#10 0x55f8ac605b79 <unknown>\n#11 0x55f8ac5e889e <unknown>\n#12 0x55f8ac606a83 <unknown>\n#13 0x55f8ac5db505 <unknown>\n#14 0x55f8ac627ca8 <unknown>\n#15 0x55f8ac627e36 <unknown>\n#16 0x55f8ac643333 <unknown>\n#17 0x7f271867fb43 <unknown>","time":{"start":1670700675340,"stop":1670700675340,"duration":0}},{"uid":"1cf19a90354c6cc0","status":"broken","statusDetails":"selenium.common.exceptions.WebDriverException: Message: unknown error: Chrome failed to start: exited abnormally.\n  (unknown error: DevToolsActivePort file doesn't exist)\n  (The process started from chrome location /usr/bin/google-chrome is no longer running, so ChromeDriver is assuming that Chrome has crashed.)\nStacktrace:\n#0 0x561aebb592a3 <unknown>\n#1 0x561aeb917f77 <unknown>\n#2 0x561aeb9405f7 <unknown>\n#3 0x561aeb93c7d0 <unknown>\n#4 0x561aeb97d0b7 <unknown>\n#5 0x561aeb97ca5f <unknown>\n#6 0x561aeb974903 <unknown>\n#7 0x561aeb947ece <unknown>\n#8 0x561aeb948fde <unknown>\n#9 0x561aebba963e <unknown>\n#10 0x561aebbacb79 <unknown>\n#11 0x561aebb8f89e <unknown>\n#12 0x561aebbada83 <unknown>\n#13 0x561aebb82505 <unknown>\n#14 0x561aebbceca8 <unknown>\n#15 0x561aebbcee36 <unknown>\n#16 0x561aebbea333 <unknown>\n#17 0x7fd755f00b43 <unknown>","time":{"start":1670700674522,"stop":1670700674522,"duration":0}},{"uid":"ba9033b9f9464e6c","status":"broken","statusDetails":"selenium.common.exceptions.WebDriverException: Message: unknown error: Chrome failed to start: exited abnormally.\n  (unknown error: DevToolsActivePort file doesn't exist)\n  (The process started from chrome location /usr/bin/google-chrome is no longer running, so ChromeDriver is assuming that Chrome has crashed.)\nStacktrace:\n#0 0x5597cdabc2a3 <unknown>\n#1 0x5597cd87af77 <unknown>\n#2 0x5597cd8a35f7 <unknown>\n#3 0x5597cd89f7d0 <unknown>\n#4 0x5597cd8e00b7 <unknown>\n#5 0x5597cd8dfa5f <unknown>\n#6 0x5597cd8d7903 <unknown>\n#7 0x5597cd8aaece <unknown>\n#8 0x5597cd8abfde <unknown>\n#9 0x5597cdb0c63e <unknown>\n#10 0x5597cdb0fb79 <unknown>\n#11 0x5597cdaf289e <unknown>\n#12 0x5597cdb10a83 <unknown>\n#13 0x5597cdae5505 <unknown>\n#14 0x5597cdb31ca8 <unknown>\n#15 0x5597cdb31e36 <unknown>\n#16 0x5597cdb4d333 <unknown>\n#17 0x7f9745edab43 <unknown>","time":{"start":1670700673704,"stop":1670700673704,"duration":0}}],"categories":[{"name":"Test defects","matchedStatuses":[],"flaky":false}],"tags":[]},"source":"2ce1e990506064ec.json","parameterValues":["'chrome'","['test_user', '', '12345678901', 'some useless information']"]}