{"uid":"434ec882f2245106","name":"test_link_names[chrome--locator3]","fullName":"ui_tests.test_main_page.TestMainPage#test_link_names","historyId":"226ed11eea9f3e13eea7584672f83b18","time":{"start":1670700697429,"stop":1670700697429,"duration":0},"description":"\n        user can go to all top links from the main page\n        ","descriptionHtml":"<pre><code>    user can go to all top links from the main page\n</code></pre>\n","status":"broken","statusMessage":"selenium.common.exceptions.WebDriverException: Message: unknown error: Chrome failed to start: exited abnormally.\n  (unknown error: DevToolsActivePort file doesn't exist)\n  (The process started from chrome location /usr/bin/google-chrome is no longer running, so ChromeDriver is assuming that Chrome has crashed.)\nStacktrace:\n#0 0x5630e0d682a3 <unknown>\n#1 0x5630e0b26f77 <unknown>\n#2 0x5630e0b4f5f7 <unknown>\n#3 0x5630e0b4b7d0 <unknown>\n#4 0x5630e0b8c0b7 <unknown>\n#5 0x5630e0b8ba5f <unknown>\n#6 0x5630e0b83903 <unknown>\n#7 0x5630e0b56ece <unknown>\n#8 0x5630e0b57fde <unknown>\n#9 0x5630e0db863e <unknown>\n#10 0x5630e0dbbb79 <unknown>\n#11 0x5630e0d9e89e <unknown>\n#12 0x5630e0dbca83 <unknown>\n#13 0x5630e0d91505 <unknown>\n#14 0x5630e0dddca8 <unknown>\n#15 0x5630e0ddde36 <unknown>\n#16 0x5630e0df9333 <unknown>\n#17 0x7f0ff8e28b43 <unknown>","statusTrace":"request = <SubRequest 'browser' for <Function test_link_names[chrome--locator3]>>\n\n    @pytest.fixture(params=[\"chrome\", \"firefox\"])\n    def browser(request):\n        \"\"\"\n        the fixture downloads the latest driver and creates the browser instance with passed options\n        \"\"\"\n        headless = False  # changes the headless parameter for all browsers\n        match request.param:\n            case \"chrome\":\n                options = webdriver.ChromeOptions()\n                options.headless = headless\n                options.add_argument('--no-sandbox')\n                options.add_argument(\"--disable-dev-shm-usage\")\n>               browser = webdriver.Chrome(service=ChromeService(ChromeDriverManager().install()), options=options)\n\nconftest.py:38: \n_ _ _ _ _ _ _ _ _ _ _ _ _ _ _ _ _ _ _ _ _ _ _ _ _ _ _ _ _ _ _ _ _ _ _ _ _ _ _ _ \n/opt/hostedtoolcache/Python/3.11.0/x64/lib/python3.11/site-packages/selenium/webdriver/chrome/webdriver.py:81: in __init__\n    super().__init__(\n/opt/hostedtoolcache/Python/3.11.0/x64/lib/python3.11/site-packages/selenium/webdriver/chromium/webdriver.py:106: in __init__\n    super().__init__(\n/opt/hostedtoolcache/Python/3.11.0/x64/lib/python3.11/site-packages/selenium/webdriver/remote/webdriver.py:288: in __init__\n    self.start_session(capabilities, browser_profile)\n/opt/hostedtoolcache/Python/3.11.0/x64/lib/python3.11/site-packages/selenium/webdriver/remote/webdriver.py:381: in start_session\n    response = self.execute(Command.NEW_SESSION, parameters)\n/opt/hostedtoolcache/Python/3.11.0/x64/lib/python3.11/site-packages/selenium/webdriver/remote/webdriver.py:444: in execute\n    self.error_handler.check_response(response)\n_ _ _ _ _ _ _ _ _ _ _ _ _ _ _ _ _ _ _ _ _ _ _ _ _ _ _ _ _ _ _ _ _ _ _ _ _ _ _ _ \n\nself = <selenium.webdriver.remote.errorhandler.ErrorHandler object at 0x7f52345c6090>\nresponse = {'status': 500, 'value': '{\"value\":{\"error\":\"unknown error\",\"message\":\"unknown error: Chrome failed to start: exited a...\\\\n#15 0x5630e0ddde36 \\\\u003Cunknown>\\\\n#16 0x5630e0df9333 \\\\u003Cunknown>\\\\n#17 0x7f0ff8e28b43 \\\\u003Cunknown>\\\\n\"}}'}\n\n    def check_response(self, response: Dict[str, Any]) -> None:\n        \"\"\"\n        Checks that a JSON response from the WebDriver does not have an error.\n    \n        :Args:\n         - response - The JSON response from the WebDriver server as a dictionary\n           object.\n    \n        :Raises: If the response contains an error message.\n        \"\"\"\n        status = response.get(\"status\", None)\n        if not status or status == ErrorCode.SUCCESS:\n            return\n        value = None\n        message = response.get(\"message\", \"\")\n        screen: str = response.get(\"screen\", \"\")\n        stacktrace = None\n        if isinstance(status, int):\n            value_json = response.get(\"value\", None)\n            if value_json and isinstance(value_json, str):\n                import json\n    \n                try:\n                    value = json.loads(value_json)\n                    if len(value.keys()) == 1:\n                        value = value[\"value\"]\n                    status = value.get(\"error\", None)\n                    if not status:\n                        status = value.get(\"status\", ErrorCode.UNKNOWN_ERROR)\n                        message = value.get(\"value\") or value.get(\"message\")\n                        if not isinstance(message, str):\n                            value = message\n                            message = message.get(\"message\")\n                    else:\n                        message = value.get(\"message\", None)\n                except ValueError:\n                    pass\n    \n        exception_class: Type[WebDriverException]\n        if status in ErrorCode.NO_SUCH_ELEMENT:\n            exception_class = NoSuchElementException\n        elif status in ErrorCode.NO_SUCH_FRAME:\n            exception_class = NoSuchFrameException\n        elif status in ErrorCode.NO_SUCH_SHADOW_ROOT:\n            exception_class = NoSuchShadowRootException\n        elif status in ErrorCode.NO_SUCH_WINDOW:\n            exception_class = NoSuchWindowException\n        elif status in ErrorCode.STALE_ELEMENT_REFERENCE:\n            exception_class = StaleElementReferenceException\n        elif status in ErrorCode.ELEMENT_NOT_VISIBLE:\n            exception_class = ElementNotVisibleException\n        elif status in ErrorCode.INVALID_ELEMENT_STATE:\n            exception_class = InvalidElementStateException\n        elif (\n            status in ErrorCode.INVALID_SELECTOR\n            or status in ErrorCode.INVALID_XPATH_SELECTOR\n            or status in ErrorCode.INVALID_XPATH_SELECTOR_RETURN_TYPER\n        ):\n            exception_class = InvalidSelectorException\n        elif status in ErrorCode.ELEMENT_IS_NOT_SELECTABLE:\n            exception_class = ElementNotSelectableException\n        elif status in ErrorCode.ELEMENT_NOT_INTERACTABLE:\n            exception_class = ElementNotInteractableException\n        elif status in ErrorCode.INVALID_COOKIE_DOMAIN:\n            exception_class = InvalidCookieDomainException\n        elif status in ErrorCode.UNABLE_TO_SET_COOKIE:\n            exception_class = UnableToSetCookieException\n        elif status in ErrorCode.TIMEOUT:\n            exception_class = TimeoutException\n        elif status in ErrorCode.SCRIPT_TIMEOUT:\n            exception_class = TimeoutException\n        elif status in ErrorCode.UNKNOWN_ERROR:\n            exception_class = WebDriverException\n        elif status in ErrorCode.UNEXPECTED_ALERT_OPEN:\n            exception_class = UnexpectedAlertPresentException\n        elif status in ErrorCode.NO_ALERT_OPEN:\n            exception_class = NoAlertPresentException\n        elif status in ErrorCode.IME_NOT_AVAILABLE:\n            exception_class = ImeNotAvailableException\n        elif status in ErrorCode.IME_ENGINE_ACTIVATION_FAILED:\n            exception_class = ImeActivationFailedException\n        elif status in ErrorCode.MOVE_TARGET_OUT_OF_BOUNDS:\n            exception_class = MoveTargetOutOfBoundsException\n        elif status in ErrorCode.JAVASCRIPT_ERROR:\n            exception_class = JavascriptException\n        elif status in ErrorCode.SESSION_NOT_CREATED:\n            exception_class = SessionNotCreatedException\n        elif status in ErrorCode.INVALID_ARGUMENT:\n            exception_class = InvalidArgumentException\n        elif status in ErrorCode.NO_SUCH_COOKIE:\n            exception_class = NoSuchCookieException\n        elif status in ErrorCode.UNABLE_TO_CAPTURE_SCREEN:\n            exception_class = ScreenshotException\n        elif status in ErrorCode.ELEMENT_CLICK_INTERCEPTED:\n            exception_class = ElementClickInterceptedException\n        elif status in ErrorCode.INSECURE_CERTIFICATE:\n            exception_class = InsecureCertificateException\n        elif status in ErrorCode.INVALID_COORDINATES:\n            exception_class = InvalidCoordinatesException\n        elif status in ErrorCode.INVALID_SESSION_ID:\n            exception_class = InvalidSessionIdException\n        elif status in ErrorCode.UNKNOWN_METHOD:\n            exception_class = UnknownMethodException\n        else:\n            exception_class = WebDriverException\n        if not value:\n            value = response[\"value\"]\n        if isinstance(value, str):\n            raise exception_class(value)\n        if message == \"\" and \"message\" in value:\n            message = value[\"message\"]\n    \n        screen = None  # type: ignore[assignment]\n        if \"screen\" in value:\n            screen = value[\"screen\"]\n    \n        stacktrace = None\n        st_value = value.get(\"stackTrace\") or value.get(\"stacktrace\")\n        if st_value:\n            if isinstance(st_value, str):\n                stacktrace = st_value.split(\"\\n\")\n            else:\n                stacktrace = []\n                try:\n                    for frame in st_value:\n                        line = frame.get(\"lineNumber\", \"\")\n                        file = frame.get(\"fileName\", \"<anonymous>\")\n                        if line:\n                            file = f\"{file}:{line}\"\n                        meth = frame.get(\"methodName\", \"<anonymous>\")\n                        if \"className\" in frame:\n                            meth = \"{}.{}\".format(frame[\"className\"], meth)\n                        msg = \"    at %s (%s)\"\n                        msg = msg % (meth, file)\n                        stacktrace.append(msg)\n                except TypeError:\n                    pass\n        if exception_class == UnexpectedAlertPresentException:\n            alert_text = None\n            if \"data\" in value:\n                alert_text = value[\"data\"].get(\"text\")\n            elif \"alert\" in value:\n                alert_text = value[\"alert\"].get(\"text\")\n            raise exception_class(message, screen, stacktrace, alert_text)  # type: ignore[call-arg]  # mypy is not smart enough here\n>       raise exception_class(message, screen, stacktrace)\nE       selenium.common.exceptions.WebDriverException: Message: unknown error: Chrome failed to start: exited abnormally.\nE         (unknown error: DevToolsActivePort file doesn't exist)\nE         (The process started from chrome location /usr/bin/google-chrome is no longer running, so ChromeDriver is assuming that Chrome has crashed.)\nE       Stacktrace:\nE       #0 0x5630e0d682a3 <unknown>\nE       #1 0x5630e0b26f77 <unknown>\nE       #2 0x5630e0b4f5f7 <unknown>\nE       #3 0x5630e0b4b7d0 <unknown>\nE       #4 0x5630e0b8c0b7 <unknown>\nE       #5 0x5630e0b8ba5f <unknown>\nE       #6 0x5630e0b83903 <unknown>\nE       #7 0x5630e0b56ece <unknown>\nE       #8 0x5630e0b57fde <unknown>\nE       #9 0x5630e0db863e <unknown>\nE       #10 0x5630e0dbbb79 <unknown>\nE       #11 0x5630e0d9e89e <unknown>\nE       #12 0x5630e0dbca83 <unknown>\nE       #13 0x5630e0d91505 <unknown>\nE       #14 0x5630e0dddca8 <unknown>\nE       #15 0x5630e0ddde36 <unknown>\nE       #16 0x5630e0df9333 <unknown>\nE       #17 0x7f0ff8e28b43 <unknown>\n\n/opt/hostedtoolcache/Python/3.11.0/x64/lib/python3.11/site-packages/selenium/webdriver/remote/errorhandler.py:249: WebDriverException","flaky":false,"newFailed":false,"newBroken":false,"newPassed":false,"retriesCount":5,"retriesStatusChange":false,"beforeStages":[{"name":"browser","time":{"start":1670700697429,"stop":1670700698204,"duration":775},"status":"broken","statusMessage":"selenium.common.exceptions.WebDriverException: Message: unknown error: Chrome failed to start: exited abnormally.\n  (unknown error: DevToolsActivePort file doesn't exist)\n  (The process started from chrome location /usr/bin/google-chrome is no longer running, so ChromeDriver is assuming that Chrome has crashed.)\nStacktrace:\n#0 0x5630e0d682a3 <unknown>\n#1 0x5630e0b26f77 <unknown>\n#2 0x5630e0b4f5f7 <unknown>\n#3 0x5630e0b4b7d0 <unknown>\n#4 0x5630e0b8c0b7 <unknown>\n#5 0x5630e0b8ba5f <unknown>\n#6 0x5630e0b83903 <unknown>\n#7 0x5630e0b56ece <unknown>\n#8 0x5630e0b57fde <unknown>\n#9 0x5630e0db863e <unknown>\n#10 0x5630e0dbbb79 <unknown>\n#11 0x5630e0d9e89e <unknown>\n#12 0x5630e0dbca83 <unknown>\n#13 0x5630e0d91505 <unknown>\n#14 0x5630e0dddca8 <unknown>\n#15 0x5630e0ddde36 <unknown>\n#16 0x5630e0df9333 <unknown>\n#17 0x7f0ff8e28b43 <unknown>\n\n","statusTrace":"  File \"/opt/hostedtoolcache/Python/3.11.0/x64/lib/python3.11/site-packages/pluggy/_callers.py\", line 39, in _multicall\n    res = hook_impl.function(*args)\n          ^^^^^^^^^^^^^^^^^^^^^^^^^\n  File \"/opt/hostedtoolcache/Python/3.11.0/x64/lib/python3.11/site-packages/_pytest/fixtures.py\", line 1128, in pytest_fixture_setup\n    result = call_fixture_func(fixturefunc, request, kwargs)\n             ^^^^^^^^^^^^^^^^^^^^^^^^^^^^^^^^^^^^^^^^^^^^^^^\n  File \"/opt/hostedtoolcache/Python/3.11.0/x64/lib/python3.11/site-packages/_pytest/fixtures.py\", line 900, in call_fixture_func\n    fixture_result = next(generator)\n                     ^^^^^^^^^^^^^^^\n  File \"/home/runner/work/fojin_site/fojin_site/conftest.py\", line 38, in browser\n    browser = webdriver.Chrome(service=ChromeService(ChromeDriverManager().install()), options=options)\n              ^^^^^^^^^^^^^^^^^^^^^^^^^^^^^^^^^^^^^^^^^^^^^^^^^^^^^^^^^^^^^^^^^^^^^^^^^^^^^^^^^^^^^^^^^\n  File \"/opt/hostedtoolcache/Python/3.11.0/x64/lib/python3.11/site-packages/selenium/webdriver/chrome/webdriver.py\", line 81, in __init__\n    super().__init__(\n  File \"/opt/hostedtoolcache/Python/3.11.0/x64/lib/python3.11/site-packages/selenium/webdriver/chromium/webdriver.py\", line 106, in __init__\n    super().__init__(\n  File \"/opt/hostedtoolcache/Python/3.11.0/x64/lib/python3.11/site-packages/selenium/webdriver/remote/webdriver.py\", line 288, in __init__\n    self.start_session(capabilities, browser_profile)\n  File \"/opt/hostedtoolcache/Python/3.11.0/x64/lib/python3.11/site-packages/selenium/webdriver/remote/webdriver.py\", line 381, in start_session\n    response = self.execute(Command.NEW_SESSION, parameters)\n               ^^^^^^^^^^^^^^^^^^^^^^^^^^^^^^^^^^^^^^^^^^^^^\n  File \"/opt/hostedtoolcache/Python/3.11.0/x64/lib/python3.11/site-packages/selenium/webdriver/remote/webdriver.py\", line 444, in execute\n    self.error_handler.check_response(response)\n  File \"/opt/hostedtoolcache/Python/3.11.0/x64/lib/python3.11/site-packages/selenium/webdriver/remote/errorhandler.py\", line 249, in check_response\n    raise exception_class(message, screen, stacktrace)\n","steps":[],"attachments":[],"parameters":[],"stepsCount":0,"attachmentsCount":0,"shouldDisplayMessage":true,"hasContent":true}],"afterStages":[],"labels":[{"name":"feature","value":"User can go to all top links"},{"name":"parentSuite","value":"ui_tests"},{"name":"suite","value":"test_main_page"},{"name":"subSuite","value":"TestMainPage"},{"name":"host","value":"fv-az405-431"},{"name":"thread","value":"3035-MainThread"},{"name":"framework","value":"pytest"},{"name":"language","value":"cpython3"},{"name":"package","value":"ui_tests.test_main_page"},{"name":"resultFormat","value":"allure2"}],"parameters":[{"name":"browser","value":"'chrome'"},{"name":"endpoint","value":"''"},{"name":"locator","value":"('css selector', 'a.sc-a0f0d973-0:nth-child(3)')"}],"links":[],"hidden":false,"retry":false,"extra":{"severity":"normal","retries":[{"uid":"5de170d2ea413c10","status":"broken","statusDetails":"selenium.common.exceptions.WebDriverException: Message: unknown error: Chrome failed to start: exited abnormally.\n  (unknown error: DevToolsActivePort file doesn't exist)\n  (The process started from chrome location /usr/bin/google-chrome is no longer running, so ChromeDriver is assuming that Chrome has crashed.)\nStacktrace:\n#0 0x561a967da2a3 <unknown>\n#1 0x561a96598f77 <unknown>\n#2 0x561a965c15f7 <unknown>\n#3 0x561a965bd7d0 <unknown>\n#4 0x561a965fe0b7 <unknown>\n#5 0x561a965fda5f <unknown>\n#6 0x561a965f5903 <unknown>\n#7 0x561a965c8ece <unknown>\n#8 0x561a965c9fde <unknown>\n#9 0x561a9682a63e <unknown>\n#10 0x561a9682db79 <unknown>\n#11 0x561a9681089e <unknown>\n#12 0x561a9682ea83 <unknown>\n#13 0x561a96803505 <unknown>\n#14 0x561a9684fca8 <unknown>\n#15 0x561a9684fe36 <unknown>\n#16 0x561a9686b333 <unknown>\n#17 0x7f7f63b3cb43 <unknown>","time":{"start":1670700696616,"stop":1670700696616,"duration":0}},{"uid":"6ddb3fad326838b4","status":"broken","statusDetails":"selenium.common.exceptions.WebDriverException: Message: unknown error: Chrome failed to start: exited abnormally.\n  (unknown error: DevToolsActivePort file doesn't exist)\n  (The process started from chrome location /usr/bin/google-chrome is no longer running, so ChromeDriver is assuming that Chrome has crashed.)\nStacktrace:\n#0 0x56494b8a02a3 <unknown>\n#1 0x56494b65ef77 <unknown>\n#2 0x56494b6875f7 <unknown>\n#3 0x56494b6837d0 <unknown>\n#4 0x56494b6c40b7 <unknown>\n#5 0x56494b6c3a5f <unknown>\n#6 0x56494b6bb903 <unknown>\n#7 0x56494b68eece <unknown>\n#8 0x56494b68ffde <unknown>\n#9 0x56494b8f063e <unknown>\n#10 0x56494b8f3b79 <unknown>\n#11 0x56494b8d689e <unknown>\n#12 0x56494b8f4a83 <unknown>\n#13 0x56494b8c9505 <unknown>\n#14 0x56494b915ca8 <unknown>\n#15 0x56494b915e36 <unknown>\n#16 0x56494b931333 <unknown>\n#17 0x7fed01aabb43 <unknown>","time":{"start":1670700695805,"stop":1670700695805,"duration":0}},{"uid":"6627d4e21fadf60f","status":"broken","statusDetails":"selenium.common.exceptions.WebDriverException: Message: unknown error: Chrome failed to start: exited abnormally.\n  (unknown error: DevToolsActivePort file doesn't exist)\n  (The process started from chrome location /usr/bin/google-chrome is no longer running, so ChromeDriver is assuming that Chrome has crashed.)\nStacktrace:\n#0 0x55cbe0a062a3 <unknown>\n#1 0x55cbe07c4f77 <unknown>\n#2 0x55cbe07ed5f7 <unknown>\n#3 0x55cbe07e97d0 <unknown>\n#4 0x55cbe082a0b7 <unknown>\n#5 0x55cbe0829a5f <unknown>\n#6 0x55cbe0821903 <unknown>\n#7 0x55cbe07f4ece <unknown>\n#8 0x55cbe07f5fde <unknown>\n#9 0x55cbe0a5663e <unknown>\n#10 0x55cbe0a59b79 <unknown>\n#11 0x55cbe0a3c89e <unknown>\n#12 0x55cbe0a5aa83 <unknown>\n#13 0x55cbe0a2f505 <unknown>\n#14 0x55cbe0a7bca8 <unknown>\n#15 0x55cbe0a7be36 <unknown>\n#16 0x55cbe0a97333 <unknown>\n#17 0x7fd2167fab43 <unknown>","time":{"start":1670700694990,"stop":1670700694990,"duration":0}},{"uid":"84012cb217ff82f7","status":"broken","statusDetails":"selenium.common.exceptions.WebDriverException: Message: unknown error: Chrome failed to start: exited abnormally.\n  (unknown error: DevToolsActivePort file doesn't exist)\n  (The process started from chrome location /usr/bin/google-chrome is no longer running, so ChromeDriver is assuming that Chrome has crashed.)\nStacktrace:\n#0 0x561c931042a3 <unknown>\n#1 0x561c92ec2f77 <unknown>\n#2 0x561c92eeb5f7 <unknown>\n#3 0x561c92ee77d0 <unknown>\n#4 0x561c92f280b7 <unknown>\n#5 0x561c92f27a5f <unknown>\n#6 0x561c92f1f903 <unknown>\n#7 0x561c92ef2ece <unknown>\n#8 0x561c92ef3fde <unknown>\n#9 0x561c9315463e <unknown>\n#10 0x561c93157b79 <unknown>\n#11 0x561c9313a89e <unknown>\n#12 0x561c93158a83 <unknown>\n#13 0x561c9312d505 <unknown>\n#14 0x561c93179ca8 <unknown>\n#15 0x561c93179e36 <unknown>\n#16 0x561c93195333 <unknown>\n#17 0x7f8ba512db43 <unknown>","time":{"start":1670700694178,"stop":1670700694178,"duration":0}},{"uid":"aa08d36164b3b322","status":"broken","statusDetails":"selenium.common.exceptions.WebDriverException: Message: unknown error: Chrome failed to start: exited abnormally.\n  (unknown error: DevToolsActivePort file doesn't exist)\n  (The process started from chrome location /usr/bin/google-chrome is no longer running, so ChromeDriver is assuming that Chrome has crashed.)\nStacktrace:\n#0 0x55636616f2a3 <unknown>\n#1 0x556365f2df77 <unknown>\n#2 0x556365f565f7 <unknown>\n#3 0x556365f527d0 <unknown>\n#4 0x556365f930b7 <unknown>\n#5 0x556365f92a5f <unknown>\n#6 0x556365f8a903 <unknown>\n#7 0x556365f5dece <unknown>\n#8 0x556365f5efde <unknown>\n#9 0x5563661bf63e <unknown>\n#10 0x5563661c2b79 <unknown>\n#11 0x5563661a589e <unknown>\n#12 0x5563661c3a83 <unknown>\n#13 0x556366198505 <unknown>\n#14 0x5563661e4ca8 <unknown>\n#15 0x5563661e4e36 <unknown>\n#16 0x556366200333 <unknown>\n#17 0x7f84084c1b43 <unknown>","time":{"start":1670700693364,"stop":1670700693364,"duration":0}}],"categories":[{"name":"Test defects","matchedStatuses":[],"flaky":false}],"tags":[]},"source":"434ec882f2245106.json","parameterValues":["'chrome'","''","('css selector', 'a.sc-a0f0d973-0:nth-child(3)')"]}