{"uid":"6677d9ff7f987da2","name":"test_bottom_elements_are_active[chrome-policy-locator0]","fullName":"ui_tests.test_main_page.TestMainPage#test_bottom_elements_are_active","historyId":"b4556d71dc8635bb499aca990dabcf87","time":{"start":1670700719687,"stop":1670700719687,"duration":0},"description":"\n        user can go to all bottom links from the main page\n        ","descriptionHtml":"<pre><code>    user can go to all bottom links from the main page\n</code></pre>\n","status":"broken","statusMessage":"selenium.common.exceptions.WebDriverException: Message: unknown error: Chrome failed to start: exited abnormally.\n  (unknown error: DevToolsActivePort file doesn't exist)\n  (The process started from chrome location /usr/bin/google-chrome is no longer running, so ChromeDriver is assuming that Chrome has crashed.)\nStacktrace:\n#0 0x5627648b22a3 <unknown>\n#1 0x562764670f77 <unknown>\n#2 0x5627646995f7 <unknown>\n#3 0x5627646957d0 <unknown>\n#4 0x5627646d60b7 <unknown>\n#5 0x5627646d5a5f <unknown>\n#6 0x5627646cd903 <unknown>\n#7 0x5627646a0ece <unknown>\n#8 0x5627646a1fde <unknown>\n#9 0x56276490263e <unknown>\n#10 0x562764905b79 <unknown>\n#11 0x5627648e889e <unknown>\n#12 0x562764906a83 <unknown>\n#13 0x5627648db505 <unknown>\n#14 0x562764927ca8 <unknown>\n#15 0x562764927e36 <unknown>\n#16 0x562764943333 <unknown>\n#17 0x7fe5cefc4b43 <unknown>","statusTrace":"request = <SubRequest 'browser' for <Function test_bottom_elements_are_active[chrome-policy-locator0]>>\n\n    @pytest.fixture(params=[\"chrome\", \"firefox\"])\n    def browser(request):\n        \"\"\"\n        the fixture downloads the latest driver and creates the browser instance with passed options\n        \"\"\"\n        headless = False  # changes the headless parameter for all browsers\n        match request.param:\n            case \"chrome\":\n                options = webdriver.ChromeOptions()\n                options.headless = headless\n                options.add_argument('--no-sandbox')\n                options.add_argument(\"--disable-dev-shm-usage\")\n>               browser = webdriver.Chrome(service=ChromeService(ChromeDriverManager().install()), options=options)\n\nconftest.py:38: \n_ _ _ _ _ _ _ _ _ _ _ _ _ _ _ _ _ _ _ _ _ _ _ _ _ _ _ _ _ _ _ _ _ _ _ _ _ _ _ _ \n/opt/hostedtoolcache/Python/3.11.0/x64/lib/python3.11/site-packages/selenium/webdriver/chrome/webdriver.py:81: in __init__\n    super().__init__(\n/opt/hostedtoolcache/Python/3.11.0/x64/lib/python3.11/site-packages/selenium/webdriver/chromium/webdriver.py:106: in __init__\n    super().__init__(\n/opt/hostedtoolcache/Python/3.11.0/x64/lib/python3.11/site-packages/selenium/webdriver/remote/webdriver.py:288: in __init__\n    self.start_session(capabilities, browser_profile)\n/opt/hostedtoolcache/Python/3.11.0/x64/lib/python3.11/site-packages/selenium/webdriver/remote/webdriver.py:381: in start_session\n    response = self.execute(Command.NEW_SESSION, parameters)\n/opt/hostedtoolcache/Python/3.11.0/x64/lib/python3.11/site-packages/selenium/webdriver/remote/webdriver.py:444: in execute\n    self.error_handler.check_response(response)\n_ _ _ _ _ _ _ _ _ _ _ _ _ _ _ _ _ _ _ _ _ _ _ _ _ _ _ _ _ _ _ _ _ _ _ _ _ _ _ _ \n\nself = <selenium.webdriver.remote.errorhandler.ErrorHandler object at 0x7fa6f232f190>\nresponse = {'status': 500, 'value': '{\"value\":{\"error\":\"unknown error\",\"message\":\"unknown error: Chrome failed to start: exited a...\\\\n#15 0x562764927e36 \\\\u003Cunknown>\\\\n#16 0x562764943333 \\\\u003Cunknown>\\\\n#17 0x7fe5cefc4b43 \\\\u003Cunknown>\\\\n\"}}'}\n\n    def check_response(self, response: Dict[str, Any]) -> None:\n        \"\"\"\n        Checks that a JSON response from the WebDriver does not have an error.\n    \n        :Args:\n         - response - The JSON response from the WebDriver server as a dictionary\n           object.\n    \n        :Raises: If the response contains an error message.\n        \"\"\"\n        status = response.get(\"status\", None)\n        if not status or status == ErrorCode.SUCCESS:\n            return\n        value = None\n        message = response.get(\"message\", \"\")\n        screen: str = response.get(\"screen\", \"\")\n        stacktrace = None\n        if isinstance(status, int):\n            value_json = response.get(\"value\", None)\n            if value_json and isinstance(value_json, str):\n                import json\n    \n                try:\n                    value = json.loads(value_json)\n                    if len(value.keys()) == 1:\n                        value = value[\"value\"]\n                    status = value.get(\"error\", None)\n                    if not status:\n                        status = value.get(\"status\", ErrorCode.UNKNOWN_ERROR)\n                        message = value.get(\"value\") or value.get(\"message\")\n                        if not isinstance(message, str):\n                            value = message\n                            message = message.get(\"message\")\n                    else:\n                        message = value.get(\"message\", None)\n                except ValueError:\n                    pass\n    \n        exception_class: Type[WebDriverException]\n        if status in ErrorCode.NO_SUCH_ELEMENT:\n            exception_class = NoSuchElementException\n        elif status in ErrorCode.NO_SUCH_FRAME:\n            exception_class = NoSuchFrameException\n        elif status in ErrorCode.NO_SUCH_SHADOW_ROOT:\n            exception_class = NoSuchShadowRootException\n        elif status in ErrorCode.NO_SUCH_WINDOW:\n            exception_class = NoSuchWindowException\n        elif status in ErrorCode.STALE_ELEMENT_REFERENCE:\n            exception_class = StaleElementReferenceException\n        elif status in ErrorCode.ELEMENT_NOT_VISIBLE:\n            exception_class = ElementNotVisibleException\n        elif status in ErrorCode.INVALID_ELEMENT_STATE:\n            exception_class = InvalidElementStateException\n        elif (\n            status in ErrorCode.INVALID_SELECTOR\n            or status in ErrorCode.INVALID_XPATH_SELECTOR\n            or status in ErrorCode.INVALID_XPATH_SELECTOR_RETURN_TYPER\n        ):\n            exception_class = InvalidSelectorException\n        elif status in ErrorCode.ELEMENT_IS_NOT_SELECTABLE:\n            exception_class = ElementNotSelectableException\n        elif status in ErrorCode.ELEMENT_NOT_INTERACTABLE:\n            exception_class = ElementNotInteractableException\n        elif status in ErrorCode.INVALID_COOKIE_DOMAIN:\n            exception_class = InvalidCookieDomainException\n        elif status in ErrorCode.UNABLE_TO_SET_COOKIE:\n            exception_class = UnableToSetCookieException\n        elif status in ErrorCode.TIMEOUT:\n            exception_class = TimeoutException\n        elif status in ErrorCode.SCRIPT_TIMEOUT:\n            exception_class = TimeoutException\n        elif status in ErrorCode.UNKNOWN_ERROR:\n            exception_class = WebDriverException\n        elif status in ErrorCode.UNEXPECTED_ALERT_OPEN:\n            exception_class = UnexpectedAlertPresentException\n        elif status in ErrorCode.NO_ALERT_OPEN:\n            exception_class = NoAlertPresentException\n        elif status in ErrorCode.IME_NOT_AVAILABLE:\n            exception_class = ImeNotAvailableException\n        elif status in ErrorCode.IME_ENGINE_ACTIVATION_FAILED:\n            exception_class = ImeActivationFailedException\n        elif status in ErrorCode.MOVE_TARGET_OUT_OF_BOUNDS:\n            exception_class = MoveTargetOutOfBoundsException\n        elif status in ErrorCode.JAVASCRIPT_ERROR:\n            exception_class = JavascriptException\n        elif status in ErrorCode.SESSION_NOT_CREATED:\n            exception_class = SessionNotCreatedException\n        elif status in ErrorCode.INVALID_ARGUMENT:\n            exception_class = InvalidArgumentException\n        elif status in ErrorCode.NO_SUCH_COOKIE:\n            exception_class = NoSuchCookieException\n        elif status in ErrorCode.UNABLE_TO_CAPTURE_SCREEN:\n            exception_class = ScreenshotException\n        elif status in ErrorCode.ELEMENT_CLICK_INTERCEPTED:\n            exception_class = ElementClickInterceptedException\n        elif status in ErrorCode.INSECURE_CERTIFICATE:\n            exception_class = InsecureCertificateException\n        elif status in ErrorCode.INVALID_COORDINATES:\n            exception_class = InvalidCoordinatesException\n        elif status in ErrorCode.INVALID_SESSION_ID:\n            exception_class = InvalidSessionIdException\n        elif status in ErrorCode.UNKNOWN_METHOD:\n            exception_class = UnknownMethodException\n        else:\n            exception_class = WebDriverException\n        if not value:\n            value = response[\"value\"]\n        if isinstance(value, str):\n            raise exception_class(value)\n        if message == \"\" and \"message\" in value:\n            message = value[\"message\"]\n    \n        screen = None  # type: ignore[assignment]\n        if \"screen\" in value:\n            screen = value[\"screen\"]\n    \n        stacktrace = None\n        st_value = value.get(\"stackTrace\") or value.get(\"stacktrace\")\n        if st_value:\n            if isinstance(st_value, str):\n                stacktrace = st_value.split(\"\\n\")\n            else:\n                stacktrace = []\n                try:\n                    for frame in st_value:\n                        line = frame.get(\"lineNumber\", \"\")\n                        file = frame.get(\"fileName\", \"<anonymous>\")\n                        if line:\n                            file = f\"{file}:{line}\"\n                        meth = frame.get(\"methodName\", \"<anonymous>\")\n                        if \"className\" in frame:\n                            meth = \"{}.{}\".format(frame[\"className\"], meth)\n                        msg = \"    at %s (%s)\"\n                        msg = msg % (meth, file)\n                        stacktrace.append(msg)\n                except TypeError:\n                    pass\n        if exception_class == UnexpectedAlertPresentException:\n            alert_text = None\n            if \"data\" in value:\n                alert_text = value[\"data\"].get(\"text\")\n            elif \"alert\" in value:\n                alert_text = value[\"alert\"].get(\"text\")\n            raise exception_class(message, screen, stacktrace, alert_text)  # type: ignore[call-arg]  # mypy is not smart enough here\n>       raise exception_class(message, screen, stacktrace)\nE       selenium.common.exceptions.WebDriverException: Message: unknown error: Chrome failed to start: exited abnormally.\nE         (unknown error: DevToolsActivePort file doesn't exist)\nE         (The process started from chrome location /usr/bin/google-chrome is no longer running, so ChromeDriver is assuming that Chrome has crashed.)\nE       Stacktrace:\nE       #0 0x5627648b22a3 <unknown>\nE       #1 0x562764670f77 <unknown>\nE       #2 0x5627646995f7 <unknown>\nE       #3 0x5627646957d0 <unknown>\nE       #4 0x5627646d60b7 <unknown>\nE       #5 0x5627646d5a5f <unknown>\nE       #6 0x5627646cd903 <unknown>\nE       #7 0x5627646a0ece <unknown>\nE       #8 0x5627646a1fde <unknown>\nE       #9 0x56276490263e <unknown>\nE       #10 0x562764905b79 <unknown>\nE       #11 0x5627648e889e <unknown>\nE       #12 0x562764906a83 <unknown>\nE       #13 0x5627648db505 <unknown>\nE       #14 0x562764927ca8 <unknown>\nE       #15 0x562764927e36 <unknown>\nE       #16 0x562764943333 <unknown>\nE       #17 0x7fe5cefc4b43 <unknown>\n\n/opt/hostedtoolcache/Python/3.11.0/x64/lib/python3.11/site-packages/selenium/webdriver/remote/errorhandler.py:249: WebDriverException","flaky":false,"newFailed":false,"newBroken":false,"newPassed":false,"retriesCount":5,"retriesStatusChange":false,"beforeStages":[{"name":"browser","time":{"start":1670700719688,"stop":1670700720459,"duration":771},"status":"broken","statusMessage":"selenium.common.exceptions.WebDriverException: Message: unknown error: Chrome failed to start: exited abnormally.\n  (unknown error: DevToolsActivePort file doesn't exist)\n  (The process started from chrome location /usr/bin/google-chrome is no longer running, so ChromeDriver is assuming that Chrome has crashed.)\nStacktrace:\n#0 0x5627648b22a3 <unknown>\n#1 0x562764670f77 <unknown>\n#2 0x5627646995f7 <unknown>\n#3 0x5627646957d0 <unknown>\n#4 0x5627646d60b7 <unknown>\n#5 0x5627646d5a5f <unknown>\n#6 0x5627646cd903 <unknown>\n#7 0x5627646a0ece <unknown>\n#8 0x5627646a1fde <unknown>\n#9 0x56276490263e <unknown>\n#10 0x562764905b79 <unknown>\n#11 0x5627648e889e <unknown>\n#12 0x562764906a83 <unknown>\n#13 0x5627648db505 <unknown>\n#14 0x562764927ca8 <unknown>\n#15 0x562764927e36 <unknown>\n#16 0x562764943333 <unknown>\n#17 0x7fe5cefc4b43 <unknown>\n\n","statusTrace":"  File \"/opt/hostedtoolcache/Python/3.11.0/x64/lib/python3.11/site-packages/pluggy/_callers.py\", line 39, in _multicall\n    res = hook_impl.function(*args)\n          ^^^^^^^^^^^^^^^^^^^^^^^^^\n  File \"/opt/hostedtoolcache/Python/3.11.0/x64/lib/python3.11/site-packages/_pytest/fixtures.py\", line 1128, in pytest_fixture_setup\n    result = call_fixture_func(fixturefunc, request, kwargs)\n             ^^^^^^^^^^^^^^^^^^^^^^^^^^^^^^^^^^^^^^^^^^^^^^^\n  File \"/opt/hostedtoolcache/Python/3.11.0/x64/lib/python3.11/site-packages/_pytest/fixtures.py\", line 900, in call_fixture_func\n    fixture_result = next(generator)\n                     ^^^^^^^^^^^^^^^\n  File \"/home/runner/work/fojin_site/fojin_site/conftest.py\", line 38, in browser\n    browser = webdriver.Chrome(service=ChromeService(ChromeDriverManager().install()), options=options)\n              ^^^^^^^^^^^^^^^^^^^^^^^^^^^^^^^^^^^^^^^^^^^^^^^^^^^^^^^^^^^^^^^^^^^^^^^^^^^^^^^^^^^^^^^^^\n  File \"/opt/hostedtoolcache/Python/3.11.0/x64/lib/python3.11/site-packages/selenium/webdriver/chrome/webdriver.py\", line 81, in __init__\n    super().__init__(\n  File \"/opt/hostedtoolcache/Python/3.11.0/x64/lib/python3.11/site-packages/selenium/webdriver/chromium/webdriver.py\", line 106, in __init__\n    super().__init__(\n  File \"/opt/hostedtoolcache/Python/3.11.0/x64/lib/python3.11/site-packages/selenium/webdriver/remote/webdriver.py\", line 288, in __init__\n    self.start_session(capabilities, browser_profile)\n  File \"/opt/hostedtoolcache/Python/3.11.0/x64/lib/python3.11/site-packages/selenium/webdriver/remote/webdriver.py\", line 381, in start_session\n    response = self.execute(Command.NEW_SESSION, parameters)\n               ^^^^^^^^^^^^^^^^^^^^^^^^^^^^^^^^^^^^^^^^^^^^^\n  File \"/opt/hostedtoolcache/Python/3.11.0/x64/lib/python3.11/site-packages/selenium/webdriver/remote/webdriver.py\", line 444, in execute\n    self.error_handler.check_response(response)\n  File \"/opt/hostedtoolcache/Python/3.11.0/x64/lib/python3.11/site-packages/selenium/webdriver/remote/errorhandler.py\", line 249, in check_response\n    raise exception_class(message, screen, stacktrace)\n","steps":[],"attachments":[],"parameters":[],"stepsCount":0,"attachmentsCount":0,"shouldDisplayMessage":true,"hasContent":true}],"afterStages":[],"labels":[{"name":"feature","value":"User can go to the policy page and to the social page links"},{"name":"parentSuite","value":"ui_tests"},{"name":"suite","value":"test_main_page"},{"name":"subSuite","value":"TestMainPage"},{"name":"host","value":"fv-az405-431"},{"name":"thread","value":"3038-MainThread"},{"name":"framework","value":"pytest"},{"name":"language","value":"cpython3"},{"name":"package","value":"ui_tests.test_main_page"},{"name":"resultFormat","value":"allure2"}],"parameters":[{"name":"browser","value":"'chrome'"},{"name":"element","value":"'policy'"},{"name":"locator","value":"('css selector', '.sc-63050886-5')"}],"links":[],"hidden":false,"retry":false,"extra":{"severity":"normal","retries":[{"uid":"48f909594b858520","status":"broken","statusDetails":"selenium.common.exceptions.WebDriverException: Message: unknown error: Chrome failed to start: exited abnormally.\n  (unknown error: DevToolsActivePort file doesn't exist)\n  (The process started from chrome location /usr/bin/google-chrome is no longer running, so ChromeDriver is assuming that Chrome has crashed.)\nStacktrace:\n#0 0x556a1f3892a3 <unknown>\n#1 0x556a1f147f77 <unknown>\n#2 0x556a1f1705f7 <unknown>\n#3 0x556a1f16c7d0 <unknown>\n#4 0x556a1f1ad0b7 <unknown>\n#5 0x556a1f1aca5f <unknown>\n#6 0x556a1f1a4903 <unknown>\n#7 0x556a1f177ece <unknown>\n#8 0x556a1f178fde <unknown>\n#9 0x556a1f3d963e <unknown>\n#10 0x556a1f3dcb79 <unknown>\n#11 0x556a1f3bf89e <unknown>\n#12 0x556a1f3dda83 <unknown>\n#13 0x556a1f3b2505 <unknown>\n#14 0x556a1f3feca8 <unknown>\n#15 0x556a1f3fee36 <unknown>\n#16 0x556a1f41a333 <unknown>\n#17 0x7f6de75fbb43 <unknown>","time":{"start":1670700718874,"stop":1670700718874,"duration":0}},{"uid":"8f846d60ba9ffe4c","status":"broken","statusDetails":"selenium.common.exceptions.WebDriverException: Message: unknown error: Chrome failed to start: exited abnormally.\n  (unknown error: DevToolsActivePort file doesn't exist)\n  (The process started from chrome location /usr/bin/google-chrome is no longer running, so ChromeDriver is assuming that Chrome has crashed.)\nStacktrace:\n#0 0x5590c21322a3 <unknown>\n#1 0x5590c1ef0f77 <unknown>\n#2 0x5590c1f195f7 <unknown>\n#3 0x5590c1f157d0 <unknown>\n#4 0x5590c1f560b7 <unknown>\n#5 0x5590c1f55a5f <unknown>\n#6 0x5590c1f4d903 <unknown>\n#7 0x5590c1f20ece <unknown>\n#8 0x5590c1f21fde <unknown>\n#9 0x5590c218263e <unknown>\n#10 0x5590c2185b79 <unknown>\n#11 0x5590c216889e <unknown>\n#12 0x5590c2186a83 <unknown>\n#13 0x5590c215b505 <unknown>\n#14 0x5590c21a7ca8 <unknown>\n#15 0x5590c21a7e36 <unknown>\n#16 0x5590c21c3333 <unknown>\n#17 0x7fe93b1f7b43 <unknown>","time":{"start":1670700718060,"stop":1670700718060,"duration":0}},{"uid":"1736148fae1ccbb6","status":"broken","statusDetails":"selenium.common.exceptions.WebDriverException: Message: unknown error: Chrome failed to start: exited abnormally.\n  (unknown error: DevToolsActivePort file doesn't exist)\n  (The process started from chrome location /usr/bin/google-chrome is no longer running, so ChromeDriver is assuming that Chrome has crashed.)\nStacktrace:\n#0 0x5589837e12a3 <unknown>\n#1 0x55898359ff77 <unknown>\n#2 0x5589835c85f7 <unknown>\n#3 0x5589835c47d0 <unknown>\n#4 0x5589836050b7 <unknown>\n#5 0x558983604a5f <unknown>\n#6 0x5589835fc903 <unknown>\n#7 0x5589835cfece <unknown>\n#8 0x5589835d0fde <unknown>\n#9 0x55898383163e <unknown>\n#10 0x558983834b79 <unknown>\n#11 0x55898381789e <unknown>\n#12 0x558983835a83 <unknown>\n#13 0x55898380a505 <unknown>\n#14 0x558983856ca8 <unknown>\n#15 0x558983856e36 <unknown>\n#16 0x558983872333 <unknown>\n#17 0x7f823cd16b43 <unknown>","time":{"start":1670700717247,"stop":1670700717247,"duration":0}},{"uid":"c3289a95ce5425a6","status":"broken","statusDetails":"selenium.common.exceptions.WebDriverException: Message: unknown error: Chrome failed to start: exited abnormally.\n  (unknown error: DevToolsActivePort file doesn't exist)\n  (The process started from chrome location /usr/bin/google-chrome is no longer running, so ChromeDriver is assuming that Chrome has crashed.)\nStacktrace:\n#0 0x55ddfb73c2a3 <unknown>\n#1 0x55ddfb4faf77 <unknown>\n#2 0x55ddfb5235f7 <unknown>\n#3 0x55ddfb51f7d0 <unknown>\n#4 0x55ddfb5600b7 <unknown>\n#5 0x55ddfb55fa5f <unknown>\n#6 0x55ddfb557903 <unknown>\n#7 0x55ddfb52aece <unknown>\n#8 0x55ddfb52bfde <unknown>\n#9 0x55ddfb78c63e <unknown>\n#10 0x55ddfb78fb79 <unknown>\n#11 0x55ddfb77289e <unknown>\n#12 0x55ddfb790a83 <unknown>\n#13 0x55ddfb765505 <unknown>\n#14 0x55ddfb7b1ca8 <unknown>\n#15 0x55ddfb7b1e36 <unknown>\n#16 0x55ddfb7cd333 <unknown>\n#17 0x7f969fcfdb43 <unknown>","time":{"start":1670700716410,"stop":1670700716410,"duration":0}},{"uid":"8a9ba9cf36b053c4","status":"broken","statusDetails":"selenium.common.exceptions.WebDriverException: Message: unknown error: Chrome failed to start: exited abnormally.\n  (unknown error: DevToolsActivePort file doesn't exist)\n  (The process started from chrome location /usr/bin/google-chrome is no longer running, so ChromeDriver is assuming that Chrome has crashed.)\nStacktrace:\n#0 0x557346d472a3 <unknown>\n#1 0x557346b05f77 <unknown>\n#2 0x557346b2e5f7 <unknown>\n#3 0x557346b2a7d0 <unknown>\n#4 0x557346b6b0b7 <unknown>\n#5 0x557346b6aa5f <unknown>\n#6 0x557346b62903 <unknown>\n#7 0x557346b35ece <unknown>\n#8 0x557346b36fde <unknown>\n#9 0x557346d9763e <unknown>\n#10 0x557346d9ab79 <unknown>\n#11 0x557346d7d89e <unknown>\n#12 0x557346d9ba83 <unknown>\n#13 0x557346d70505 <unknown>\n#14 0x557346dbcca8 <unknown>\n#15 0x557346dbce36 <unknown>\n#16 0x557346dd8333 <unknown>\n#17 0x7fdcbbafeb43 <unknown>","time":{"start":1670700715594,"stop":1670700715594,"duration":0}}],"categories":[{"name":"Test defects","matchedStatuses":[],"flaky":false}],"tags":[]},"source":"6677d9ff7f987da2.json","parameterValues":["'chrome'","'policy'","('css selector', '.sc-63050886-5')"]}