{"uid":"677496dc9a0e92f3","name":"test_link_names[chrome--locator0]","fullName":"ui_tests.test_main_page.TestMainPage#test_link_names","historyId":"dc0f5ae364310d6f7092d4bb83b70808","time":{"start":1670700692085,"stop":1670700692085,"duration":0},"description":"\n        user can go to all top links from the main page\n        ","descriptionHtml":"<pre><code>    user can go to all top links from the main page\n</code></pre>\n","status":"broken","statusMessage":"selenium.common.exceptions.WebDriverException: Message: unknown error: Chrome failed to start: exited abnormally.\n  (unknown error: DevToolsActivePort file doesn't exist)\n  (The process started from chrome location /usr/bin/google-chrome is no longer running, so ChromeDriver is assuming that Chrome has crashed.)\nStacktrace:\n#0 0x561ac04ee2a3 <unknown>\n#1 0x561ac02acf77 <unknown>\n#2 0x561ac02d55f7 <unknown>\n#3 0x561ac02d17d0 <unknown>\n#4 0x561ac03120b7 <unknown>\n#5 0x561ac0311a5f <unknown>\n#6 0x561ac0309903 <unknown>\n#7 0x561ac02dcece <unknown>\n#8 0x561ac02ddfde <unknown>\n#9 0x561ac053e63e <unknown>\n#10 0x561ac0541b79 <unknown>\n#11 0x561ac052489e <unknown>\n#12 0x561ac0542a83 <unknown>\n#13 0x561ac0517505 <unknown>\n#14 0x561ac0563ca8 <unknown>\n#15 0x561ac0563e36 <unknown>\n#16 0x561ac057f333 <unknown>\n#17 0x7f03d40b2b43 <unknown>","statusTrace":"request = <SubRequest 'browser' for <Function test_link_names[chrome--locator0]>>\n\n    @pytest.fixture(params=[\"chrome\", \"firefox\"])\n    def browser(request):\n        \"\"\"\n        the fixture downloads the latest driver and creates the browser instance with passed options\n        \"\"\"\n        headless = False  # changes the headless parameter for all browsers\n        match request.param:\n            case \"chrome\":\n                options = webdriver.ChromeOptions()\n                options.headless = headless\n                options.add_argument('--no-sandbox')\n                options.add_argument(\"--disable-dev-shm-usage\")\n>               browser = webdriver.Chrome(service=ChromeService(ChromeDriverManager().install()), options=options)\n\nconftest.py:38: \n_ _ _ _ _ _ _ _ _ _ _ _ _ _ _ _ _ _ _ _ _ _ _ _ _ _ _ _ _ _ _ _ _ _ _ _ _ _ _ _ \n/opt/hostedtoolcache/Python/3.11.0/x64/lib/python3.11/site-packages/selenium/webdriver/chrome/webdriver.py:81: in __init__\n    super().__init__(\n/opt/hostedtoolcache/Python/3.11.0/x64/lib/python3.11/site-packages/selenium/webdriver/chromium/webdriver.py:106: in __init__\n    super().__init__(\n/opt/hostedtoolcache/Python/3.11.0/x64/lib/python3.11/site-packages/selenium/webdriver/remote/webdriver.py:288: in __init__\n    self.start_session(capabilities, browser_profile)\n/opt/hostedtoolcache/Python/3.11.0/x64/lib/python3.11/site-packages/selenium/webdriver/remote/webdriver.py:381: in start_session\n    response = self.execute(Command.NEW_SESSION, parameters)\n/opt/hostedtoolcache/Python/3.11.0/x64/lib/python3.11/site-packages/selenium/webdriver/remote/webdriver.py:444: in execute\n    self.error_handler.check_response(response)\n_ _ _ _ _ _ _ _ _ _ _ _ _ _ _ _ _ _ _ _ _ _ _ _ _ _ _ _ _ _ _ _ _ _ _ _ _ _ _ _ \n\nself = <selenium.webdriver.remote.errorhandler.ErrorHandler object at 0x7fa6f2098fd0>\nresponse = {'status': 500, 'value': '{\"value\":{\"error\":\"unknown error\",\"message\":\"unknown error: Chrome failed to start: exited a...\\\\n#15 0x561ac0563e36 \\\\u003Cunknown>\\\\n#16 0x561ac057f333 \\\\u003Cunknown>\\\\n#17 0x7f03d40b2b43 \\\\u003Cunknown>\\\\n\"}}'}\n\n    def check_response(self, response: Dict[str, Any]) -> None:\n        \"\"\"\n        Checks that a JSON response from the WebDriver does not have an error.\n    \n        :Args:\n         - response - The JSON response from the WebDriver server as a dictionary\n           object.\n    \n        :Raises: If the response contains an error message.\n        \"\"\"\n        status = response.get(\"status\", None)\n        if not status or status == ErrorCode.SUCCESS:\n            return\n        value = None\n        message = response.get(\"message\", \"\")\n        screen: str = response.get(\"screen\", \"\")\n        stacktrace = None\n        if isinstance(status, int):\n            value_json = response.get(\"value\", None)\n            if value_json and isinstance(value_json, str):\n                import json\n    \n                try:\n                    value = json.loads(value_json)\n                    if len(value.keys()) == 1:\n                        value = value[\"value\"]\n                    status = value.get(\"error\", None)\n                    if not status:\n                        status = value.get(\"status\", ErrorCode.UNKNOWN_ERROR)\n                        message = value.get(\"value\") or value.get(\"message\")\n                        if not isinstance(message, str):\n                            value = message\n                            message = message.get(\"message\")\n                    else:\n                        message = value.get(\"message\", None)\n                except ValueError:\n                    pass\n    \n        exception_class: Type[WebDriverException]\n        if status in ErrorCode.NO_SUCH_ELEMENT:\n            exception_class = NoSuchElementException\n        elif status in ErrorCode.NO_SUCH_FRAME:\n            exception_class = NoSuchFrameException\n        elif status in ErrorCode.NO_SUCH_SHADOW_ROOT:\n            exception_class = NoSuchShadowRootException\n        elif status in ErrorCode.NO_SUCH_WINDOW:\n            exception_class = NoSuchWindowException\n        elif status in ErrorCode.STALE_ELEMENT_REFERENCE:\n            exception_class = StaleElementReferenceException\n        elif status in ErrorCode.ELEMENT_NOT_VISIBLE:\n            exception_class = ElementNotVisibleException\n        elif status in ErrorCode.INVALID_ELEMENT_STATE:\n            exception_class = InvalidElementStateException\n        elif (\n            status in ErrorCode.INVALID_SELECTOR\n            or status in ErrorCode.INVALID_XPATH_SELECTOR\n            or status in ErrorCode.INVALID_XPATH_SELECTOR_RETURN_TYPER\n        ):\n            exception_class = InvalidSelectorException\n        elif status in ErrorCode.ELEMENT_IS_NOT_SELECTABLE:\n            exception_class = ElementNotSelectableException\n        elif status in ErrorCode.ELEMENT_NOT_INTERACTABLE:\n            exception_class = ElementNotInteractableException\n        elif status in ErrorCode.INVALID_COOKIE_DOMAIN:\n            exception_class = InvalidCookieDomainException\n        elif status in ErrorCode.UNABLE_TO_SET_COOKIE:\n            exception_class = UnableToSetCookieException\n        elif status in ErrorCode.TIMEOUT:\n            exception_class = TimeoutException\n        elif status in ErrorCode.SCRIPT_TIMEOUT:\n            exception_class = TimeoutException\n        elif status in ErrorCode.UNKNOWN_ERROR:\n            exception_class = WebDriverException\n        elif status in ErrorCode.UNEXPECTED_ALERT_OPEN:\n            exception_class = UnexpectedAlertPresentException\n        elif status in ErrorCode.NO_ALERT_OPEN:\n            exception_class = NoAlertPresentException\n        elif status in ErrorCode.IME_NOT_AVAILABLE:\n            exception_class = ImeNotAvailableException\n        elif status in ErrorCode.IME_ENGINE_ACTIVATION_FAILED:\n            exception_class = ImeActivationFailedException\n        elif status in ErrorCode.MOVE_TARGET_OUT_OF_BOUNDS:\n            exception_class = MoveTargetOutOfBoundsException\n        elif status in ErrorCode.JAVASCRIPT_ERROR:\n            exception_class = JavascriptException\n        elif status in ErrorCode.SESSION_NOT_CREATED:\n            exception_class = SessionNotCreatedException\n        elif status in ErrorCode.INVALID_ARGUMENT:\n            exception_class = InvalidArgumentException\n        elif status in ErrorCode.NO_SUCH_COOKIE:\n            exception_class = NoSuchCookieException\n        elif status in ErrorCode.UNABLE_TO_CAPTURE_SCREEN:\n            exception_class = ScreenshotException\n        elif status in ErrorCode.ELEMENT_CLICK_INTERCEPTED:\n            exception_class = ElementClickInterceptedException\n        elif status in ErrorCode.INSECURE_CERTIFICATE:\n            exception_class = InsecureCertificateException\n        elif status in ErrorCode.INVALID_COORDINATES:\n            exception_class = InvalidCoordinatesException\n        elif status in ErrorCode.INVALID_SESSION_ID:\n            exception_class = InvalidSessionIdException\n        elif status in ErrorCode.UNKNOWN_METHOD:\n            exception_class = UnknownMethodException\n        else:\n            exception_class = WebDriverException\n        if not value:\n            value = response[\"value\"]\n        if isinstance(value, str):\n            raise exception_class(value)\n        if message == \"\" and \"message\" in value:\n            message = value[\"message\"]\n    \n        screen = None  # type: ignore[assignment]\n        if \"screen\" in value:\n            screen = value[\"screen\"]\n    \n        stacktrace = None\n        st_value = value.get(\"stackTrace\") or value.get(\"stacktrace\")\n        if st_value:\n            if isinstance(st_value, str):\n                stacktrace = st_value.split(\"\\n\")\n            else:\n                stacktrace = []\n                try:\n                    for frame in st_value:\n                        line = frame.get(\"lineNumber\", \"\")\n                        file = frame.get(\"fileName\", \"<anonymous>\")\n                        if line:\n                            file = f\"{file}:{line}\"\n                        meth = frame.get(\"methodName\", \"<anonymous>\")\n                        if \"className\" in frame:\n                            meth = \"{}.{}\".format(frame[\"className\"], meth)\n                        msg = \"    at %s (%s)\"\n                        msg = msg % (meth, file)\n                        stacktrace.append(msg)\n                except TypeError:\n                    pass\n        if exception_class == UnexpectedAlertPresentException:\n            alert_text = None\n            if \"data\" in value:\n                alert_text = value[\"data\"].get(\"text\")\n            elif \"alert\" in value:\n                alert_text = value[\"alert\"].get(\"text\")\n            raise exception_class(message, screen, stacktrace, alert_text)  # type: ignore[call-arg]  # mypy is not smart enough here\n>       raise exception_class(message, screen, stacktrace)\nE       selenium.common.exceptions.WebDriverException: Message: unknown error: Chrome failed to start: exited abnormally.\nE         (unknown error: DevToolsActivePort file doesn't exist)\nE         (The process started from chrome location /usr/bin/google-chrome is no longer running, so ChromeDriver is assuming that Chrome has crashed.)\nE       Stacktrace:\nE       #0 0x561ac04ee2a3 <unknown>\nE       #1 0x561ac02acf77 <unknown>\nE       #2 0x561ac02d55f7 <unknown>\nE       #3 0x561ac02d17d0 <unknown>\nE       #4 0x561ac03120b7 <unknown>\nE       #5 0x561ac0311a5f <unknown>\nE       #6 0x561ac0309903 <unknown>\nE       #7 0x561ac02dcece <unknown>\nE       #8 0x561ac02ddfde <unknown>\nE       #9 0x561ac053e63e <unknown>\nE       #10 0x561ac0541b79 <unknown>\nE       #11 0x561ac052489e <unknown>\nE       #12 0x561ac0542a83 <unknown>\nE       #13 0x561ac0517505 <unknown>\nE       #14 0x561ac0563ca8 <unknown>\nE       #15 0x561ac0563e36 <unknown>\nE       #16 0x561ac057f333 <unknown>\nE       #17 0x7f03d40b2b43 <unknown>\n\n/opt/hostedtoolcache/Python/3.11.0/x64/lib/python3.11/site-packages/selenium/webdriver/remote/errorhandler.py:249: WebDriverException","flaky":false,"newFailed":false,"newBroken":false,"newPassed":false,"retriesCount":5,"retriesStatusChange":false,"beforeStages":[{"name":"browser","time":{"start":1670700692085,"stop":1670700692857,"duration":772},"status":"broken","statusMessage":"selenium.common.exceptions.WebDriverException: Message: unknown error: Chrome failed to start: exited abnormally.\n  (unknown error: DevToolsActivePort file doesn't exist)\n  (The process started from chrome location /usr/bin/google-chrome is no longer running, so ChromeDriver is assuming that Chrome has crashed.)\nStacktrace:\n#0 0x561ac04ee2a3 <unknown>\n#1 0x561ac02acf77 <unknown>\n#2 0x561ac02d55f7 <unknown>\n#3 0x561ac02d17d0 <unknown>\n#4 0x561ac03120b7 <unknown>\n#5 0x561ac0311a5f <unknown>\n#6 0x561ac0309903 <unknown>\n#7 0x561ac02dcece <unknown>\n#8 0x561ac02ddfde <unknown>\n#9 0x561ac053e63e <unknown>\n#10 0x561ac0541b79 <unknown>\n#11 0x561ac052489e <unknown>\n#12 0x561ac0542a83 <unknown>\n#13 0x561ac0517505 <unknown>\n#14 0x561ac0563ca8 <unknown>\n#15 0x561ac0563e36 <unknown>\n#16 0x561ac057f333 <unknown>\n#17 0x7f03d40b2b43 <unknown>\n\n","statusTrace":"  File \"/opt/hostedtoolcache/Python/3.11.0/x64/lib/python3.11/site-packages/pluggy/_callers.py\", line 39, in _multicall\n    res = hook_impl.function(*args)\n          ^^^^^^^^^^^^^^^^^^^^^^^^^\n  File \"/opt/hostedtoolcache/Python/3.11.0/x64/lib/python3.11/site-packages/_pytest/fixtures.py\", line 1128, in pytest_fixture_setup\n    result = call_fixture_func(fixturefunc, request, kwargs)\n             ^^^^^^^^^^^^^^^^^^^^^^^^^^^^^^^^^^^^^^^^^^^^^^^\n  File \"/opt/hostedtoolcache/Python/3.11.0/x64/lib/python3.11/site-packages/_pytest/fixtures.py\", line 900, in call_fixture_func\n    fixture_result = next(generator)\n                     ^^^^^^^^^^^^^^^\n  File \"/home/runner/work/fojin_site/fojin_site/conftest.py\", line 38, in browser\n    browser = webdriver.Chrome(service=ChromeService(ChromeDriverManager().install()), options=options)\n              ^^^^^^^^^^^^^^^^^^^^^^^^^^^^^^^^^^^^^^^^^^^^^^^^^^^^^^^^^^^^^^^^^^^^^^^^^^^^^^^^^^^^^^^^^\n  File \"/opt/hostedtoolcache/Python/3.11.0/x64/lib/python3.11/site-packages/selenium/webdriver/chrome/webdriver.py\", line 81, in __init__\n    super().__init__(\n  File \"/opt/hostedtoolcache/Python/3.11.0/x64/lib/python3.11/site-packages/selenium/webdriver/chromium/webdriver.py\", line 106, in __init__\n    super().__init__(\n  File \"/opt/hostedtoolcache/Python/3.11.0/x64/lib/python3.11/site-packages/selenium/webdriver/remote/webdriver.py\", line 288, in __init__\n    self.start_session(capabilities, browser_profile)\n  File \"/opt/hostedtoolcache/Python/3.11.0/x64/lib/python3.11/site-packages/selenium/webdriver/remote/webdriver.py\", line 381, in start_session\n    response = self.execute(Command.NEW_SESSION, parameters)\n               ^^^^^^^^^^^^^^^^^^^^^^^^^^^^^^^^^^^^^^^^^^^^^\n  File \"/opt/hostedtoolcache/Python/3.11.0/x64/lib/python3.11/site-packages/selenium/webdriver/remote/webdriver.py\", line 444, in execute\n    self.error_handler.check_response(response)\n  File \"/opt/hostedtoolcache/Python/3.11.0/x64/lib/python3.11/site-packages/selenium/webdriver/remote/errorhandler.py\", line 249, in check_response\n    raise exception_class(message, screen, stacktrace)\n","steps":[],"attachments":[],"parameters":[],"stepsCount":0,"attachmentsCount":0,"shouldDisplayMessage":true,"hasContent":true}],"afterStages":[],"labels":[{"name":"feature","value":"User can go to all top links"},{"name":"parentSuite","value":"ui_tests"},{"name":"suite","value":"test_main_page"},{"name":"subSuite","value":"TestMainPage"},{"name":"host","value":"fv-az405-431"},{"name":"thread","value":"3038-MainThread"},{"name":"framework","value":"pytest"},{"name":"language","value":"cpython3"},{"name":"package","value":"ui_tests.test_main_page"},{"name":"resultFormat","value":"allure2"}],"parameters":[{"name":"browser","value":"'chrome'"},{"name":"endpoint","value":"''"},{"name":"locator","value":"('css selector', '.sc-fbcb99c0-1 > a:nth-child(1) > img:nth-child(1)')"}],"links":[],"hidden":false,"retry":false,"extra":{"severity":"normal","retries":[{"uid":"e2a2e22efc9d131b","status":"broken","statusDetails":"selenium.common.exceptions.WebDriverException: Message: unknown error: Chrome failed to start: exited abnormally.\n  (unknown error: DevToolsActivePort file doesn't exist)\n  (The process started from chrome location /usr/bin/google-chrome is no longer running, so ChromeDriver is assuming that Chrome has crashed.)\nStacktrace:\n#0 0x563638e2a2a3 <unknown>\n#1 0x563638be8f77 <unknown>\n#2 0x563638c115f7 <unknown>\n#3 0x563638c0d7d0 <unknown>\n#4 0x563638c4e0b7 <unknown>\n#5 0x563638c4da5f <unknown>\n#6 0x563638c45903 <unknown>\n#7 0x563638c18ece <unknown>\n#8 0x563638c19fde <unknown>\n#9 0x563638e7a63e <unknown>\n#10 0x563638e7db79 <unknown>\n#11 0x563638e6089e <unknown>\n#12 0x563638e7ea83 <unknown>\n#13 0x563638e53505 <unknown>\n#14 0x563638e9fca8 <unknown>\n#15 0x563638e9fe36 <unknown>\n#16 0x563638ebb333 <unknown>\n#17 0x7f5db808eb43 <unknown>","time":{"start":1670700691272,"stop":1670700691272,"duration":0}},{"uid":"27271acb533f457","status":"broken","statusDetails":"selenium.common.exceptions.WebDriverException: Message: unknown error: Chrome failed to start: exited abnormally.\n  (unknown error: DevToolsActivePort file doesn't exist)\n  (The process started from chrome location /usr/bin/google-chrome is no longer running, so ChromeDriver is assuming that Chrome has crashed.)\nStacktrace:\n#0 0x5620b2a8e2a3 <unknown>\n#1 0x5620b284cf77 <unknown>\n#2 0x5620b28755f7 <unknown>\n#3 0x5620b28717d0 <unknown>\n#4 0x5620b28b20b7 <unknown>\n#5 0x5620b28b1a5f <unknown>\n#6 0x5620b28a9903 <unknown>\n#7 0x5620b287cece <unknown>\n#8 0x5620b287dfde <unknown>\n#9 0x5620b2ade63e <unknown>\n#10 0x5620b2ae1b79 <unknown>\n#11 0x5620b2ac489e <unknown>\n#12 0x5620b2ae2a83 <unknown>\n#13 0x5620b2ab7505 <unknown>\n#14 0x5620b2b03ca8 <unknown>\n#15 0x5620b2b03e36 <unknown>\n#16 0x5620b2b1f333 <unknown>\n#17 0x7f2ac5cf7b43 <unknown>","time":{"start":1670700690460,"stop":1670700690460,"duration":0}},{"uid":"7c3e9f28716f6cd0","status":"broken","statusDetails":"selenium.common.exceptions.WebDriverException: Message: unknown error: Chrome failed to start: exited abnormally.\n  (unknown error: DevToolsActivePort file doesn't exist)\n  (The process started from chrome location /usr/bin/google-chrome is no longer running, so ChromeDriver is assuming that Chrome has crashed.)\nStacktrace:\n#0 0x55ab96c752a3 <unknown>\n#1 0x55ab96a33f77 <unknown>\n#2 0x55ab96a5c5f7 <unknown>\n#3 0x55ab96a587d0 <unknown>\n#4 0x55ab96a990b7 <unknown>\n#5 0x55ab96a98a5f <unknown>\n#6 0x55ab96a90903 <unknown>\n#7 0x55ab96a63ece <unknown>\n#8 0x55ab96a64fde <unknown>\n#9 0x55ab96cc563e <unknown>\n#10 0x55ab96cc8b79 <unknown>\n#11 0x55ab96cab89e <unknown>\n#12 0x55ab96cc9a83 <unknown>\n#13 0x55ab96c9e505 <unknown>\n#14 0x55ab96ceaca8 <unknown>\n#15 0x55ab96ceae36 <unknown>\n#16 0x55ab96d06333 <unknown>\n#17 0x7fbbda0beb43 <unknown>","time":{"start":1670700689647,"stop":1670700689647,"duration":0}},{"uid":"d1e72b27599d41e9","status":"broken","statusDetails":"selenium.common.exceptions.WebDriverException: Message: unknown error: Chrome failed to start: exited abnormally.\n  (unknown error: DevToolsActivePort file doesn't exist)\n  (The process started from chrome location /usr/bin/google-chrome is no longer running, so ChromeDriver is assuming that Chrome has crashed.)\nStacktrace:\n#0 0x55b90e0012a3 <unknown>\n#1 0x55b90ddbff77 <unknown>\n#2 0x55b90dde85f7 <unknown>\n#3 0x55b90dde47d0 <unknown>\n#4 0x55b90de250b7 <unknown>\n#5 0x55b90de24a5f <unknown>\n#6 0x55b90de1c903 <unknown>\n#7 0x55b90ddefece <unknown>\n#8 0x55b90ddf0fde <unknown>\n#9 0x55b90e05163e <unknown>\n#10 0x55b90e054b79 <unknown>\n#11 0x55b90e03789e <unknown>\n#12 0x55b90e055a83 <unknown>\n#13 0x55b90e02a505 <unknown>\n#14 0x55b90e076ca8 <unknown>\n#15 0x55b90e076e36 <unknown>\n#16 0x55b90e092333 <unknown>\n#17 0x7fb9ec063b43 <unknown>","time":{"start":1670700688834,"stop":1670700688834,"duration":0}},{"uid":"6790f307dc256cc9","status":"broken","statusDetails":"selenium.common.exceptions.WebDriverException: Message: unknown error: Chrome failed to start: exited abnormally.\n  (unknown error: DevToolsActivePort file doesn't exist)\n  (The process started from chrome location /usr/bin/google-chrome is no longer running, so ChromeDriver is assuming that Chrome has crashed.)\nStacktrace:\n#0 0x5614637702a3 <unknown>\n#1 0x56146352ef77 <unknown>\n#2 0x5614635575f7 <unknown>\n#3 0x5614635537d0 <unknown>\n#4 0x5614635940b7 <unknown>\n#5 0x561463593a5f <unknown>\n#6 0x56146358b903 <unknown>\n#7 0x56146355eece <unknown>\n#8 0x56146355ffde <unknown>\n#9 0x5614637c063e <unknown>\n#10 0x5614637c3b79 <unknown>\n#11 0x5614637a689e <unknown>\n#12 0x5614637c4a83 <unknown>\n#13 0x561463799505 <unknown>\n#14 0x5614637e5ca8 <unknown>\n#15 0x5614637e5e36 <unknown>\n#16 0x561463801333 <unknown>\n#17 0x7f9ecf673b43 <unknown>","time":{"start":1670700687994,"stop":1670700687994,"duration":0}}],"categories":[{"name":"Test defects","matchedStatuses":[],"flaky":false}],"tags":[]},"source":"677496dc9a0e92f3.json","parameterValues":["'chrome'","''","('css selector', '.sc-fbcb99c0-1 > a:nth-child(1) > img:nth-child(1)')"]}