{"uid":"6f164defe82c01da","name":"test_negative_form_data[chrome-negative_data_case2]","fullName":"ui_tests.test_form_from_main_page.TestMainPageForm#test_negative_form_data","historyId":"0cce529662e61c630d42d8f3bd5b91e6","time":{"start":1670700682717,"stop":1670700682717,"duration":0},"description":"User is scrolling to the bottom and sends wrong data","descriptionHtml":"<p>User is scrolling to the bottom and sends wrong data</p>\n","status":"broken","statusMessage":"selenium.common.exceptions.WebDriverException: Message: unknown error: Chrome failed to start: exited abnormally.\n  (unknown error: DevToolsActivePort file doesn't exist)\n  (The process started from chrome location /usr/bin/google-chrome is no longer running, so ChromeDriver is assuming that Chrome has crashed.)\nStacktrace:\n#0 0x56125fd662a3 <unknown>\n#1 0x56125fb24f77 <unknown>\n#2 0x56125fb4d5f7 <unknown>\n#3 0x56125fb497d0 <unknown>\n#4 0x56125fb8a0b7 <unknown>\n#5 0x56125fb89a5f <unknown>\n#6 0x56125fb81903 <unknown>\n#7 0x56125fb54ece <unknown>\n#8 0x56125fb55fde <unknown>\n#9 0x56125fdb663e <unknown>\n#10 0x56125fdb9b79 <unknown>\n#11 0x56125fd9c89e <unknown>\n#12 0x56125fdbaa83 <unknown>\n#13 0x56125fd8f505 <unknown>\n#14 0x56125fddbca8 <unknown>\n#15 0x56125fddbe36 <unknown>\n#16 0x56125fdf7333 <unknown>\n#17 0x7f9fa6732b43 <unknown>","statusTrace":"request = <SubRequest 'browser' for <Function test_negative_form_data[chrome-negative_data_case2]>>\n\n    @pytest.fixture(params=[\"chrome\", \"firefox\"])\n    def browser(request):\n        \"\"\"\n        the fixture downloads the latest driver and creates the browser instance with passed options\n        \"\"\"\n        headless = False  # changes the headless parameter for all browsers\n        match request.param:\n            case \"chrome\":\n                options = webdriver.ChromeOptions()\n                options.headless = headless\n                options.add_argument('--no-sandbox')\n                options.add_argument(\"--disable-dev-shm-usage\")\n>               browser = webdriver.Chrome(service=ChromeService(ChromeDriverManager().install()), options=options)\n\nconftest.py:38: \n_ _ _ _ _ _ _ _ _ _ _ _ _ _ _ _ _ _ _ _ _ _ _ _ _ _ _ _ _ _ _ _ _ _ _ _ _ _ _ _ \n/opt/hostedtoolcache/Python/3.11.0/x64/lib/python3.11/site-packages/selenium/webdriver/chrome/webdriver.py:81: in __init__\n    super().__init__(\n/opt/hostedtoolcache/Python/3.11.0/x64/lib/python3.11/site-packages/selenium/webdriver/chromium/webdriver.py:106: in __init__\n    super().__init__(\n/opt/hostedtoolcache/Python/3.11.0/x64/lib/python3.11/site-packages/selenium/webdriver/remote/webdriver.py:288: in __init__\n    self.start_session(capabilities, browser_profile)\n/opt/hostedtoolcache/Python/3.11.0/x64/lib/python3.11/site-packages/selenium/webdriver/remote/webdriver.py:381: in start_session\n    response = self.execute(Command.NEW_SESSION, parameters)\n/opt/hostedtoolcache/Python/3.11.0/x64/lib/python3.11/site-packages/selenium/webdriver/remote/webdriver.py:444: in execute\n    self.error_handler.check_response(response)\n_ _ _ _ _ _ _ _ _ _ _ _ _ _ _ _ _ _ _ _ _ _ _ _ _ _ _ _ _ _ _ _ _ _ _ _ _ _ _ _ \n\nself = <selenium.webdriver.remote.errorhandler.ErrorHandler object at 0x7f52346ac810>\nresponse = {'status': 500, 'value': '{\"value\":{\"error\":\"unknown error\",\"message\":\"unknown error: Chrome failed to start: exited a...\\\\n#15 0x56125fddbe36 \\\\u003Cunknown>\\\\n#16 0x56125fdf7333 \\\\u003Cunknown>\\\\n#17 0x7f9fa6732b43 \\\\u003Cunknown>\\\\n\"}}'}\n\n    def check_response(self, response: Dict[str, Any]) -> None:\n        \"\"\"\n        Checks that a JSON response from the WebDriver does not have an error.\n    \n        :Args:\n         - response - The JSON response from the WebDriver server as a dictionary\n           object.\n    \n        :Raises: If the response contains an error message.\n        \"\"\"\n        status = response.get(\"status\", None)\n        if not status or status == ErrorCode.SUCCESS:\n            return\n        value = None\n        message = response.get(\"message\", \"\")\n        screen: str = response.get(\"screen\", \"\")\n        stacktrace = None\n        if isinstance(status, int):\n            value_json = response.get(\"value\", None)\n            if value_json and isinstance(value_json, str):\n                import json\n    \n                try:\n                    value = json.loads(value_json)\n                    if len(value.keys()) == 1:\n                        value = value[\"value\"]\n                    status = value.get(\"error\", None)\n                    if not status:\n                        status = value.get(\"status\", ErrorCode.UNKNOWN_ERROR)\n                        message = value.get(\"value\") or value.get(\"message\")\n                        if not isinstance(message, str):\n                            value = message\n                            message = message.get(\"message\")\n                    else:\n                        message = value.get(\"message\", None)\n                except ValueError:\n                    pass\n    \n        exception_class: Type[WebDriverException]\n        if status in ErrorCode.NO_SUCH_ELEMENT:\n            exception_class = NoSuchElementException\n        elif status in ErrorCode.NO_SUCH_FRAME:\n            exception_class = NoSuchFrameException\n        elif status in ErrorCode.NO_SUCH_SHADOW_ROOT:\n            exception_class = NoSuchShadowRootException\n        elif status in ErrorCode.NO_SUCH_WINDOW:\n            exception_class = NoSuchWindowException\n        elif status in ErrorCode.STALE_ELEMENT_REFERENCE:\n            exception_class = StaleElementReferenceException\n        elif status in ErrorCode.ELEMENT_NOT_VISIBLE:\n            exception_class = ElementNotVisibleException\n        elif status in ErrorCode.INVALID_ELEMENT_STATE:\n            exception_class = InvalidElementStateException\n        elif (\n            status in ErrorCode.INVALID_SELECTOR\n            or status in ErrorCode.INVALID_XPATH_SELECTOR\n            or status in ErrorCode.INVALID_XPATH_SELECTOR_RETURN_TYPER\n        ):\n            exception_class = InvalidSelectorException\n        elif status in ErrorCode.ELEMENT_IS_NOT_SELECTABLE:\n            exception_class = ElementNotSelectableException\n        elif status in ErrorCode.ELEMENT_NOT_INTERACTABLE:\n            exception_class = ElementNotInteractableException\n        elif status in ErrorCode.INVALID_COOKIE_DOMAIN:\n            exception_class = InvalidCookieDomainException\n        elif status in ErrorCode.UNABLE_TO_SET_COOKIE:\n            exception_class = UnableToSetCookieException\n        elif status in ErrorCode.TIMEOUT:\n            exception_class = TimeoutException\n        elif status in ErrorCode.SCRIPT_TIMEOUT:\n            exception_class = TimeoutException\n        elif status in ErrorCode.UNKNOWN_ERROR:\n            exception_class = WebDriverException\n        elif status in ErrorCode.UNEXPECTED_ALERT_OPEN:\n            exception_class = UnexpectedAlertPresentException\n        elif status in ErrorCode.NO_ALERT_OPEN:\n            exception_class = NoAlertPresentException\n        elif status in ErrorCode.IME_NOT_AVAILABLE:\n            exception_class = ImeNotAvailableException\n        elif status in ErrorCode.IME_ENGINE_ACTIVATION_FAILED:\n            exception_class = ImeActivationFailedException\n        elif status in ErrorCode.MOVE_TARGET_OUT_OF_BOUNDS:\n            exception_class = MoveTargetOutOfBoundsException\n        elif status in ErrorCode.JAVASCRIPT_ERROR:\n            exception_class = JavascriptException\n        elif status in ErrorCode.SESSION_NOT_CREATED:\n            exception_class = SessionNotCreatedException\n        elif status in ErrorCode.INVALID_ARGUMENT:\n            exception_class = InvalidArgumentException\n        elif status in ErrorCode.NO_SUCH_COOKIE:\n            exception_class = NoSuchCookieException\n        elif status in ErrorCode.UNABLE_TO_CAPTURE_SCREEN:\n            exception_class = ScreenshotException\n        elif status in ErrorCode.ELEMENT_CLICK_INTERCEPTED:\n            exception_class = ElementClickInterceptedException\n        elif status in ErrorCode.INSECURE_CERTIFICATE:\n            exception_class = InsecureCertificateException\n        elif status in ErrorCode.INVALID_COORDINATES:\n            exception_class = InvalidCoordinatesException\n        elif status in ErrorCode.INVALID_SESSION_ID:\n            exception_class = InvalidSessionIdException\n        elif status in ErrorCode.UNKNOWN_METHOD:\n            exception_class = UnknownMethodException\n        else:\n            exception_class = WebDriverException\n        if not value:\n            value = response[\"value\"]\n        if isinstance(value, str):\n            raise exception_class(value)\n        if message == \"\" and \"message\" in value:\n            message = value[\"message\"]\n    \n        screen = None  # type: ignore[assignment]\n        if \"screen\" in value:\n            screen = value[\"screen\"]\n    \n        stacktrace = None\n        st_value = value.get(\"stackTrace\") or value.get(\"stacktrace\")\n        if st_value:\n            if isinstance(st_value, str):\n                stacktrace = st_value.split(\"\\n\")\n            else:\n                stacktrace = []\n                try:\n                    for frame in st_value:\n                        line = frame.get(\"lineNumber\", \"\")\n                        file = frame.get(\"fileName\", \"<anonymous>\")\n                        if line:\n                            file = f\"{file}:{line}\"\n                        meth = frame.get(\"methodName\", \"<anonymous>\")\n                        if \"className\" in frame:\n                            meth = \"{}.{}\".format(frame[\"className\"], meth)\n                        msg = \"    at %s (%s)\"\n                        msg = msg % (meth, file)\n                        stacktrace.append(msg)\n                except TypeError:\n                    pass\n        if exception_class == UnexpectedAlertPresentException:\n            alert_text = None\n            if \"data\" in value:\n                alert_text = value[\"data\"].get(\"text\")\n            elif \"alert\" in value:\n                alert_text = value[\"alert\"].get(\"text\")\n            raise exception_class(message, screen, stacktrace, alert_text)  # type: ignore[call-arg]  # mypy is not smart enough here\n>       raise exception_class(message, screen, stacktrace)\nE       selenium.common.exceptions.WebDriverException: Message: unknown error: Chrome failed to start: exited abnormally.\nE         (unknown error: DevToolsActivePort file doesn't exist)\nE         (The process started from chrome location /usr/bin/google-chrome is no longer running, so ChromeDriver is assuming that Chrome has crashed.)\nE       Stacktrace:\nE       #0 0x56125fd662a3 <unknown>\nE       #1 0x56125fb24f77 <unknown>\nE       #2 0x56125fb4d5f7 <unknown>\nE       #3 0x56125fb497d0 <unknown>\nE       #4 0x56125fb8a0b7 <unknown>\nE       #5 0x56125fb89a5f <unknown>\nE       #6 0x56125fb81903 <unknown>\nE       #7 0x56125fb54ece <unknown>\nE       #8 0x56125fb55fde <unknown>\nE       #9 0x56125fdb663e <unknown>\nE       #10 0x56125fdb9b79 <unknown>\nE       #11 0x56125fd9c89e <unknown>\nE       #12 0x56125fdbaa83 <unknown>\nE       #13 0x56125fd8f505 <unknown>\nE       #14 0x56125fddbca8 <unknown>\nE       #15 0x56125fddbe36 <unknown>\nE       #16 0x56125fdf7333 <unknown>\nE       #17 0x7f9fa6732b43 <unknown>\n\n/opt/hostedtoolcache/Python/3.11.0/x64/lib/python3.11/site-packages/selenium/webdriver/remote/errorhandler.py:249: WebDriverException","flaky":false,"newFailed":false,"newBroken":false,"newPassed":false,"retriesCount":5,"retriesStatusChange":false,"beforeStages":[{"name":"browser","time":{"start":1670700682717,"stop":1670700683495,"duration":778},"status":"broken","statusMessage":"selenium.common.exceptions.WebDriverException: Message: unknown error: Chrome failed to start: exited abnormally.\n  (unknown error: DevToolsActivePort file doesn't exist)\n  (The process started from chrome location /usr/bin/google-chrome is no longer running, so ChromeDriver is assuming that Chrome has crashed.)\nStacktrace:\n#0 0x56125fd662a3 <unknown>\n#1 0x56125fb24f77 <unknown>\n#2 0x56125fb4d5f7 <unknown>\n#3 0x56125fb497d0 <unknown>\n#4 0x56125fb8a0b7 <unknown>\n#5 0x56125fb89a5f <unknown>\n#6 0x56125fb81903 <unknown>\n#7 0x56125fb54ece <unknown>\n#8 0x56125fb55fde <unknown>\n#9 0x56125fdb663e <unknown>\n#10 0x56125fdb9b79 <unknown>\n#11 0x56125fd9c89e <unknown>\n#12 0x56125fdbaa83 <unknown>\n#13 0x56125fd8f505 <unknown>\n#14 0x56125fddbca8 <unknown>\n#15 0x56125fddbe36 <unknown>\n#16 0x56125fdf7333 <unknown>\n#17 0x7f9fa6732b43 <unknown>\n\n","statusTrace":"  File \"/opt/hostedtoolcache/Python/3.11.0/x64/lib/python3.11/site-packages/pluggy/_callers.py\", line 39, in _multicall\n    res = hook_impl.function(*args)\n          ^^^^^^^^^^^^^^^^^^^^^^^^^\n  File \"/opt/hostedtoolcache/Python/3.11.0/x64/lib/python3.11/site-packages/_pytest/fixtures.py\", line 1128, in pytest_fixture_setup\n    result = call_fixture_func(fixturefunc, request, kwargs)\n             ^^^^^^^^^^^^^^^^^^^^^^^^^^^^^^^^^^^^^^^^^^^^^^^\n  File \"/opt/hostedtoolcache/Python/3.11.0/x64/lib/python3.11/site-packages/_pytest/fixtures.py\", line 900, in call_fixture_func\n    fixture_result = next(generator)\n                     ^^^^^^^^^^^^^^^\n  File \"/home/runner/work/fojin_site/fojin_site/conftest.py\", line 38, in browser\n    browser = webdriver.Chrome(service=ChromeService(ChromeDriverManager().install()), options=options)\n              ^^^^^^^^^^^^^^^^^^^^^^^^^^^^^^^^^^^^^^^^^^^^^^^^^^^^^^^^^^^^^^^^^^^^^^^^^^^^^^^^^^^^^^^^^\n  File \"/opt/hostedtoolcache/Python/3.11.0/x64/lib/python3.11/site-packages/selenium/webdriver/chrome/webdriver.py\", line 81, in __init__\n    super().__init__(\n  File \"/opt/hostedtoolcache/Python/3.11.0/x64/lib/python3.11/site-packages/selenium/webdriver/chromium/webdriver.py\", line 106, in __init__\n    super().__init__(\n  File \"/opt/hostedtoolcache/Python/3.11.0/x64/lib/python3.11/site-packages/selenium/webdriver/remote/webdriver.py\", line 288, in __init__\n    self.start_session(capabilities, browser_profile)\n  File \"/opt/hostedtoolcache/Python/3.11.0/x64/lib/python3.11/site-packages/selenium/webdriver/remote/webdriver.py\", line 381, in start_session\n    response = self.execute(Command.NEW_SESSION, parameters)\n               ^^^^^^^^^^^^^^^^^^^^^^^^^^^^^^^^^^^^^^^^^^^^^\n  File \"/opt/hostedtoolcache/Python/3.11.0/x64/lib/python3.11/site-packages/selenium/webdriver/remote/webdriver.py\", line 444, in execute\n    self.error_handler.check_response(response)\n  File \"/opt/hostedtoolcache/Python/3.11.0/x64/lib/python3.11/site-packages/selenium/webdriver/remote/errorhandler.py\", line 249, in check_response\n    raise exception_class(message, screen, stacktrace)\n","steps":[],"attachments":[],"parameters":[],"stepsCount":0,"attachmentsCount":0,"shouldDisplayMessage":true,"hasContent":true}],"afterStages":[],"labels":[{"name":"feature","value":"User sends incorrect data"},{"name":"parentSuite","value":"ui_tests"},{"name":"suite","value":"test_form_from_main_page"},{"name":"subSuite","value":"TestMainPageForm"},{"name":"host","value":"fv-az405-431"},{"name":"thread","value":"3035-MainThread"},{"name":"framework","value":"pytest"},{"name":"language","value":"cpython3"},{"name":"package","value":"ui_tests.test_form_from_main_page"},{"name":"resultFormat","value":"allure2"}],"parameters":[{"name":"browser","value":"'chrome'"},{"name":"negative_data_case","value":"['test_user', 'test@fojin.tech', '   ', 'some useless information']"}],"links":[],"hidden":false,"retry":false,"extra":{"severity":"normal","retries":[{"uid":"b7788e86f031e7e6","status":"broken","statusDetails":"selenium.common.exceptions.WebDriverException: Message: unknown error: Chrome failed to start: exited abnormally.\n  (unknown error: DevToolsActivePort file doesn't exist)\n  (The process started from chrome location /usr/bin/google-chrome is no longer running, so ChromeDriver is assuming that Chrome has crashed.)\nStacktrace:\n#0 0x56341db3b2a3 <unknown>\n#1 0x56341d8f9f77 <unknown>\n#2 0x56341d9225f7 <unknown>\n#3 0x56341d91e7d0 <unknown>\n#4 0x56341d95f0b7 <unknown>\n#5 0x56341d95ea5f <unknown>\n#6 0x56341d956903 <unknown>\n#7 0x56341d929ece <unknown>\n#8 0x56341d92afde <unknown>\n#9 0x56341db8b63e <unknown>\n#10 0x56341db8eb79 <unknown>\n#11 0x56341db7189e <unknown>\n#12 0x56341db8fa83 <unknown>\n#13 0x56341db64505 <unknown>\n#14 0x56341dbb0ca8 <unknown>\n#15 0x56341dbb0e36 <unknown>\n#16 0x56341dbcc333 <unknown>\n#17 0x7fb0a2930b43 <unknown>","time":{"start":1670700681897,"stop":1670700681897,"duration":0}},{"uid":"ab71766f320e531b","status":"broken","statusDetails":"selenium.common.exceptions.WebDriverException: Message: unknown error: Chrome failed to start: exited abnormally.\n  (unknown error: DevToolsActivePort file doesn't exist)\n  (The process started from chrome location /usr/bin/google-chrome is no longer running, so ChromeDriver is assuming that Chrome has crashed.)\nStacktrace:\n#0 0x564606dff2a3 <unknown>\n#1 0x564606bbdf77 <unknown>\n#2 0x564606be65f7 <unknown>\n#3 0x564606be27d0 <unknown>\n#4 0x564606c230b7 <unknown>\n#5 0x564606c22a5f <unknown>\n#6 0x564606c1a903 <unknown>\n#7 0x564606bedece <unknown>\n#8 0x564606beefde <unknown>\n#9 0x564606e4f63e <unknown>\n#10 0x564606e52b79 <unknown>\n#11 0x564606e3589e <unknown>\n#12 0x564606e53a83 <unknown>\n#13 0x564606e28505 <unknown>\n#14 0x564606e74ca8 <unknown>\n#15 0x564606e74e36 <unknown>\n#16 0x564606e90333 <unknown>\n#17 0x7fcffcf8ab43 <unknown>","time":{"start":1670700681080,"stop":1670700681080,"duration":0}},{"uid":"ca67d7486ed5bfba","status":"broken","statusDetails":"selenium.common.exceptions.WebDriverException: Message: unknown error: Chrome failed to start: exited abnormally.\n  (unknown error: DevToolsActivePort file doesn't exist)\n  (The process started from chrome location /usr/bin/google-chrome is no longer running, so ChromeDriver is assuming that Chrome has crashed.)\nStacktrace:\n#0 0x5564db3992a3 <unknown>\n#1 0x5564db157f77 <unknown>\n#2 0x5564db1805f7 <unknown>\n#3 0x5564db17c7d0 <unknown>\n#4 0x5564db1bd0b7 <unknown>\n#5 0x5564db1bca5f <unknown>\n#6 0x5564db1b4903 <unknown>\n#7 0x5564db187ece <unknown>\n#8 0x5564db188fde <unknown>\n#9 0x5564db3e963e <unknown>\n#10 0x5564db3ecb79 <unknown>\n#11 0x5564db3cf89e <unknown>\n#12 0x5564db3eda83 <unknown>\n#13 0x5564db3c2505 <unknown>\n#14 0x5564db40eca8 <unknown>\n#15 0x5564db40ee36 <unknown>\n#16 0x5564db42a333 <unknown>\n#17 0x7f88b21f6b43 <unknown>","time":{"start":1670700680264,"stop":1670700680264,"duration":0}},{"uid":"d15c849faa9d933a","status":"broken","statusDetails":"selenium.common.exceptions.WebDriverException: Message: unknown error: Chrome failed to start: exited abnormally.\n  (unknown error: DevToolsActivePort file doesn't exist)\n  (The process started from chrome location /usr/bin/google-chrome is no longer running, so ChromeDriver is assuming that Chrome has crashed.)\nStacktrace:\n#0 0x55a69121e2a3 <unknown>\n#1 0x55a690fdcf77 <unknown>\n#2 0x55a6910055f7 <unknown>\n#3 0x55a6910017d0 <unknown>\n#4 0x55a6910420b7 <unknown>\n#5 0x55a691041a5f <unknown>\n#6 0x55a691039903 <unknown>\n#7 0x55a69100cece <unknown>\n#8 0x55a69100dfde <unknown>\n#9 0x55a69126e63e <unknown>\n#10 0x55a691271b79 <unknown>\n#11 0x55a69125489e <unknown>\n#12 0x55a691272a83 <unknown>\n#13 0x55a691247505 <unknown>\n#14 0x55a691293ca8 <unknown>\n#15 0x55a691293e36 <unknown>\n#16 0x55a6912af333 <unknown>\n#17 0x7ff99c596b43 <unknown>","time":{"start":1670700679437,"stop":1670700679437,"duration":0}},{"uid":"e758b62291f84c14","status":"broken","statusDetails":"selenium.common.exceptions.WebDriverException: Message: unknown error: Chrome failed to start: exited abnormally.\n  (unknown error: DevToolsActivePort file doesn't exist)\n  (The process started from chrome location /usr/bin/google-chrome is no longer running, so ChromeDriver is assuming that Chrome has crashed.)\nStacktrace:\n#0 0x559caf26b2a3 <unknown>\n#1 0x559caf029f77 <unknown>\n#2 0x559caf0525f7 <unknown>\n#3 0x559caf04e7d0 <unknown>\n#4 0x559caf08f0b7 <unknown>\n#5 0x559caf08ea5f <unknown>\n#6 0x559caf086903 <unknown>\n#7 0x559caf059ece <unknown>\n#8 0x559caf05afde <unknown>\n#9 0x559caf2bb63e <unknown>\n#10 0x559caf2beb79 <unknown>\n#11 0x559caf2a189e <unknown>\n#12 0x559caf2bfa83 <unknown>\n#13 0x559caf294505 <unknown>\n#14 0x559caf2e0ca8 <unknown>\n#15 0x559caf2e0e36 <unknown>\n#16 0x559caf2fc333 <unknown>\n#17 0x7f45585c4b43 <unknown>","time":{"start":1670700678617,"stop":1670700678617,"duration":0}}],"categories":[{"name":"Test defects","matchedStatuses":[],"flaky":false}],"tags":[]},"source":"6f164defe82c01da.json","parameterValues":["'chrome'","['test_user', 'test@fojin.tech', '   ', 'some useless information']"]}