{"uid":"988c718566c47a39","name":"test_bottom_elements_are_active[chrome-vk.com/fojin-locator1]","fullName":"ui_tests.test_main_page.TestMainPage#test_bottom_elements_are_active","historyId":"f7ed55ad61df8ad8ad2f71e7f223d49b","time":{"start":1670700720031,"stop":1670700720031,"duration":0},"description":"\n        user can go to all bottom links from the main page\n        ","descriptionHtml":"<pre><code>    user can go to all bottom links from the main page\n</code></pre>\n","status":"broken","statusMessage":"selenium.common.exceptions.WebDriverException: Message: unknown error: Chrome failed to start: exited abnormally.\n  (unknown error: DevToolsActivePort file doesn't exist)\n  (The process started from chrome location /usr/bin/google-chrome is no longer running, so ChromeDriver is assuming that Chrome has crashed.)\nStacktrace:\n#0 0x560ca986c2a3 <unknown>\n#1 0x560ca962af77 <unknown>\n#2 0x560ca96535f7 <unknown>\n#3 0x560ca964f7d0 <unknown>\n#4 0x560ca96900b7 <unknown>\n#5 0x560ca968fa5f <unknown>\n#6 0x560ca9687903 <unknown>\n#7 0x560ca965aece <unknown>\n#8 0x560ca965bfde <unknown>\n#9 0x560ca98bc63e <unknown>\n#10 0x560ca98bfb79 <unknown>\n#11 0x560ca98a289e <unknown>\n#12 0x560ca98c0a83 <unknown>\n#13 0x560ca9895505 <unknown>\n#14 0x560ca98e1ca8 <unknown>\n#15 0x560ca98e1e36 <unknown>\n#16 0x560ca98fd333 <unknown>\n#17 0x7f9618ce2b43 <unknown>","statusTrace":"request = <SubRequest 'browser' for <Function test_bottom_elements_are_active[chrome-vk.com/fojin-locator1]>>\n\n    @pytest.fixture(params=[\"chrome\", \"firefox\"])\n    def browser(request):\n        \"\"\"\n        the fixture downloads the latest driver and creates the browser instance with passed options\n        \"\"\"\n        headless = False  # changes the headless parameter for all browsers\n        match request.param:\n            case \"chrome\":\n                options = webdriver.ChromeOptions()\n                options.headless = headless\n                options.add_argument('--no-sandbox')\n                options.add_argument(\"--disable-dev-shm-usage\")\n>               browser = webdriver.Chrome(service=ChromeService(ChromeDriverManager().install()), options=options)\n\nconftest.py:38: \n_ _ _ _ _ _ _ _ _ _ _ _ _ _ _ _ _ _ _ _ _ _ _ _ _ _ _ _ _ _ _ _ _ _ _ _ _ _ _ _ \n/opt/hostedtoolcache/Python/3.11.0/x64/lib/python3.11/site-packages/selenium/webdriver/chrome/webdriver.py:81: in __init__\n    super().__init__(\n/opt/hostedtoolcache/Python/3.11.0/x64/lib/python3.11/site-packages/selenium/webdriver/chromium/webdriver.py:106: in __init__\n    super().__init__(\n/opt/hostedtoolcache/Python/3.11.0/x64/lib/python3.11/site-packages/selenium/webdriver/remote/webdriver.py:288: in __init__\n    self.start_session(capabilities, browser_profile)\n/opt/hostedtoolcache/Python/3.11.0/x64/lib/python3.11/site-packages/selenium/webdriver/remote/webdriver.py:381: in start_session\n    response = self.execute(Command.NEW_SESSION, parameters)\n/opt/hostedtoolcache/Python/3.11.0/x64/lib/python3.11/site-packages/selenium/webdriver/remote/webdriver.py:444: in execute\n    self.error_handler.check_response(response)\n_ _ _ _ _ _ _ _ _ _ _ _ _ _ _ _ _ _ _ _ _ _ _ _ _ _ _ _ _ _ _ _ _ _ _ _ _ _ _ _ \n\nself = <selenium.webdriver.remote.errorhandler.ErrorHandler object at 0x7f52346e3310>\nresponse = {'status': 500, 'value': '{\"value\":{\"error\":\"unknown error\",\"message\":\"unknown error: Chrome failed to start: exited a...\\\\n#15 0x560ca98e1e36 \\\\u003Cunknown>\\\\n#16 0x560ca98fd333 \\\\u003Cunknown>\\\\n#17 0x7f9618ce2b43 \\\\u003Cunknown>\\\\n\"}}'}\n\n    def check_response(self, response: Dict[str, Any]) -> None:\n        \"\"\"\n        Checks that a JSON response from the WebDriver does not have an error.\n    \n        :Args:\n         - response - The JSON response from the WebDriver server as a dictionary\n           object.\n    \n        :Raises: If the response contains an error message.\n        \"\"\"\n        status = response.get(\"status\", None)\n        if not status or status == ErrorCode.SUCCESS:\n            return\n        value = None\n        message = response.get(\"message\", \"\")\n        screen: str = response.get(\"screen\", \"\")\n        stacktrace = None\n        if isinstance(status, int):\n            value_json = response.get(\"value\", None)\n            if value_json and isinstance(value_json, str):\n                import json\n    \n                try:\n                    value = json.loads(value_json)\n                    if len(value.keys()) == 1:\n                        value = value[\"value\"]\n                    status = value.get(\"error\", None)\n                    if not status:\n                        status = value.get(\"status\", ErrorCode.UNKNOWN_ERROR)\n                        message = value.get(\"value\") or value.get(\"message\")\n                        if not isinstance(message, str):\n                            value = message\n                            message = message.get(\"message\")\n                    else:\n                        message = value.get(\"message\", None)\n                except ValueError:\n                    pass\n    \n        exception_class: Type[WebDriverException]\n        if status in ErrorCode.NO_SUCH_ELEMENT:\n            exception_class = NoSuchElementException\n        elif status in ErrorCode.NO_SUCH_FRAME:\n            exception_class = NoSuchFrameException\n        elif status in ErrorCode.NO_SUCH_SHADOW_ROOT:\n            exception_class = NoSuchShadowRootException\n        elif status in ErrorCode.NO_SUCH_WINDOW:\n            exception_class = NoSuchWindowException\n        elif status in ErrorCode.STALE_ELEMENT_REFERENCE:\n            exception_class = StaleElementReferenceException\n        elif status in ErrorCode.ELEMENT_NOT_VISIBLE:\n            exception_class = ElementNotVisibleException\n        elif status in ErrorCode.INVALID_ELEMENT_STATE:\n            exception_class = InvalidElementStateException\n        elif (\n            status in ErrorCode.INVALID_SELECTOR\n            or status in ErrorCode.INVALID_XPATH_SELECTOR\n            or status in ErrorCode.INVALID_XPATH_SELECTOR_RETURN_TYPER\n        ):\n            exception_class = InvalidSelectorException\n        elif status in ErrorCode.ELEMENT_IS_NOT_SELECTABLE:\n            exception_class = ElementNotSelectableException\n        elif status in ErrorCode.ELEMENT_NOT_INTERACTABLE:\n            exception_class = ElementNotInteractableException\n        elif status in ErrorCode.INVALID_COOKIE_DOMAIN:\n            exception_class = InvalidCookieDomainException\n        elif status in ErrorCode.UNABLE_TO_SET_COOKIE:\n            exception_class = UnableToSetCookieException\n        elif status in ErrorCode.TIMEOUT:\n            exception_class = TimeoutException\n        elif status in ErrorCode.SCRIPT_TIMEOUT:\n            exception_class = TimeoutException\n        elif status in ErrorCode.UNKNOWN_ERROR:\n            exception_class = WebDriverException\n        elif status in ErrorCode.UNEXPECTED_ALERT_OPEN:\n            exception_class = UnexpectedAlertPresentException\n        elif status in ErrorCode.NO_ALERT_OPEN:\n            exception_class = NoAlertPresentException\n        elif status in ErrorCode.IME_NOT_AVAILABLE:\n            exception_class = ImeNotAvailableException\n        elif status in ErrorCode.IME_ENGINE_ACTIVATION_FAILED:\n            exception_class = ImeActivationFailedException\n        elif status in ErrorCode.MOVE_TARGET_OUT_OF_BOUNDS:\n            exception_class = MoveTargetOutOfBoundsException\n        elif status in ErrorCode.JAVASCRIPT_ERROR:\n            exception_class = JavascriptException\n        elif status in ErrorCode.SESSION_NOT_CREATED:\n            exception_class = SessionNotCreatedException\n        elif status in ErrorCode.INVALID_ARGUMENT:\n            exception_class = InvalidArgumentException\n        elif status in ErrorCode.NO_SUCH_COOKIE:\n            exception_class = NoSuchCookieException\n        elif status in ErrorCode.UNABLE_TO_CAPTURE_SCREEN:\n            exception_class = ScreenshotException\n        elif status in ErrorCode.ELEMENT_CLICK_INTERCEPTED:\n            exception_class = ElementClickInterceptedException\n        elif status in ErrorCode.INSECURE_CERTIFICATE:\n            exception_class = InsecureCertificateException\n        elif status in ErrorCode.INVALID_COORDINATES:\n            exception_class = InvalidCoordinatesException\n        elif status in ErrorCode.INVALID_SESSION_ID:\n            exception_class = InvalidSessionIdException\n        elif status in ErrorCode.UNKNOWN_METHOD:\n            exception_class = UnknownMethodException\n        else:\n            exception_class = WebDriverException\n        if not value:\n            value = response[\"value\"]\n        if isinstance(value, str):\n            raise exception_class(value)\n        if message == \"\" and \"message\" in value:\n            message = value[\"message\"]\n    \n        screen = None  # type: ignore[assignment]\n        if \"screen\" in value:\n            screen = value[\"screen\"]\n    \n        stacktrace = None\n        st_value = value.get(\"stackTrace\") or value.get(\"stacktrace\")\n        if st_value:\n            if isinstance(st_value, str):\n                stacktrace = st_value.split(\"\\n\")\n            else:\n                stacktrace = []\n                try:\n                    for frame in st_value:\n                        line = frame.get(\"lineNumber\", \"\")\n                        file = frame.get(\"fileName\", \"<anonymous>\")\n                        if line:\n                            file = f\"{file}:{line}\"\n                        meth = frame.get(\"methodName\", \"<anonymous>\")\n                        if \"className\" in frame:\n                            meth = \"{}.{}\".format(frame[\"className\"], meth)\n                        msg = \"    at %s (%s)\"\n                        msg = msg % (meth, file)\n                        stacktrace.append(msg)\n                except TypeError:\n                    pass\n        if exception_class == UnexpectedAlertPresentException:\n            alert_text = None\n            if \"data\" in value:\n                alert_text = value[\"data\"].get(\"text\")\n            elif \"alert\" in value:\n                alert_text = value[\"alert\"].get(\"text\")\n            raise exception_class(message, screen, stacktrace, alert_text)  # type: ignore[call-arg]  # mypy is not smart enough here\n>       raise exception_class(message, screen, stacktrace)\nE       selenium.common.exceptions.WebDriverException: Message: unknown error: Chrome failed to start: exited abnormally.\nE         (unknown error: DevToolsActivePort file doesn't exist)\nE         (The process started from chrome location /usr/bin/google-chrome is no longer running, so ChromeDriver is assuming that Chrome has crashed.)\nE       Stacktrace:\nE       #0 0x560ca986c2a3 <unknown>\nE       #1 0x560ca962af77 <unknown>\nE       #2 0x560ca96535f7 <unknown>\nE       #3 0x560ca964f7d0 <unknown>\nE       #4 0x560ca96900b7 <unknown>\nE       #5 0x560ca968fa5f <unknown>\nE       #6 0x560ca9687903 <unknown>\nE       #7 0x560ca965aece <unknown>\nE       #8 0x560ca965bfde <unknown>\nE       #9 0x560ca98bc63e <unknown>\nE       #10 0x560ca98bfb79 <unknown>\nE       #11 0x560ca98a289e <unknown>\nE       #12 0x560ca98c0a83 <unknown>\nE       #13 0x560ca9895505 <unknown>\nE       #14 0x560ca98e1ca8 <unknown>\nE       #15 0x560ca98e1e36 <unknown>\nE       #16 0x560ca98fd333 <unknown>\nE       #17 0x7f9618ce2b43 <unknown>\n\n/opt/hostedtoolcache/Python/3.11.0/x64/lib/python3.11/site-packages/selenium/webdriver/remote/errorhandler.py:249: WebDriverException","flaky":false,"newFailed":false,"newBroken":false,"newPassed":false,"retriesCount":5,"retriesStatusChange":false,"beforeStages":[{"name":"browser","time":{"start":1670700720032,"stop":1670700720805,"duration":773},"status":"broken","statusMessage":"selenium.common.exceptions.WebDriverException: Message: unknown error: Chrome failed to start: exited abnormally.\n  (unknown error: DevToolsActivePort file doesn't exist)\n  (The process started from chrome location /usr/bin/google-chrome is no longer running, so ChromeDriver is assuming that Chrome has crashed.)\nStacktrace:\n#0 0x560ca986c2a3 <unknown>\n#1 0x560ca962af77 <unknown>\n#2 0x560ca96535f7 <unknown>\n#3 0x560ca964f7d0 <unknown>\n#4 0x560ca96900b7 <unknown>\n#5 0x560ca968fa5f <unknown>\n#6 0x560ca9687903 <unknown>\n#7 0x560ca965aece <unknown>\n#8 0x560ca965bfde <unknown>\n#9 0x560ca98bc63e <unknown>\n#10 0x560ca98bfb79 <unknown>\n#11 0x560ca98a289e <unknown>\n#12 0x560ca98c0a83 <unknown>\n#13 0x560ca9895505 <unknown>\n#14 0x560ca98e1ca8 <unknown>\n#15 0x560ca98e1e36 <unknown>\n#16 0x560ca98fd333 <unknown>\n#17 0x7f9618ce2b43 <unknown>\n\n","statusTrace":"  File \"/opt/hostedtoolcache/Python/3.11.0/x64/lib/python3.11/site-packages/pluggy/_callers.py\", line 39, in _multicall\n    res = hook_impl.function(*args)\n          ^^^^^^^^^^^^^^^^^^^^^^^^^\n  File \"/opt/hostedtoolcache/Python/3.11.0/x64/lib/python3.11/site-packages/_pytest/fixtures.py\", line 1128, in pytest_fixture_setup\n    result = call_fixture_func(fixturefunc, request, kwargs)\n             ^^^^^^^^^^^^^^^^^^^^^^^^^^^^^^^^^^^^^^^^^^^^^^^\n  File \"/opt/hostedtoolcache/Python/3.11.0/x64/lib/python3.11/site-packages/_pytest/fixtures.py\", line 900, in call_fixture_func\n    fixture_result = next(generator)\n                     ^^^^^^^^^^^^^^^\n  File \"/home/runner/work/fojin_site/fojin_site/conftest.py\", line 38, in browser\n    browser = webdriver.Chrome(service=ChromeService(ChromeDriverManager().install()), options=options)\n              ^^^^^^^^^^^^^^^^^^^^^^^^^^^^^^^^^^^^^^^^^^^^^^^^^^^^^^^^^^^^^^^^^^^^^^^^^^^^^^^^^^^^^^^^^\n  File \"/opt/hostedtoolcache/Python/3.11.0/x64/lib/python3.11/site-packages/selenium/webdriver/chrome/webdriver.py\", line 81, in __init__\n    super().__init__(\n  File \"/opt/hostedtoolcache/Python/3.11.0/x64/lib/python3.11/site-packages/selenium/webdriver/chromium/webdriver.py\", line 106, in __init__\n    super().__init__(\n  File \"/opt/hostedtoolcache/Python/3.11.0/x64/lib/python3.11/site-packages/selenium/webdriver/remote/webdriver.py\", line 288, in __init__\n    self.start_session(capabilities, browser_profile)\n  File \"/opt/hostedtoolcache/Python/3.11.0/x64/lib/python3.11/site-packages/selenium/webdriver/remote/webdriver.py\", line 381, in start_session\n    response = self.execute(Command.NEW_SESSION, parameters)\n               ^^^^^^^^^^^^^^^^^^^^^^^^^^^^^^^^^^^^^^^^^^^^^\n  File \"/opt/hostedtoolcache/Python/3.11.0/x64/lib/python3.11/site-packages/selenium/webdriver/remote/webdriver.py\", line 444, in execute\n    self.error_handler.check_response(response)\n  File \"/opt/hostedtoolcache/Python/3.11.0/x64/lib/python3.11/site-packages/selenium/webdriver/remote/errorhandler.py\", line 249, in check_response\n    raise exception_class(message, screen, stacktrace)\n","steps":[],"attachments":[],"parameters":[],"stepsCount":0,"attachmentsCount":0,"shouldDisplayMessage":true,"hasContent":true}],"afterStages":[],"labels":[{"name":"feature","value":"User can go to the policy page and to the social page links"},{"name":"parentSuite","value":"ui_tests"},{"name":"suite","value":"test_main_page"},{"name":"subSuite","value":"TestMainPage"},{"name":"host","value":"fv-az405-431"},{"name":"thread","value":"3035-MainThread"},{"name":"framework","value":"pytest"},{"name":"language","value":"cpython3"},{"name":"package","value":"ui_tests.test_main_page"},{"name":"resultFormat","value":"allure2"}],"parameters":[{"name":"browser","value":"'chrome'"},{"name":"element","value":"'vk.com/fojin'"},{"name":"locator","value":"('css selector', 'a.sc-5e48d489-4:nth-child(1)')"}],"links":[],"hidden":false,"retry":false,"extra":{"severity":"normal","retries":[{"uid":"9077be2df6ff41ec","status":"broken","statusDetails":"selenium.common.exceptions.WebDriverException: Message: unknown error: Chrome failed to start: exited abnormally.\n  (unknown error: DevToolsActivePort file doesn't exist)\n  (The process started from chrome location /usr/bin/google-chrome is no longer running, so ChromeDriver is assuming that Chrome has crashed.)\nStacktrace:\n#0 0x55e9606062a3 <unknown>\n#1 0x55e9603c4f77 <unknown>\n#2 0x55e9603ed5f7 <unknown>\n#3 0x55e9603e97d0 <unknown>\n#4 0x55e96042a0b7 <unknown>\n#5 0x55e960429a5f <unknown>\n#6 0x55e960421903 <unknown>\n#7 0x55e9603f4ece <unknown>\n#8 0x55e9603f5fde <unknown>\n#9 0x55e96065663e <unknown>\n#10 0x55e960659b79 <unknown>\n#11 0x55e96063c89e <unknown>\n#12 0x55e96065aa83 <unknown>\n#13 0x55e96062f505 <unknown>\n#14 0x55e96067bca8 <unknown>\n#15 0x55e96067be36 <unknown>\n#16 0x55e960697333 <unknown>\n#17 0x7f787ca69b43 <unknown>","time":{"start":1670700719219,"stop":1670700719219,"duration":0}},{"uid":"6e7036272e5e0df7","status":"broken","statusDetails":"selenium.common.exceptions.WebDriverException: Message: unknown error: Chrome failed to start: exited abnormally.\n  (unknown error: DevToolsActivePort file doesn't exist)\n  (The process started from chrome location /usr/bin/google-chrome is no longer running, so ChromeDriver is assuming that Chrome has crashed.)\nStacktrace:\n#0 0x55f560ec02a3 <unknown>\n#1 0x55f560c7ef77 <unknown>\n#2 0x55f560ca75f7 <unknown>\n#3 0x55f560ca37d0 <unknown>\n#4 0x55f560ce40b7 <unknown>\n#5 0x55f560ce3a5f <unknown>\n#6 0x55f560cdb903 <unknown>\n#7 0x55f560caeece <unknown>\n#8 0x55f560caffde <unknown>\n#9 0x55f560f1063e <unknown>\n#10 0x55f560f13b79 <unknown>\n#11 0x55f560ef689e <unknown>\n#12 0x55f560f14a83 <unknown>\n#13 0x55f560ee9505 <unknown>\n#14 0x55f560f35ca8 <unknown>\n#15 0x55f560f35e36 <unknown>\n#16 0x55f560f51333 <unknown>\n#17 0x7f1b2eecdb43 <unknown>","time":{"start":1670700718407,"stop":1670700718407,"duration":0}},{"uid":"c16450f0b534a9f3","status":"broken","statusDetails":"selenium.common.exceptions.WebDriverException: Message: unknown error: Chrome failed to start: exited abnormally.\n  (unknown error: DevToolsActivePort file doesn't exist)\n  (The process started from chrome location /usr/bin/google-chrome is no longer running, so ChromeDriver is assuming that Chrome has crashed.)\nStacktrace:\n#0 0x55c6defe52a3 <unknown>\n#1 0x55c6deda3f77 <unknown>\n#2 0x55c6dedcc5f7 <unknown>\n#3 0x55c6dedc87d0 <unknown>\n#4 0x55c6dee090b7 <unknown>\n#5 0x55c6dee08a5f <unknown>\n#6 0x55c6dee00903 <unknown>\n#7 0x55c6dedd3ece <unknown>\n#8 0x55c6dedd4fde <unknown>\n#9 0x55c6df03563e <unknown>\n#10 0x55c6df038b79 <unknown>\n#11 0x55c6df01b89e <unknown>\n#12 0x55c6df039a83 <unknown>\n#13 0x55c6df00e505 <unknown>\n#14 0x55c6df05aca8 <unknown>\n#15 0x55c6df05ae36 <unknown>\n#16 0x55c6df076333 <unknown>\n#17 0x7f2cf4ba2b43 <unknown>","time":{"start":1670700717593,"stop":1670700717593,"duration":0}},{"uid":"eecb9c7fa91d05fc","status":"broken","statusDetails":"selenium.common.exceptions.WebDriverException: Message: unknown error: Chrome failed to start: exited abnormally.\n  (unknown error: DevToolsActivePort file doesn't exist)\n  (The process started from chrome location /usr/bin/google-chrome is no longer running, so ChromeDriver is assuming that Chrome has crashed.)\nStacktrace:\n#0 0x5576febae2a3 <unknown>\n#1 0x5576fe96cf77 <unknown>\n#2 0x5576fe9955f7 <unknown>\n#3 0x5576fe9917d0 <unknown>\n#4 0x5576fe9d20b7 <unknown>\n#5 0x5576fe9d1a5f <unknown>\n#6 0x5576fe9c9903 <unknown>\n#7 0x5576fe99cece <unknown>\n#8 0x5576fe99dfde <unknown>\n#9 0x5576febfe63e <unknown>\n#10 0x5576fec01b79 <unknown>\n#11 0x5576febe489e <unknown>\n#12 0x5576fec02a83 <unknown>\n#13 0x5576febd7505 <unknown>\n#14 0x5576fec23ca8 <unknown>\n#15 0x5576fec23e36 <unknown>\n#16 0x5576fec3f333 <unknown>\n#17 0x7f2fdbfd6b43 <unknown>","time":{"start":1670700716779,"stop":1670700716779,"duration":0}},{"uid":"df3d1686d5959c13","status":"broken","statusDetails":"selenium.common.exceptions.WebDriverException: Message: unknown error: Chrome failed to start: exited abnormally.\n  (unknown error: DevToolsActivePort file doesn't exist)\n  (The process started from chrome location /usr/bin/google-chrome is no longer running, so ChromeDriver is assuming that Chrome has crashed.)\nStacktrace:\n#0 0x5605e0c112a3 <unknown>\n#1 0x5605e09cff77 <unknown>\n#2 0x5605e09f85f7 <unknown>\n#3 0x5605e09f47d0 <unknown>\n#4 0x5605e0a350b7 <unknown>\n#5 0x5605e0a34a5f <unknown>\n#6 0x5605e0a2c903 <unknown>\n#7 0x5605e09ffece <unknown>\n#8 0x5605e0a00fde <unknown>\n#9 0x5605e0c6163e <unknown>\n#10 0x5605e0c64b79 <unknown>\n#11 0x5605e0c4789e <unknown>\n#12 0x5605e0c65a83 <unknown>\n#13 0x5605e0c3a505 <unknown>\n#14 0x5605e0c86ca8 <unknown>\n#15 0x5605e0c86e36 <unknown>\n#16 0x5605e0ca2333 <unknown>\n#17 0x7f630fa4ab43 <unknown>","time":{"start":1670700715964,"stop":1670700715964,"duration":0}}],"categories":[{"name":"Test defects","matchedStatuses":[],"flaky":false}],"tags":[]},"source":"988c718566c47a39.json","parameterValues":["'chrome'","'vk.com/fojin'","('css selector', 'a.sc-5e48d489-4:nth-child(1)')"]}