{"uid":"f8c69904a879efa0","name":"test_positive_form_data[chrome]","fullName":"ui_tests.test_form_from_main_page.TestMainPageForm#test_positive_form_data","historyId":"3c2c4d7231cc010a700c25a3459b39f9","time":{"start":1670700662393,"stop":1670700662393,"duration":0},"description":"User is scrolling to the bottom and sends correct data","descriptionHtml":"<p>User is scrolling to the bottom and sends correct data</p>\n","status":"broken","statusMessage":"selenium.common.exceptions.WebDriverException: Message: unknown error: Chrome failed to start: exited abnormally.\n  (unknown error: DevToolsActivePort file doesn't exist)\n  (The process started from chrome location /usr/bin/google-chrome is no longer running, so ChromeDriver is assuming that Chrome has crashed.)\nStacktrace:\n#0 0x5650891d52a3 <unknown>\n#1 0x565088f93f77 <unknown>\n#2 0x565088fbc5f7 <unknown>\n#3 0x565088fb87d0 <unknown>\n#4 0x565088ff90b7 <unknown>\n#5 0x565088ff8a5f <unknown>\n#6 0x565088ff0903 <unknown>\n#7 0x565088fc3ece <unknown>\n#8 0x565088fc4fde <unknown>\n#9 0x56508922563e <unknown>\n#10 0x565089228b79 <unknown>\n#11 0x56508920b89e <unknown>\n#12 0x565089229a83 <unknown>\n#13 0x5650891fe505 <unknown>\n#14 0x56508924aca8 <unknown>\n#15 0x56508924ae36 <unknown>\n#16 0x565089266333 <unknown>\n#17 0x7f4cfa99eb43 <unknown>","statusTrace":"request = <SubRequest 'browser' for <Function test_positive_form_data[chrome]>>\n\n    @pytest.fixture(params=[\"chrome\", \"firefox\"])\n    def browser(request):\n        \"\"\"\n        the fixture downloads the latest driver and creates the browser instance with passed options\n        \"\"\"\n        headless = False  # changes the headless parameter for all browsers\n        match request.param:\n            case \"chrome\":\n                options = webdriver.ChromeOptions()\n                options.headless = headless\n                options.add_argument('--no-sandbox')\n                options.add_argument(\"--disable-dev-shm-usage\")\n>               browser = webdriver.Chrome(service=ChromeService(ChromeDriverManager().install()), options=options)\n\nconftest.py:38: \n_ _ _ _ _ _ _ _ _ _ _ _ _ _ _ _ _ _ _ _ _ _ _ _ _ _ _ _ _ _ _ _ _ _ _ _ _ _ _ _ \n/opt/hostedtoolcache/Python/3.11.0/x64/lib/python3.11/site-packages/selenium/webdriver/chrome/webdriver.py:81: in __init__\n    super().__init__(\n/opt/hostedtoolcache/Python/3.11.0/x64/lib/python3.11/site-packages/selenium/webdriver/chromium/webdriver.py:106: in __init__\n    super().__init__(\n/opt/hostedtoolcache/Python/3.11.0/x64/lib/python3.11/site-packages/selenium/webdriver/remote/webdriver.py:288: in __init__\n    self.start_session(capabilities, browser_profile)\n/opt/hostedtoolcache/Python/3.11.0/x64/lib/python3.11/site-packages/selenium/webdriver/remote/webdriver.py:381: in start_session\n    response = self.execute(Command.NEW_SESSION, parameters)\n/opt/hostedtoolcache/Python/3.11.0/x64/lib/python3.11/site-packages/selenium/webdriver/remote/webdriver.py:444: in execute\n    self.error_handler.check_response(response)\n_ _ _ _ _ _ _ _ _ _ _ _ _ _ _ _ _ _ _ _ _ _ _ _ _ _ _ _ _ _ _ _ _ _ _ _ _ _ _ _ \n\nself = <selenium.webdriver.remote.errorhandler.ErrorHandler object at 0x7f523496a090>\nresponse = {'status': 500, 'value': '{\"value\":{\"error\":\"unknown error\",\"message\":\"unknown error: Chrome failed to start: exited a...\\\\n#15 0x56508924ae36 \\\\u003Cunknown>\\\\n#16 0x565089266333 \\\\u003Cunknown>\\\\n#17 0x7f4cfa99eb43 \\\\u003Cunknown>\\\\n\"}}'}\n\n    def check_response(self, response: Dict[str, Any]) -> None:\n        \"\"\"\n        Checks that a JSON response from the WebDriver does not have an error.\n    \n        :Args:\n         - response - The JSON response from the WebDriver server as a dictionary\n           object.\n    \n        :Raises: If the response contains an error message.\n        \"\"\"\n        status = response.get(\"status\", None)\n        if not status or status == ErrorCode.SUCCESS:\n            return\n        value = None\n        message = response.get(\"message\", \"\")\n        screen: str = response.get(\"screen\", \"\")\n        stacktrace = None\n        if isinstance(status, int):\n            value_json = response.get(\"value\", None)\n            if value_json and isinstance(value_json, str):\n                import json\n    \n                try:\n                    value = json.loads(value_json)\n                    if len(value.keys()) == 1:\n                        value = value[\"value\"]\n                    status = value.get(\"error\", None)\n                    if not status:\n                        status = value.get(\"status\", ErrorCode.UNKNOWN_ERROR)\n                        message = value.get(\"value\") or value.get(\"message\")\n                        if not isinstance(message, str):\n                            value = message\n                            message = message.get(\"message\")\n                    else:\n                        message = value.get(\"message\", None)\n                except ValueError:\n                    pass\n    \n        exception_class: Type[WebDriverException]\n        if status in ErrorCode.NO_SUCH_ELEMENT:\n            exception_class = NoSuchElementException\n        elif status in ErrorCode.NO_SUCH_FRAME:\n            exception_class = NoSuchFrameException\n        elif status in ErrorCode.NO_SUCH_SHADOW_ROOT:\n            exception_class = NoSuchShadowRootException\n        elif status in ErrorCode.NO_SUCH_WINDOW:\n            exception_class = NoSuchWindowException\n        elif status in ErrorCode.STALE_ELEMENT_REFERENCE:\n            exception_class = StaleElementReferenceException\n        elif status in ErrorCode.ELEMENT_NOT_VISIBLE:\n            exception_class = ElementNotVisibleException\n        elif status in ErrorCode.INVALID_ELEMENT_STATE:\n            exception_class = InvalidElementStateException\n        elif (\n            status in ErrorCode.INVALID_SELECTOR\n            or status in ErrorCode.INVALID_XPATH_SELECTOR\n            or status in ErrorCode.INVALID_XPATH_SELECTOR_RETURN_TYPER\n        ):\n            exception_class = InvalidSelectorException\n        elif status in ErrorCode.ELEMENT_IS_NOT_SELECTABLE:\n            exception_class = ElementNotSelectableException\n        elif status in ErrorCode.ELEMENT_NOT_INTERACTABLE:\n            exception_class = ElementNotInteractableException\n        elif status in ErrorCode.INVALID_COOKIE_DOMAIN:\n            exception_class = InvalidCookieDomainException\n        elif status in ErrorCode.UNABLE_TO_SET_COOKIE:\n            exception_class = UnableToSetCookieException\n        elif status in ErrorCode.TIMEOUT:\n            exception_class = TimeoutException\n        elif status in ErrorCode.SCRIPT_TIMEOUT:\n            exception_class = TimeoutException\n        elif status in ErrorCode.UNKNOWN_ERROR:\n            exception_class = WebDriverException\n        elif status in ErrorCode.UNEXPECTED_ALERT_OPEN:\n            exception_class = UnexpectedAlertPresentException\n        elif status in ErrorCode.NO_ALERT_OPEN:\n            exception_class = NoAlertPresentException\n        elif status in ErrorCode.IME_NOT_AVAILABLE:\n            exception_class = ImeNotAvailableException\n        elif status in ErrorCode.IME_ENGINE_ACTIVATION_FAILED:\n            exception_class = ImeActivationFailedException\n        elif status in ErrorCode.MOVE_TARGET_OUT_OF_BOUNDS:\n            exception_class = MoveTargetOutOfBoundsException\n        elif status in ErrorCode.JAVASCRIPT_ERROR:\n            exception_class = JavascriptException\n        elif status in ErrorCode.SESSION_NOT_CREATED:\n            exception_class = SessionNotCreatedException\n        elif status in ErrorCode.INVALID_ARGUMENT:\n            exception_class = InvalidArgumentException\n        elif status in ErrorCode.NO_SUCH_COOKIE:\n            exception_class = NoSuchCookieException\n        elif status in ErrorCode.UNABLE_TO_CAPTURE_SCREEN:\n            exception_class = ScreenshotException\n        elif status in ErrorCode.ELEMENT_CLICK_INTERCEPTED:\n            exception_class = ElementClickInterceptedException\n        elif status in ErrorCode.INSECURE_CERTIFICATE:\n            exception_class = InsecureCertificateException\n        elif status in ErrorCode.INVALID_COORDINATES:\n            exception_class = InvalidCoordinatesException\n        elif status in ErrorCode.INVALID_SESSION_ID:\n            exception_class = InvalidSessionIdException\n        elif status in ErrorCode.UNKNOWN_METHOD:\n            exception_class = UnknownMethodException\n        else:\n            exception_class = WebDriverException\n        if not value:\n            value = response[\"value\"]\n        if isinstance(value, str):\n            raise exception_class(value)\n        if message == \"\" and \"message\" in value:\n            message = value[\"message\"]\n    \n        screen = None  # type: ignore[assignment]\n        if \"screen\" in value:\n            screen = value[\"screen\"]\n    \n        stacktrace = None\n        st_value = value.get(\"stackTrace\") or value.get(\"stacktrace\")\n        if st_value:\n            if isinstance(st_value, str):\n                stacktrace = st_value.split(\"\\n\")\n            else:\n                stacktrace = []\n                try:\n                    for frame in st_value:\n                        line = frame.get(\"lineNumber\", \"\")\n                        file = frame.get(\"fileName\", \"<anonymous>\")\n                        if line:\n                            file = f\"{file}:{line}\"\n                        meth = frame.get(\"methodName\", \"<anonymous>\")\n                        if \"className\" in frame:\n                            meth = \"{}.{}\".format(frame[\"className\"], meth)\n                        msg = \"    at %s (%s)\"\n                        msg = msg % (meth, file)\n                        stacktrace.append(msg)\n                except TypeError:\n                    pass\n        if exception_class == UnexpectedAlertPresentException:\n            alert_text = None\n            if \"data\" in value:\n                alert_text = value[\"data\"].get(\"text\")\n            elif \"alert\" in value:\n                alert_text = value[\"alert\"].get(\"text\")\n            raise exception_class(message, screen, stacktrace, alert_text)  # type: ignore[call-arg]  # mypy is not smart enough here\n>       raise exception_class(message, screen, stacktrace)\nE       selenium.common.exceptions.WebDriverException: Message: unknown error: Chrome failed to start: exited abnormally.\nE         (unknown error: DevToolsActivePort file doesn't exist)\nE         (The process started from chrome location /usr/bin/google-chrome is no longer running, so ChromeDriver is assuming that Chrome has crashed.)\nE       Stacktrace:\nE       #0 0x5650891d52a3 <unknown>\nE       #1 0x565088f93f77 <unknown>\nE       #2 0x565088fbc5f7 <unknown>\nE       #3 0x565088fb87d0 <unknown>\nE       #4 0x565088ff90b7 <unknown>\nE       #5 0x565088ff8a5f <unknown>\nE       #6 0x565088ff0903 <unknown>\nE       #7 0x565088fc3ece <unknown>\nE       #8 0x565088fc4fde <unknown>\nE       #9 0x56508922563e <unknown>\nE       #10 0x565089228b79 <unknown>\nE       #11 0x56508920b89e <unknown>\nE       #12 0x565089229a83 <unknown>\nE       #13 0x5650891fe505 <unknown>\nE       #14 0x56508924aca8 <unknown>\nE       #15 0x56508924ae36 <unknown>\nE       #16 0x565089266333 <unknown>\nE       #17 0x7f4cfa99eb43 <unknown>\n\n/opt/hostedtoolcache/Python/3.11.0/x64/lib/python3.11/site-packages/selenium/webdriver/remote/errorhandler.py:249: WebDriverException","flaky":false,"newFailed":false,"newBroken":false,"newPassed":false,"retriesCount":5,"retriesStatusChange":false,"beforeStages":[{"name":"browser","time":{"start":1670700662393,"stop":1670700663165,"duration":772},"status":"broken","statusMessage":"selenium.common.exceptions.WebDriverException: Message: unknown error: Chrome failed to start: exited abnormally.\n  (unknown error: DevToolsActivePort file doesn't exist)\n  (The process started from chrome location /usr/bin/google-chrome is no longer running, so ChromeDriver is assuming that Chrome has crashed.)\nStacktrace:\n#0 0x5650891d52a3 <unknown>\n#1 0x565088f93f77 <unknown>\n#2 0x565088fbc5f7 <unknown>\n#3 0x565088fb87d0 <unknown>\n#4 0x565088ff90b7 <unknown>\n#5 0x565088ff8a5f <unknown>\n#6 0x565088ff0903 <unknown>\n#7 0x565088fc3ece <unknown>\n#8 0x565088fc4fde <unknown>\n#9 0x56508922563e <unknown>\n#10 0x565089228b79 <unknown>\n#11 0x56508920b89e <unknown>\n#12 0x565089229a83 <unknown>\n#13 0x5650891fe505 <unknown>\n#14 0x56508924aca8 <unknown>\n#15 0x56508924ae36 <unknown>\n#16 0x565089266333 <unknown>\n#17 0x7f4cfa99eb43 <unknown>\n\n","statusTrace":"  File \"/opt/hostedtoolcache/Python/3.11.0/x64/lib/python3.11/site-packages/pluggy/_callers.py\", line 39, in _multicall\n    res = hook_impl.function(*args)\n          ^^^^^^^^^^^^^^^^^^^^^^^^^\n  File \"/opt/hostedtoolcache/Python/3.11.0/x64/lib/python3.11/site-packages/_pytest/fixtures.py\", line 1128, in pytest_fixture_setup\n    result = call_fixture_func(fixturefunc, request, kwargs)\n             ^^^^^^^^^^^^^^^^^^^^^^^^^^^^^^^^^^^^^^^^^^^^^^^\n  File \"/opt/hostedtoolcache/Python/3.11.0/x64/lib/python3.11/site-packages/_pytest/fixtures.py\", line 900, in call_fixture_func\n    fixture_result = next(generator)\n                     ^^^^^^^^^^^^^^^\n  File \"/home/runner/work/fojin_site/fojin_site/conftest.py\", line 38, in browser\n    browser = webdriver.Chrome(service=ChromeService(ChromeDriverManager().install()), options=options)\n              ^^^^^^^^^^^^^^^^^^^^^^^^^^^^^^^^^^^^^^^^^^^^^^^^^^^^^^^^^^^^^^^^^^^^^^^^^^^^^^^^^^^^^^^^^\n  File \"/opt/hostedtoolcache/Python/3.11.0/x64/lib/python3.11/site-packages/selenium/webdriver/chrome/webdriver.py\", line 81, in __init__\n    super().__init__(\n  File \"/opt/hostedtoolcache/Python/3.11.0/x64/lib/python3.11/site-packages/selenium/webdriver/chromium/webdriver.py\", line 106, in __init__\n    super().__init__(\n  File \"/opt/hostedtoolcache/Python/3.11.0/x64/lib/python3.11/site-packages/selenium/webdriver/remote/webdriver.py\", line 288, in __init__\n    self.start_session(capabilities, browser_profile)\n  File \"/opt/hostedtoolcache/Python/3.11.0/x64/lib/python3.11/site-packages/selenium/webdriver/remote/webdriver.py\", line 381, in start_session\n    response = self.execute(Command.NEW_SESSION, parameters)\n               ^^^^^^^^^^^^^^^^^^^^^^^^^^^^^^^^^^^^^^^^^^^^^\n  File \"/opt/hostedtoolcache/Python/3.11.0/x64/lib/python3.11/site-packages/selenium/webdriver/remote/webdriver.py\", line 444, in execute\n    self.error_handler.check_response(response)\n  File \"/opt/hostedtoolcache/Python/3.11.0/x64/lib/python3.11/site-packages/selenium/webdriver/remote/errorhandler.py\", line 249, in check_response\n    raise exception_class(message, screen, stacktrace)\n","steps":[],"attachments":[],"parameters":[],"stepsCount":0,"attachmentsCount":0,"shouldDisplayMessage":true,"hasContent":true}],"afterStages":[],"labels":[{"name":"feature","value":"User sends correct data"},{"name":"parentSuite","value":"ui_tests"},{"name":"suite","value":"test_form_from_main_page"},{"name":"subSuite","value":"TestMainPageForm"},{"name":"host","value":"fv-az405-431"},{"name":"thread","value":"3035-MainThread"},{"name":"framework","value":"pytest"},{"name":"language","value":"cpython3"},{"name":"package","value":"ui_tests.test_form_from_main_page"},{"name":"resultFormat","value":"allure2"}],"parameters":[{"name":"browser","value":"'chrome'"}],"links":[],"hidden":false,"retry":false,"extra":{"severity":"normal","retries":[{"uid":"63880cd772672563","status":"broken","statusDetails":"selenium.common.exceptions.WebDriverException: Message: unknown error: Chrome failed to start: exited abnormally.\n  (unknown error: DevToolsActivePort file doesn't exist)\n  (The process started from chrome location /usr/bin/google-chrome is no longer running, so ChromeDriver is assuming that Chrome has crashed.)\nStacktrace:\n#0 0x564213f642a3 <unknown>\n#1 0x564213d22f77 <unknown>\n#2 0x564213d4b5f7 <unknown>\n#3 0x564213d477d0 <unknown>\n#4 0x564213d880b7 <unknown>\n#5 0x564213d87a5f <unknown>\n#6 0x564213d7f903 <unknown>\n#7 0x564213d52ece <unknown>\n#8 0x564213d53fde <unknown>\n#9 0x564213fb463e <unknown>\n#10 0x564213fb7b79 <unknown>\n#11 0x564213f9a89e <unknown>\n#12 0x564213fb8a83 <unknown>\n#13 0x564213f8d505 <unknown>\n#14 0x564213fd9ca8 <unknown>\n#15 0x564213fd9e36 <unknown>\n#16 0x564213ff5333 <unknown>\n#17 0x7f075ede7b43 <unknown>","time":{"start":1670700661582,"stop":1670700661582,"duration":0}},{"uid":"9a735a3e66fc405f","status":"broken","statusDetails":"selenium.common.exceptions.WebDriverException: Message: unknown error: Chrome failed to start: exited abnormally.\n  (unknown error: DevToolsActivePort file doesn't exist)\n  (The process started from chrome location /usr/bin/google-chrome is no longer running, so ChromeDriver is assuming that Chrome has crashed.)\nStacktrace:\n#0 0x564939d292a3 <unknown>\n#1 0x564939ae7f77 <unknown>\n#2 0x564939b105f7 <unknown>\n#3 0x564939b0c7d0 <unknown>\n#4 0x564939b4d0b7 <unknown>\n#5 0x564939b4ca5f <unknown>\n#6 0x564939b44903 <unknown>\n#7 0x564939b17ece <unknown>\n#8 0x564939b18fde <unknown>\n#9 0x564939d7963e <unknown>\n#10 0x564939d7cb79 <unknown>\n#11 0x564939d5f89e <unknown>\n#12 0x564939d7da83 <unknown>\n#13 0x564939d52505 <unknown>\n#14 0x564939d9eca8 <unknown>\n#15 0x564939d9ee36 <unknown>\n#16 0x564939dba333 <unknown>\n#17 0x7fd650f45b43 <unknown>","time":{"start":1670700660759,"stop":1670700660759,"duration":0}},{"uid":"320de3cf823951bb","status":"broken","statusDetails":"selenium.common.exceptions.WebDriverException: Message: unknown error: Chrome failed to start: exited abnormally.\n  (unknown error: DevToolsActivePort file doesn't exist)\n  (The process started from chrome location /usr/bin/google-chrome is no longer running, so ChromeDriver is assuming that Chrome has crashed.)\nStacktrace:\n#0 0x555575bad2a3 <unknown>\n#1 0x55557596bf77 <unknown>\n#2 0x5555759945f7 <unknown>\n#3 0x5555759907d0 <unknown>\n#4 0x5555759d10b7 <unknown>\n#5 0x5555759d0a5f <unknown>\n#6 0x5555759c8903 <unknown>\n#7 0x55557599bece <unknown>\n#8 0x55557599cfde <unknown>\n#9 0x555575bfd63e <unknown>\n#10 0x555575c00b79 <unknown>\n#11 0x555575be389e <unknown>\n#12 0x555575c01a83 <unknown>\n#13 0x555575bd6505 <unknown>\n#14 0x555575c22ca8 <unknown>\n#15 0x555575c22e36 <unknown>\n#16 0x555575c3e333 <unknown>\n#17 0x7f5c975bcb43 <unknown>","time":{"start":1670700659942,"stop":1670700659942,"duration":0}},{"uid":"d653f44dc45b3adc","status":"broken","statusDetails":"selenium.common.exceptions.WebDriverException: Message: unknown error: Chrome failed to start: exited abnormally.\n  (unknown error: DevToolsActivePort file doesn't exist)\n  (The process started from chrome location /usr/bin/google-chrome is no longer running, so ChromeDriver is assuming that Chrome has crashed.)\nStacktrace:\n#0 0x559cecac12a3 <unknown>\n#1 0x559cec87ff77 <unknown>\n#2 0x559cec8a85f7 <unknown>\n#3 0x559cec8a47d0 <unknown>\n#4 0x559cec8e50b7 <unknown>\n#5 0x559cec8e4a5f <unknown>\n#6 0x559cec8dc903 <unknown>\n#7 0x559cec8afece <unknown>\n#8 0x559cec8b0fde <unknown>\n#9 0x559cecb1163e <unknown>\n#10 0x559cecb14b79 <unknown>\n#11 0x559cecaf789e <unknown>\n#12 0x559cecb15a83 <unknown>\n#13 0x559cecaea505 <unknown>\n#14 0x559cecb36ca8 <unknown>\n#15 0x559cecb36e36 <unknown>\n#16 0x559cecb52333 <unknown>\n#17 0x7f4530283b43 <unknown>","time":{"start":1670700659127,"stop":1670700659127,"duration":0}},{"uid":"b13f7d874b08e97b","status":"broken","statusDetails":"selenium.common.exceptions.WebDriverException: Message: unknown error: Chrome failed to start: exited abnormally.\n  (unknown error: DevToolsActivePort file doesn't exist)\n  (The process started from chrome location /usr/bin/google-chrome is no longer running, so ChromeDriver is assuming that Chrome has crashed.)\nStacktrace:\n#0 0x5576982d32a3 <unknown>\n#1 0x557698091f77 <unknown>\n#2 0x5576980ba5f7 <unknown>\n#3 0x5576980b67d0 <unknown>\n#4 0x5576980f70b7 <unknown>\n#5 0x5576980f6a5f <unknown>\n#6 0x5576980ee903 <unknown>\n#7 0x5576980c1ece <unknown>\n#8 0x5576980c2fde <unknown>\n#9 0x55769832363e <unknown>\n#10 0x557698326b79 <unknown>\n#11 0x55769830989e <unknown>\n#12 0x557698327a83 <unknown>\n#13 0x5576982fc505 <unknown>\n#14 0x557698348ca8 <unknown>\n#15 0x557698348e36 <unknown>\n#16 0x557698364333 <unknown>\n#17 0x7f9eced62b43 <unknown>","time":{"start":1670700658314,"stop":1670700658314,"duration":0}}],"categories":[{"name":"Test defects","matchedStatuses":[],"flaky":false}],"tags":[]},"source":"f8c69904a879efa0.json","parameterValues":["'chrome'"]}