{"uid":"93a707848fad13d2","name":"test_positive_form_data","fullName":"ui_tests.test_form_from_main_page.TestMainPageForm#test_positive_form_data","historyId":"e6bf1e0dcb92070ea6251bd1fd04d7fa","time":{"start":1670699088666,"stop":1670699097659,"duration":8993},"description":"User is scrolling to the bottom and sends correct data","descriptionHtml":"<p>User is scrolling to the bottom and sends correct data</p>\n","status":"failed","statusMessage":"AssertionError: Not success popup presented","statusTrace":"self = <ui_tests.test_form_from_main_page.TestMainPageForm object at 0x7f7c0e78ac90>\nbrowser = <selenium.webdriver.chrome.webdriver.WebDriver (session=\"3740ec1f098c020aa876ce28e1e18cca\")>\npositive_data_case = [(('name', 'name'), 'test_user'), (('name', 'email'), 'test@fojin.tech'), (('name', 'phone'), '12345678901'), (('name', 'about'), 'some useless information')]\n\n    @allure.feature('User sends correct data')\n    @allure.description('User is scrolling to the bottom and sends correct data')\n    def test_positive_form_data(self, browser, positive_data_case: list):\n        \"\"\"\n          Test fills the application with correct data and checks the popup answer\n        \"\"\"\n        page = MainPage(browser, self.url)\n        page.open()\n        for data in positive_data_case:\n            page.input_data_to_form(data)\n        page.scroll_to_and_click_element(FormLocators.SEND_BUTTON)\n        page.expl_wait_for_elem_visibility(FormLocators.POPUP)\n>       page.check_popup_is_presented(FormLocators.POPUP)\n\nui_tests/test_form_from_main_page.py:27: \n_ _ _ _ _ _ _ _ _ _ _ _ _ _ _ _ _ _ _ _ _ _ _ _ _ _ _ _ _ _ _ _ _ _ _ _ _ _ _ _ \n\nself = <ui_tests.pages.main_page.MainPage object at 0x7f7c0e696550>\nlocator = ('css selector', '#form > div > div > div')\n\n    def check_popup_is_presented(self, locator):\n        \"\"\"\n        Test checks that success message appears\n        \"\"\"\n        popup = self.browser.find_element(*locator)\n        print(popup.text)\n>       assert popup.is_displayed(), 'Not success popup presented'\nE       AssertionError: Not success popup presented\n\nui_tests/pages/main_page.py:80: AssertionError","flaky":false,"newFailed":false,"newBroken":false,"newPassed":false,"retriesCount":0,"retriesStatusChange":false,"beforeStages":[{"name":"browser","time":{"start":1670699087781,"stop":1670699088665,"duration":884},"status":"passed","steps":[],"attachments":[],"parameters":[],"stepsCount":0,"attachmentsCount":0,"shouldDisplayMessage":false,"hasContent":false},{"name":"positive_data_case","time":{"start":1670699088666,"stop":1670699088666,"duration":0},"status":"passed","steps":[],"attachments":[],"parameters":[],"stepsCount":0,"attachmentsCount":0,"shouldDisplayMessage":false,"hasContent":false}],"testStage":{"description":"User is scrolling to the bottom and sends correct data","status":"failed","statusMessage":"AssertionError: Not success popup presented","statusTrace":"self = <ui_tests.test_form_from_main_page.TestMainPageForm object at 0x7f7c0e78ac90>\nbrowser = <selenium.webdriver.chrome.webdriver.WebDriver (session=\"3740ec1f098c020aa876ce28e1e18cca\")>\npositive_data_case = [(('name', 'name'), 'test_user'), (('name', 'email'), 'test@fojin.tech'), (('name', 'phone'), '12345678901'), (('name', 'about'), 'some useless information')]\n\n    @allure.feature('User sends correct data')\n    @allure.description('User is scrolling to the bottom and sends correct data')\n    def test_positive_form_data(self, browser, positive_data_case: list):\n        \"\"\"\n          Test fills the application with correct data and checks the popup answer\n        \"\"\"\n        page = MainPage(browser, self.url)\n        page.open()\n        for data in positive_data_case:\n            page.input_data_to_form(data)\n        page.scroll_to_and_click_element(FormLocators.SEND_BUTTON)\n        page.expl_wait_for_elem_visibility(FormLocators.POPUP)\n>       page.check_popup_is_presented(FormLocators.POPUP)\n\nui_tests/test_form_from_main_page.py:27: \n_ _ _ _ _ _ _ _ _ _ _ _ _ _ _ _ _ _ _ _ _ _ _ _ _ _ _ _ _ _ _ _ _ _ _ _ _ _ _ _ \n\nself = <ui_tests.pages.main_page.MainPage object at 0x7f7c0e696550>\nlocator = ('css selector', '#form > div > div > div')\n\n    def check_popup_is_presented(self, locator):\n        \"\"\"\n        Test checks that success message appears\n        \"\"\"\n        popup = self.browser.find_element(*locator)\n        print(popup.text)\n>       assert popup.is_displayed(), 'Not success popup presented'\nE       AssertionError: Not success popup presented\n\nui_tests/pages/main_page.py:80: AssertionError","steps":[],"attachments":[{"uid":"7d38083de8fee1ce","name":"stdout","source":"7d38083de8fee1ce.txt","type":"text/plain","size":1}],"parameters":[],"stepsCount":0,"attachmentsCount":1,"shouldDisplayMessage":true,"hasContent":true},"afterStages":[{"name":"browser::0","time":{"start":1670699097665,"stop":1670699097722,"duration":57},"status":"passed","steps":[],"attachments":[],"parameters":[],"stepsCount":0,"attachmentsCount":0,"shouldDisplayMessage":false,"hasContent":false}],"labels":[{"name":"feature","value":"User sends correct data"},{"name":"parentSuite","value":"ui_tests"},{"name":"suite","value":"test_form_from_main_page"},{"name":"subSuite","value":"TestMainPageForm"},{"name":"host","value":"fv-az558-690"},{"name":"thread","value":"3139-MainThread"},{"name":"framework","value":"pytest"},{"name":"language","value":"cpython3"},{"name":"package","value":"ui_tests.test_form_from_main_page"},{"name":"resultFormat","value":"allure2"}],"parameters":[],"links":[],"hidden":true,"retry":true,"extra":{"categories":[],"tags":[]},"source":"93a707848fad13d2.json","parameterValues":[]}