{"uid":"23474a78f327cca9","name":"test_link_names[chrome--locator0]","fullName":"ui_tests.test_main_page.TestMainPage#test_link_names","historyId":"dc0f5ae364310d6f7092d4bb83b70808","time":{"start":1670704042811,"stop":1670704045574,"duration":2763},"description":"\n        user can go to all top links from the main page\n        ","descriptionHtml":"<pre><code>    user can go to all top links from the main page\n</code></pre>\n","status":"broken","statusMessage":"selenium.common.exceptions.NoSuchElementException: Message: no such element: Unable to locate element: {\"method\":\"css selector\",\"selector\":\".sc-fbcb99c0-1 > a:nth-child(1) > img:nth-child(1)\"}\n  (Session info: headless chrome=108.0.5359.94)\nStacktrace:\n#0 0x55ef702342a3 <unknown>\n#1 0x55ef6fff2f77 <unknown>\n#2 0x55ef7002f80c <unknown>\n#3 0x55ef7002fa71 <unknown>\n#4 0x55ef70069734 <unknown>\n#5 0x55ef7004fb5d <unknown>\n#6 0x55ef7006747c <unknown>\n#7 0x55ef7004f903 <unknown>\n#8 0x55ef70022ece <unknown>\n#9 0x55ef70023fde <unknown>\n#10 0x55ef7028463e <unknown>\n#11 0x55ef70287b79 <unknown>\n#12 0x55ef7026a89e <unknown>\n#13 0x55ef70288a83 <unknown>\n#14 0x55ef7025d505 <unknown>\n#15 0x55ef702a9ca8 <unknown>\n#16 0x55ef702a9e36 <unknown>\n#17 0x55ef702c5333 <unknown>\n#18 0x7f9d291f9b43 <unknown>","statusTrace":"self = <ui_tests.test_main_page.TestMainPage object at 0x7f836ad7cb50>\nbrowser = <selenium.webdriver.chrome.webdriver.WebDriver (session=\"5ad110a120b257455a1c6175b75685c6\")>\nendpoint = ''\nlocator = ('css selector', '.sc-fbcb99c0-1 > a:nth-child(1) > img:nth-child(1)')\n\n    @allure.feature('User can go to all top links')\n    @pytest.mark.parametrize('endpoint, locator', list(zip(endpoints, links_list)))\n    def test_link_names(self, browser, endpoint: str, locator: tuple):\n        \"\"\"\n        user can go to all top links from the main page\n        \"\"\"\n        page = MainPage(browser, self.url)\n        page.open()\n>       page.scroll_to_and_click_element(locator)\n\nui_tests/test_main_page.py:47: \n_ _ _ _ _ _ _ _ _ _ _ _ _ _ _ _ _ _ _ _ _ _ _ _ _ _ _ _ _ _ _ _ _ _ _ _ _ _ _ _ \nui_tests/pages/main_page.py:32: in scroll_to_and_click_element\n    element = self.browser.find_element(*locator)\n/opt/hostedtoolcache/Python/3.11.0/x64/lib/python3.11/site-packages/selenium/webdriver/remote/webdriver.py:861: in find_element\n    return self.execute(Command.FIND_ELEMENT, {\"using\": by, \"value\": value})[\"value\"]\n/opt/hostedtoolcache/Python/3.11.0/x64/lib/python3.11/site-packages/selenium/webdriver/remote/webdriver.py:444: in execute\n    self.error_handler.check_response(response)\n_ _ _ _ _ _ _ _ _ _ _ _ _ _ _ _ _ _ _ _ _ _ _ _ _ _ _ _ _ _ _ _ _ _ _ _ _ _ _ _ \n\nself = <selenium.webdriver.remote.errorhandler.ErrorHandler object at 0x7f8369ab3890>\nresponse = {'status': 404, 'value': '{\"value\":{\"error\":\"no such element\",\"message\":\"no such element: Unable to locate element: {\\...\\\\n#16 0x55ef702a9e36 \\\\u003Cunknown>\\\\n#17 0x55ef702c5333 \\\\u003Cunknown>\\\\n#18 0x7f9d291f9b43 \\\\u003Cunknown>\\\\n\"}}'}\n\n    def check_response(self, response: Dict[str, Any]) -> None:\n        \"\"\"\n        Checks that a JSON response from the WebDriver does not have an error.\n    \n        :Args:\n         - response - The JSON response from the WebDriver server as a dictionary\n           object.\n    \n        :Raises: If the response contains an error message.\n        \"\"\"\n        status = response.get(\"status\", None)\n        if not status or status == ErrorCode.SUCCESS:\n            return\n        value = None\n        message = response.get(\"message\", \"\")\n        screen: str = response.get(\"screen\", \"\")\n        stacktrace = None\n        if isinstance(status, int):\n            value_json = response.get(\"value\", None)\n            if value_json and isinstance(value_json, str):\n                import json\n    \n                try:\n                    value = json.loads(value_json)\n                    if len(value.keys()) == 1:\n                        value = value[\"value\"]\n                    status = value.get(\"error\", None)\n                    if not status:\n                        status = value.get(\"status\", ErrorCode.UNKNOWN_ERROR)\n                        message = value.get(\"value\") or value.get(\"message\")\n                        if not isinstance(message, str):\n                            value = message\n                            message = message.get(\"message\")\n                    else:\n                        message = value.get(\"message\", None)\n                except ValueError:\n                    pass\n    \n        exception_class: Type[WebDriverException]\n        if status in ErrorCode.NO_SUCH_ELEMENT:\n            exception_class = NoSuchElementException\n        elif status in ErrorCode.NO_SUCH_FRAME:\n            exception_class = NoSuchFrameException\n        elif status in ErrorCode.NO_SUCH_SHADOW_ROOT:\n            exception_class = NoSuchShadowRootException\n        elif status in ErrorCode.NO_SUCH_WINDOW:\n            exception_class = NoSuchWindowException\n        elif status in ErrorCode.STALE_ELEMENT_REFERENCE:\n            exception_class = StaleElementReferenceException\n        elif status in ErrorCode.ELEMENT_NOT_VISIBLE:\n            exception_class = ElementNotVisibleException\n        elif status in ErrorCode.INVALID_ELEMENT_STATE:\n            exception_class = InvalidElementStateException\n        elif (\n            status in ErrorCode.INVALID_SELECTOR\n            or status in ErrorCode.INVALID_XPATH_SELECTOR\n            or status in ErrorCode.INVALID_XPATH_SELECTOR_RETURN_TYPER\n        ):\n            exception_class = InvalidSelectorException\n        elif status in ErrorCode.ELEMENT_IS_NOT_SELECTABLE:\n            exception_class = ElementNotSelectableException\n        elif status in ErrorCode.ELEMENT_NOT_INTERACTABLE:\n            exception_class = ElementNotInteractableException\n        elif status in ErrorCode.INVALID_COOKIE_DOMAIN:\n            exception_class = InvalidCookieDomainException\n        elif status in ErrorCode.UNABLE_TO_SET_COOKIE:\n            exception_class = UnableToSetCookieException\n        elif status in ErrorCode.TIMEOUT:\n            exception_class = TimeoutException\n        elif status in ErrorCode.SCRIPT_TIMEOUT:\n            exception_class = TimeoutException\n        elif status in ErrorCode.UNKNOWN_ERROR:\n            exception_class = WebDriverException\n        elif status in ErrorCode.UNEXPECTED_ALERT_OPEN:\n            exception_class = UnexpectedAlertPresentException\n        elif status in ErrorCode.NO_ALERT_OPEN:\n            exception_class = NoAlertPresentException\n        elif status in ErrorCode.IME_NOT_AVAILABLE:\n            exception_class = ImeNotAvailableException\n        elif status in ErrorCode.IME_ENGINE_ACTIVATION_FAILED:\n            exception_class = ImeActivationFailedException\n        elif status in ErrorCode.MOVE_TARGET_OUT_OF_BOUNDS:\n            exception_class = MoveTargetOutOfBoundsException\n        elif status in ErrorCode.JAVASCRIPT_ERROR:\n            exception_class = JavascriptException\n        elif status in ErrorCode.SESSION_NOT_CREATED:\n            exception_class = SessionNotCreatedException\n        elif status in ErrorCode.INVALID_ARGUMENT:\n            exception_class = InvalidArgumentException\n        elif status in ErrorCode.NO_SUCH_COOKIE:\n            exception_class = NoSuchCookieException\n        elif status in ErrorCode.UNABLE_TO_CAPTURE_SCREEN:\n            exception_class = ScreenshotException\n        elif status in ErrorCode.ELEMENT_CLICK_INTERCEPTED:\n            exception_class = ElementClickInterceptedException\n        elif status in ErrorCode.INSECURE_CERTIFICATE:\n            exception_class = InsecureCertificateException\n        elif status in ErrorCode.INVALID_COORDINATES:\n            exception_class = InvalidCoordinatesException\n        elif status in ErrorCode.INVALID_SESSION_ID:\n            exception_class = InvalidSessionIdException\n        elif status in ErrorCode.UNKNOWN_METHOD:\n            exception_class = UnknownMethodException\n        else:\n            exception_class = WebDriverException\n        if not value:\n            value = response[\"value\"]\n        if isinstance(value, str):\n            raise exception_class(value)\n        if message == \"\" and \"message\" in value:\n            message = value[\"message\"]\n    \n        screen = None  # type: ignore[assignment]\n        if \"screen\" in value:\n            screen = value[\"screen\"]\n    \n        stacktrace = None\n        st_value = value.get(\"stackTrace\") or value.get(\"stacktrace\")\n        if st_value:\n            if isinstance(st_value, str):\n                stacktrace = st_value.split(\"\\n\")\n            else:\n                stacktrace = []\n                try:\n                    for frame in st_value:\n                        line = frame.get(\"lineNumber\", \"\")\n                        file = frame.get(\"fileName\", \"<anonymous>\")\n                        if line:\n                            file = f\"{file}:{line}\"\n                        meth = frame.get(\"methodName\", \"<anonymous>\")\n                        if \"className\" in frame:\n                            meth = \"{}.{}\".format(frame[\"className\"], meth)\n                        msg = \"    at %s (%s)\"\n                        msg = msg % (meth, file)\n                        stacktrace.append(msg)\n                except TypeError:\n                    pass\n        if exception_class == UnexpectedAlertPresentException:\n            alert_text = None\n            if \"data\" in value:\n                alert_text = value[\"data\"].get(\"text\")\n            elif \"alert\" in value:\n                alert_text = value[\"alert\"].get(\"text\")\n            raise exception_class(message, screen, stacktrace, alert_text)  # type: ignore[call-arg]  # mypy is not smart enough here\n>       raise exception_class(message, screen, stacktrace)\nE       selenium.common.exceptions.NoSuchElementException: Message: no such element: Unable to locate element: {\"method\":\"css selector\",\"selector\":\".sc-fbcb99c0-1 > a:nth-child(1) > img:nth-child(1)\"}\nE         (Session info: headless chrome=108.0.5359.94)\nE       Stacktrace:\nE       #0 0x55ef702342a3 <unknown>\nE       #1 0x55ef6fff2f77 <unknown>\nE       #2 0x55ef7002f80c <unknown>\nE       #3 0x55ef7002fa71 <unknown>\nE       #4 0x55ef70069734 <unknown>\nE       #5 0x55ef7004fb5d <unknown>\nE       #6 0x55ef7006747c <unknown>\nE       #7 0x55ef7004f903 <unknown>\nE       #8 0x55ef70022ece <unknown>\nE       #9 0x55ef70023fde <unknown>\nE       #10 0x55ef7028463e <unknown>\nE       #11 0x55ef70287b79 <unknown>\nE       #12 0x55ef7026a89e <unknown>\nE       #13 0x55ef70288a83 <unknown>\nE       #14 0x55ef7025d505 <unknown>\nE       #15 0x55ef702a9ca8 <unknown>\nE       #16 0x55ef702a9e36 <unknown>\nE       #17 0x55ef702c5333 <unknown>\nE       #18 0x7f9d291f9b43 <unknown>\n\n/opt/hostedtoolcache/Python/3.11.0/x64/lib/python3.11/site-packages/selenium/webdriver/remote/errorhandler.py:249: NoSuchElementException","flaky":false,"newFailed":false,"newBroken":true,"newPassed":false,"retriesCount":5,"retriesStatusChange":false,"beforeStages":[{"name":"browser","time":{"start":1670704041777,"stop":1670704042811,"duration":1034},"status":"passed","steps":[],"attachments":[],"parameters":[],"stepsCount":0,"attachmentsCount":0,"shouldDisplayMessage":false,"hasContent":false}],"afterStages":[{"name":"browser::0","time":{"start":1670704045623,"stop":1670704045681,"duration":58},"status":"passed","steps":[],"attachments":[],"parameters":[],"stepsCount":0,"attachmentsCount":0,"shouldDisplayMessage":false,"hasContent":false}],"labels":[{"name":"feature","value":"User can go to all top links"},{"name":"parentSuite","value":"ui_tests"},{"name":"suite","value":"test_main_page"},{"name":"subSuite","value":"TestMainPage"},{"name":"host","value":"fv-az245-9"},{"name":"thread","value":"3035-MainThread"},{"name":"framework","value":"pytest"},{"name":"language","value":"cpython3"},{"name":"package","value":"ui_tests.test_main_page"},{"name":"resultFormat","value":"allure2"}],"parameters":[{"name":"browser","value":"'chrome'"},{"name":"endpoint","value":"''"},{"name":"locator","value":"('css selector', '.sc-fbcb99c0-1 > a:nth-child(1) > img:nth-child(1)')"}],"links":[],"hidden":false,"retry":false,"extra":{"severity":"normal","retries":[{"uid":"9529e406312ccc9e","status":"broken","statusDetails":"selenium.common.exceptions.NoSuchElementException: Message: no such element: Unable to locate element: {\"method\":\"css selector\",\"selector\":\".sc-fbcb99c0-1 > a:nth-child(1) > img:nth-child(1)\"}\n  (Session info: headless chrome=108.0.5359.94)\nStacktrace:\n#0 0x56412fc2e2a3 <unknown>\n#1 0x56412f9ecf77 <unknown>\n#2 0x56412fa2980c <unknown>\n#3 0x56412fa29a71 <unknown>\n#4 0x56412fa63734 <unknown>\n#5 0x56412fa49b5d <unknown>\n#6 0x56412fa6147c <unknown>\n#7 0x56412fa49903 <unknown>\n#8 0x56412fa1cece <unknown>\n#9 0x56412fa1dfde <unknown>\n#10 0x56412fc7e63e <unknown>\n#11 0x56412fc81b79 <unknown>\n#12 0x56412fc6489e <unknown>\n#13 0x56412fc82a83 <unknown>\n#14 0x56412fc57505 <unknown>\n#15 0x56412fca3ca8 <unknown>\n#16 0x56412fca3e36 <unknown>\n#17 0x56412fcbf333 <unknown>\n#18 0x7f7b957ecb43 <unknown>","time":{"start":1670704038893,"stop":1670704041674,"duration":2781}},{"uid":"85f1ea3703273a75","status":"broken","statusDetails":"selenium.common.exceptions.NoSuchElementException: Message: no such element: Unable to locate element: {\"method\":\"css selector\",\"selector\":\".sc-fbcb99c0-1 > a:nth-child(1) > img:nth-child(1)\"}\n  (Session info: headless chrome=108.0.5359.94)\nStacktrace:\n#0 0x55f9918222a3 <unknown>\n#1 0x55f9915e0f77 <unknown>\n#2 0x55f99161d80c <unknown>\n#3 0x55f99161da71 <unknown>\n#4 0x55f991657734 <unknown>\n#5 0x55f99163db5d <unknown>\n#6 0x55f99165547c <unknown>\n#7 0x55f99163d903 <unknown>\n#8 0x55f991610ece <unknown>\n#9 0x55f991611fde <unknown>\n#10 0x55f99187263e <unknown>\n#11 0x55f991875b79 <unknown>\n#12 0x55f99185889e <unknown>\n#13 0x55f991876a83 <unknown>\n#14 0x55f99184b505 <unknown>\n#15 0x55f991897ca8 <unknown>\n#16 0x55f991897e36 <unknown>\n#17 0x55f9918b3333 <unknown>\n#18 0x7ff4e9a72b43 <unknown>","time":{"start":1670704035094,"stop":1670704037808,"duration":2714}},{"uid":"d2d288a2fc0da30","status":"broken","statusDetails":"selenium.common.exceptions.NoSuchElementException: Message: no such element: Unable to locate element: {\"method\":\"css selector\",\"selector\":\".sc-fbcb99c0-1 > a:nth-child(1) > img:nth-child(1)\"}\n  (Session info: headless chrome=108.0.5359.94)\nStacktrace:\n#0 0x560d4e4af2a3 <unknown>\n#1 0x560d4e26df77 <unknown>\n#2 0x560d4e2aa80c <unknown>\n#3 0x560d4e2aaa71 <unknown>\n#4 0x560d4e2e4734 <unknown>\n#5 0x560d4e2cab5d <unknown>\n#6 0x560d4e2e247c <unknown>\n#7 0x560d4e2ca903 <unknown>\n#8 0x560d4e29dece <unknown>\n#9 0x560d4e29efde <unknown>\n#10 0x560d4e4ff63e <unknown>\n#11 0x560d4e502b79 <unknown>\n#12 0x560d4e4e589e <unknown>\n#13 0x560d4e503a83 <unknown>\n#14 0x560d4e4d8505 <unknown>\n#15 0x560d4e524ca8 <unknown>\n#16 0x560d4e524e36 <unknown>\n#17 0x560d4e540333 <unknown>\n#18 0x7fec3f26bb43 <unknown>","time":{"start":1670704031231,"stop":1670704033900,"duration":2669}},{"uid":"8bdd18dffae55aa0","status":"broken","statusDetails":"selenium.common.exceptions.NoSuchElementException: Message: no such element: Unable to locate element: {\"method\":\"css selector\",\"selector\":\".sc-fbcb99c0-1 > a:nth-child(1) > img:nth-child(1)\"}\n  (Session info: headless chrome=108.0.5359.94)\nStacktrace:\n#0 0x5595741d42a3 <unknown>\n#1 0x559573f92f77 <unknown>\n#2 0x559573fcf80c <unknown>\n#3 0x559573fcfa71 <unknown>\n#4 0x559574009734 <unknown>\n#5 0x559573fefb5d <unknown>\n#6 0x55957400747c <unknown>\n#7 0x559573fef903 <unknown>\n#8 0x559573fc2ece <unknown>\n#9 0x559573fc3fde <unknown>\n#10 0x55957422463e <unknown>\n#11 0x559574227b79 <unknown>\n#12 0x55957420a89e <unknown>\n#13 0x559574228a83 <unknown>\n#14 0x5595741fd505 <unknown>\n#15 0x559574249ca8 <unknown>\n#16 0x559574249e36 <unknown>\n#17 0x559574265333 <unknown>\n#18 0x7efee353cb43 <unknown>","time":{"start":1670704027340,"stop":1670704030134,"duration":2794}},{"uid":"8054ebefe0e22d9b","status":"broken","statusDetails":"selenium.common.exceptions.NoSuchElementException: Message: no such element: Unable to locate element: {\"method\":\"css selector\",\"selector\":\".sc-fbcb99c0-1 > a:nth-child(1) > img:nth-child(1)\"}\n  (Session info: headless chrome=108.0.5359.94)\nStacktrace:\n#0 0x563030d702a3 <unknown>\n#1 0x563030b2ef77 <unknown>\n#2 0x563030b6b80c <unknown>\n#3 0x563030b6ba71 <unknown>\n#4 0x563030ba5734 <unknown>\n#5 0x563030b8bb5d <unknown>\n#6 0x563030ba347c <unknown>\n#7 0x563030b8b903 <unknown>\n#8 0x563030b5eece <unknown>\n#9 0x563030b5ffde <unknown>\n#10 0x563030dc063e <unknown>\n#11 0x563030dc3b79 <unknown>\n#12 0x563030da689e <unknown>\n#13 0x563030dc4a83 <unknown>\n#14 0x563030d99505 <unknown>\n#15 0x563030de5ca8 <unknown>\n#16 0x563030de5e36 <unknown>\n#17 0x563030e01333 <unknown>\n#18 0x7efd9ec9db43 <unknown>","time":{"start":1670704023221,"stop":1670704026153,"duration":2932}}],"categories":[{"name":"Test defects","matchedStatuses":[],"flaky":false}],"history":{"statistic":{"failed":0,"broken":1,"skipped":0,"passed":2,"unknown":0,"total":3},"items":[{"uid":"d99f3cb01f7e6d40","reportUrl":"https://vadim-makarov.github.io/fojin_site/39//#testresult/d99f3cb01f7e6d40","status":"passed","time":{"start":1670702028140,"stop":1670702031884,"duration":3744}},{"uid":"e107032285d4c793","reportUrl":"https://vadim-makarov.github.io/fojin_site/37//#testresult/e107032285d4c793","status":"passed","time":{"start":1670701877761,"stop":1670701881532,"duration":3771}}]},"tags":[]},"source":"23474a78f327cca9.json","parameterValues":["'chrome'","''","('css selector', '.sc-fbcb99c0-1 > a:nth-child(1) > img:nth-child(1)')"]}