{"uid":"30280dbe51f104da","name":"test_positive_form_data[chrome]","fullName":"ui_tests.test_form_from_main_page.TestMainPageForm#test_positive_form_data","historyId":"3c2c4d7231cc010a700c25a3459b39f9","time":{"start":1670703955539,"stop":1670703955877,"duration":338},"description":"User is scrolling to the bottom and sends correct data","descriptionHtml":"<p>User is scrolling to the bottom and sends correct data</p>\n","status":"broken","statusMessage":"selenium.common.exceptions.NoSuchElementException: Message: no such element: Unable to locate element: {\"method\":\"css selector\",\"selector\":\"[name=\"name\"]\"}\n  (Session info: headless chrome=108.0.5359.94)\nStacktrace:\n#0 0x55a97876b2a3 <unknown>\n#1 0x55a978529f77 <unknown>\n#2 0x55a97856680c <unknown>\n#3 0x55a978566a71 <unknown>\n#4 0x55a9785a0734 <unknown>\n#5 0x55a978586b5d <unknown>\n#6 0x55a97859e47c <unknown>\n#7 0x55a978586903 <unknown>\n#8 0x55a978559ece <unknown>\n#9 0x55a97855afde <unknown>\n#10 0x55a9787bb63e <unknown>\n#11 0x55a9787beb79 <unknown>\n#12 0x55a9787a189e <unknown>\n#13 0x55a9787bfa83 <unknown>\n#14 0x55a978794505 <unknown>\n#15 0x55a9787e0ca8 <unknown>\n#16 0x55a9787e0e36 <unknown>\n#17 0x55a9787fc333 <unknown>\n#18 0x7fb944e69b43 <unknown>","statusTrace":"self = <ui_tests.test_form_from_main_page.TestMainPageForm object at 0x7f836ad5f910>\nbrowser = <selenium.webdriver.chrome.webdriver.WebDriver (session=\"bf6cd982a72b8f77e63ee01b7bc8e3f1\")>\npositive_data_case = [(('name', 'name'), 'test_user'), (('name', 'email'), 'test@fojin.tech'), (('name', 'phone'), '12345678901'), (('name', 'about'), 'some useless information')]\n\n    @allure.feature('User sends correct data')\n    @allure.description('User is scrolling to the bottom and sends correct data')\n    def test_positive_form_data(self, browser, positive_data_case: list):\n        \"\"\"\n          Test fills the application with correct data and checks the popup answer\n        \"\"\"\n        page = MainPage(browser, self.url)\n        page.open()\n        for data in positive_data_case:\n>           page.input_data_to_form(data)\n\nui_tests/test_form_from_main_page.py:19: \n_ _ _ _ _ _ _ _ _ _ _ _ _ _ _ _ _ _ _ _ _ _ _ _ _ _ _ _ _ _ _ _ _ _ _ _ _ _ _ _ \nui_tests/pages/main_page.py:72: in input_data_to_form\n    self.browser.find_element(*data[0]).send_keys(data[1])\n/opt/hostedtoolcache/Python/3.11.0/x64/lib/python3.11/site-packages/selenium/webdriver/remote/webdriver.py:861: in find_element\n    return self.execute(Command.FIND_ELEMENT, {\"using\": by, \"value\": value})[\"value\"]\n/opt/hostedtoolcache/Python/3.11.0/x64/lib/python3.11/site-packages/selenium/webdriver/remote/webdriver.py:444: in execute\n    self.error_handler.check_response(response)\n_ _ _ _ _ _ _ _ _ _ _ _ _ _ _ _ _ _ _ _ _ _ _ _ _ _ _ _ _ _ _ _ _ _ _ _ _ _ _ _ \n\nself = <selenium.webdriver.remote.errorhandler.ErrorHandler object at 0x7f8369afbfd0>\nresponse = {'status': 404, 'value': '{\"value\":{\"error\":\"no such element\",\"message\":\"no such element: Unable to locate element: {\\...\\\\n#16 0x55a9787e0e36 \\\\u003Cunknown>\\\\n#17 0x55a9787fc333 \\\\u003Cunknown>\\\\n#18 0x7fb944e69b43 \\\\u003Cunknown>\\\\n\"}}'}\n\n    def check_response(self, response: Dict[str, Any]) -> None:\n        \"\"\"\n        Checks that a JSON response from the WebDriver does not have an error.\n    \n        :Args:\n         - response - The JSON response from the WebDriver server as a dictionary\n           object.\n    \n        :Raises: If the response contains an error message.\n        \"\"\"\n        status = response.get(\"status\", None)\n        if not status or status == ErrorCode.SUCCESS:\n            return\n        value = None\n        message = response.get(\"message\", \"\")\n        screen: str = response.get(\"screen\", \"\")\n        stacktrace = None\n        if isinstance(status, int):\n            value_json = response.get(\"value\", None)\n            if value_json and isinstance(value_json, str):\n                import json\n    \n                try:\n                    value = json.loads(value_json)\n                    if len(value.keys()) == 1:\n                        value = value[\"value\"]\n                    status = value.get(\"error\", None)\n                    if not status:\n                        status = value.get(\"status\", ErrorCode.UNKNOWN_ERROR)\n                        message = value.get(\"value\") or value.get(\"message\")\n                        if not isinstance(message, str):\n                            value = message\n                            message = message.get(\"message\")\n                    else:\n                        message = value.get(\"message\", None)\n                except ValueError:\n                    pass\n    \n        exception_class: Type[WebDriverException]\n        if status in ErrorCode.NO_SUCH_ELEMENT:\n            exception_class = NoSuchElementException\n        elif status in ErrorCode.NO_SUCH_FRAME:\n            exception_class = NoSuchFrameException\n        elif status in ErrorCode.NO_SUCH_SHADOW_ROOT:\n            exception_class = NoSuchShadowRootException\n        elif status in ErrorCode.NO_SUCH_WINDOW:\n            exception_class = NoSuchWindowException\n        elif status in ErrorCode.STALE_ELEMENT_REFERENCE:\n            exception_class = StaleElementReferenceException\n        elif status in ErrorCode.ELEMENT_NOT_VISIBLE:\n            exception_class = ElementNotVisibleException\n        elif status in ErrorCode.INVALID_ELEMENT_STATE:\n            exception_class = InvalidElementStateException\n        elif (\n            status in ErrorCode.INVALID_SELECTOR\n            or status in ErrorCode.INVALID_XPATH_SELECTOR\n            or status in ErrorCode.INVALID_XPATH_SELECTOR_RETURN_TYPER\n        ):\n            exception_class = InvalidSelectorException\n        elif status in ErrorCode.ELEMENT_IS_NOT_SELECTABLE:\n            exception_class = ElementNotSelectableException\n        elif status in ErrorCode.ELEMENT_NOT_INTERACTABLE:\n            exception_class = ElementNotInteractableException\n        elif status in ErrorCode.INVALID_COOKIE_DOMAIN:\n            exception_class = InvalidCookieDomainException\n        elif status in ErrorCode.UNABLE_TO_SET_COOKIE:\n            exception_class = UnableToSetCookieException\n        elif status in ErrorCode.TIMEOUT:\n            exception_class = TimeoutException\n        elif status in ErrorCode.SCRIPT_TIMEOUT:\n            exception_class = TimeoutException\n        elif status in ErrorCode.UNKNOWN_ERROR:\n            exception_class = WebDriverException\n        elif status in ErrorCode.UNEXPECTED_ALERT_OPEN:\n            exception_class = UnexpectedAlertPresentException\n        elif status in ErrorCode.NO_ALERT_OPEN:\n            exception_class = NoAlertPresentException\n        elif status in ErrorCode.IME_NOT_AVAILABLE:\n            exception_class = ImeNotAvailableException\n        elif status in ErrorCode.IME_ENGINE_ACTIVATION_FAILED:\n            exception_class = ImeActivationFailedException\n        elif status in ErrorCode.MOVE_TARGET_OUT_OF_BOUNDS:\n            exception_class = MoveTargetOutOfBoundsException\n        elif status in ErrorCode.JAVASCRIPT_ERROR:\n            exception_class = JavascriptException\n        elif status in ErrorCode.SESSION_NOT_CREATED:\n            exception_class = SessionNotCreatedException\n        elif status in ErrorCode.INVALID_ARGUMENT:\n            exception_class = InvalidArgumentException\n        elif status in ErrorCode.NO_SUCH_COOKIE:\n            exception_class = NoSuchCookieException\n        elif status in ErrorCode.UNABLE_TO_CAPTURE_SCREEN:\n            exception_class = ScreenshotException\n        elif status in ErrorCode.ELEMENT_CLICK_INTERCEPTED:\n            exception_class = ElementClickInterceptedException\n        elif status in ErrorCode.INSECURE_CERTIFICATE:\n            exception_class = InsecureCertificateException\n        elif status in ErrorCode.INVALID_COORDINATES:\n            exception_class = InvalidCoordinatesException\n        elif status in ErrorCode.INVALID_SESSION_ID:\n            exception_class = InvalidSessionIdException\n        elif status in ErrorCode.UNKNOWN_METHOD:\n            exception_class = UnknownMethodException\n        else:\n            exception_class = WebDriverException\n        if not value:\n            value = response[\"value\"]\n        if isinstance(value, str):\n            raise exception_class(value)\n        if message == \"\" and \"message\" in value:\n            message = value[\"message\"]\n    \n        screen = None  # type: ignore[assignment]\n        if \"screen\" in value:\n            screen = value[\"screen\"]\n    \n        stacktrace = None\n        st_value = value.get(\"stackTrace\") or value.get(\"stacktrace\")\n        if st_value:\n            if isinstance(st_value, str):\n                stacktrace = st_value.split(\"\\n\")\n            else:\n                stacktrace = []\n                try:\n                    for frame in st_value:\n                        line = frame.get(\"lineNumber\", \"\")\n                        file = frame.get(\"fileName\", \"<anonymous>\")\n                        if line:\n                            file = f\"{file}:{line}\"\n                        meth = frame.get(\"methodName\", \"<anonymous>\")\n                        if \"className\" in frame:\n                            meth = \"{}.{}\".format(frame[\"className\"], meth)\n                        msg = \"    at %s (%s)\"\n                        msg = msg % (meth, file)\n                        stacktrace.append(msg)\n                except TypeError:\n                    pass\n        if exception_class == UnexpectedAlertPresentException:\n            alert_text = None\n            if \"data\" in value:\n                alert_text = value[\"data\"].get(\"text\")\n            elif \"alert\" in value:\n                alert_text = value[\"alert\"].get(\"text\")\n            raise exception_class(message, screen, stacktrace, alert_text)  # type: ignore[call-arg]  # mypy is not smart enough here\n>       raise exception_class(message, screen, stacktrace)\nE       selenium.common.exceptions.NoSuchElementException: Message: no such element: Unable to locate element: {\"method\":\"css selector\",\"selector\":\"[name=\"name\"]\"}\nE         (Session info: headless chrome=108.0.5359.94)\nE       Stacktrace:\nE       #0 0x55a97876b2a3 <unknown>\nE       #1 0x55a978529f77 <unknown>\nE       #2 0x55a97856680c <unknown>\nE       #3 0x55a978566a71 <unknown>\nE       #4 0x55a9785a0734 <unknown>\nE       #5 0x55a978586b5d <unknown>\nE       #6 0x55a97859e47c <unknown>\nE       #7 0x55a978586903 <unknown>\nE       #8 0x55a978559ece <unknown>\nE       #9 0x55a97855afde <unknown>\nE       #10 0x55a9787bb63e <unknown>\nE       #11 0x55a9787beb79 <unknown>\nE       #12 0x55a9787a189e <unknown>\nE       #13 0x55a9787bfa83 <unknown>\nE       #14 0x55a978794505 <unknown>\nE       #15 0x55a9787e0ca8 <unknown>\nE       #16 0x55a9787e0e36 <unknown>\nE       #17 0x55a9787fc333 <unknown>\nE       #18 0x7fb944e69b43 <unknown>\n\n/opt/hostedtoolcache/Python/3.11.0/x64/lib/python3.11/site-packages/selenium/webdriver/remote/errorhandler.py:249: NoSuchElementException","flaky":false,"newFailed":false,"newBroken":true,"newPassed":false,"retriesCount":5,"retriesStatusChange":false,"beforeStages":[{"name":"browser","time":{"start":1670703954614,"stop":1670703955539,"duration":925},"status":"passed","steps":[],"attachments":[],"parameters":[],"stepsCount":0,"attachmentsCount":0,"shouldDisplayMessage":false,"hasContent":false},{"name":"positive_data_case","time":{"start":1670703955539,"stop":1670703955539,"duration":0},"status":"passed","steps":[],"attachments":[],"parameters":[],"stepsCount":0,"attachmentsCount":0,"shouldDisplayMessage":false,"hasContent":false}],"afterStages":[{"name":"browser::0","time":{"start":1670703955904,"stop":1670703955962,"duration":58},"status":"passed","steps":[],"attachments":[],"parameters":[],"stepsCount":0,"attachmentsCount":0,"shouldDisplayMessage":false,"hasContent":false}],"labels":[{"name":"feature","value":"User sends correct data"},{"name":"parentSuite","value":"ui_tests"},{"name":"suite","value":"test_form_from_main_page"},{"name":"subSuite","value":"TestMainPageForm"},{"name":"host","value":"fv-az245-9"},{"name":"thread","value":"3035-MainThread"},{"name":"framework","value":"pytest"},{"name":"language","value":"cpython3"},{"name":"package","value":"ui_tests.test_form_from_main_page"},{"name":"resultFormat","value":"allure2"}],"parameters":[{"name":"browser","value":"'chrome'"}],"links":[],"hidden":false,"retry":false,"extra":{"severity":"normal","retries":[{"uid":"4125189807c81f73","status":"broken","statusDetails":"selenium.common.exceptions.NoSuchElementException: Message: no such element: Unable to locate element: {\"method\":\"css selector\",\"selector\":\"[name=\"name\"]\"}\n  (Session info: headless chrome=108.0.5359.94)\nStacktrace:\n#0 0x55fcd374d2a3 <unknown>\n#1 0x55fcd350bf77 <unknown>\n#2 0x55fcd354880c <unknown>\n#3 0x55fcd3548a71 <unknown>\n#4 0x55fcd3582734 <unknown>\n#5 0x55fcd3568b5d <unknown>\n#6 0x55fcd358047c <unknown>\n#7 0x55fcd3568903 <unknown>\n#8 0x55fcd353bece <unknown>\n#9 0x55fcd353cfde <unknown>\n#10 0x55fcd379d63e <unknown>\n#11 0x55fcd37a0b79 <unknown>\n#12 0x55fcd378389e <unknown>\n#13 0x55fcd37a1a83 <unknown>\n#14 0x55fcd3776505 <unknown>\n#15 0x55fcd37c2ca8 <unknown>\n#16 0x55fcd37c2e36 <unknown>\n#17 0x55fcd37de333 <unknown>\n#18 0x7fe3fdb71b43 <unknown>","time":{"start":1670703954207,"stop":1670703954526,"duration":319}},{"uid":"64bb7cfec2e9470a","status":"broken","statusDetails":"selenium.common.exceptions.NoSuchElementException: Message: no such element: Unable to locate element: {\"method\":\"css selector\",\"selector\":\"[name=\"name\"]\"}\n  (Session info: headless chrome=108.0.5359.94)\nStacktrace:\n#0 0x564a419512a3 <unknown>\n#1 0x564a4170ff77 <unknown>\n#2 0x564a4174c80c <unknown>\n#3 0x564a4174ca71 <unknown>\n#4 0x564a41786734 <unknown>\n#5 0x564a4176cb5d <unknown>\n#6 0x564a4178447c <unknown>\n#7 0x564a4176c903 <unknown>\n#8 0x564a4173fece <unknown>\n#9 0x564a41740fde <unknown>\n#10 0x564a419a163e <unknown>\n#11 0x564a419a4b79 <unknown>\n#12 0x564a4198789e <unknown>\n#13 0x564a419a5a83 <unknown>\n#14 0x564a4197a505 <unknown>\n#15 0x564a419c6ca8 <unknown>\n#16 0x564a419c6e36 <unknown>\n#17 0x564a419e2333 <unknown>\n#18 0x7f8adf3d5b43 <unknown>","time":{"start":1670703952875,"stop":1670703953188,"duration":313}},{"uid":"f366d1164ea8e72d","status":"broken","statusDetails":"selenium.common.exceptions.NoSuchElementException: Message: no such element: Unable to locate element: {\"method\":\"css selector\",\"selector\":\"[name=\"name\"]\"}\n  (Session info: headless chrome=108.0.5359.94)\nStacktrace:\n#0 0x55a739a542a3 <unknown>\n#1 0x55a739812f77 <unknown>\n#2 0x55a73984f80c <unknown>\n#3 0x55a73984fa71 <unknown>\n#4 0x55a739889734 <unknown>\n#5 0x55a73986fb5d <unknown>\n#6 0x55a73988747c <unknown>\n#7 0x55a73986f903 <unknown>\n#8 0x55a739842ece <unknown>\n#9 0x55a739843fde <unknown>\n#10 0x55a739aa463e <unknown>\n#11 0x55a739aa7b79 <unknown>\n#12 0x55a739a8a89e <unknown>\n#13 0x55a739aa8a83 <unknown>\n#14 0x55a739a7d505 <unknown>\n#15 0x55a739ac9ca8 <unknown>\n#16 0x55a739ac9e36 <unknown>\n#17 0x55a739ae5333 <unknown>\n#18 0x7f74d005db43 <unknown>","time":{"start":1670703951577,"stop":1670703951897,"duration":320}},{"uid":"60764786d83bca35","status":"broken","statusDetails":"selenium.common.exceptions.NoSuchElementException: Message: no such element: Unable to locate element: {\"method\":\"css selector\",\"selector\":\"[name=\"name\"]\"}\n  (Session info: headless chrome=108.0.5359.94)\nStacktrace:\n#0 0x56183cd972a3 <unknown>\n#1 0x56183cb55f77 <unknown>\n#2 0x56183cb9280c <unknown>\n#3 0x56183cb92a71 <unknown>\n#4 0x56183cbcc734 <unknown>\n#5 0x56183cbb2b5d <unknown>\n#6 0x56183cbca47c <unknown>\n#7 0x56183cbb2903 <unknown>\n#8 0x56183cb85ece <unknown>\n#9 0x56183cb86fde <unknown>\n#10 0x56183cde763e <unknown>\n#11 0x56183cdeab79 <unknown>\n#12 0x56183cdcd89e <unknown>\n#13 0x56183cdeba83 <unknown>\n#14 0x56183cdc0505 <unknown>\n#15 0x56183ce0cca8 <unknown>\n#16 0x56183ce0ce36 <unknown>\n#17 0x56183ce28333 <unknown>\n#18 0x7f0cba013b43 <unknown>","time":{"start":1670703950245,"stop":1670703950561,"duration":316}},{"uid":"8cdf6625af3d691c","status":"broken","statusDetails":"selenium.common.exceptions.NoSuchElementException: Message: no such element: Unable to locate element: {\"method\":\"css selector\",\"selector\":\"[name=\"name\"]\"}\n  (Session info: headless chrome=108.0.5359.94)\nStacktrace:\n#0 0x55cf8f7432a3 <unknown>\n#1 0x55cf8f501f77 <unknown>\n#2 0x55cf8f53e80c <unknown>\n#3 0x55cf8f53ea71 <unknown>\n#4 0x55cf8f578734 <unknown>\n#5 0x55cf8f55eb5d <unknown>\n#6 0x55cf8f57647c <unknown>\n#7 0x55cf8f55e903 <unknown>\n#8 0x55cf8f531ece <unknown>\n#9 0x55cf8f532fde <unknown>\n#10 0x55cf8f79363e <unknown>\n#11 0x55cf8f796b79 <unknown>\n#12 0x55cf8f77989e <unknown>\n#13 0x55cf8f797a83 <unknown>\n#14 0x55cf8f76c505 <unknown>\n#15 0x55cf8f7b8ca8 <unknown>\n#16 0x55cf8f7b8e36 <unknown>\n#17 0x55cf8f7d4333 <unknown>\n#18 0x7efce0087b43 <unknown>","time":{"start":1670703948767,"stop":1670703949261,"duration":494}}],"categories":[{"name":"Test defects","matchedStatuses":[],"flaky":false}],"history":{"statistic":{"failed":0,"broken":1,"skipped":0,"passed":2,"unknown":0,"total":3},"items":[{"uid":"cca2b111f0da5fe","reportUrl":"https://vadim-makarov.github.io/fojin_site/39//#testresult/cca2b111f0da5fe","status":"passed","time":{"start":1670701929674,"stop":1670701935783,"duration":6109}},{"uid":"f39b64d56e5d1ece","reportUrl":"https://vadim-makarov.github.io/fojin_site/37//#testresult/f39b64d56e5d1ece","status":"passed","time":{"start":1670701780324,"stop":1670701786508,"duration":6184}}]},"tags":[]},"source":"30280dbe51f104da.json","parameterValues":["'chrome'"]}