{"uid":"51efbdf1b400ab","name":"test_negative_form_data[chrome-negative_data_case2]","fullName":"ui_tests.test_form_from_main_page.TestMainPageForm#test_negative_form_data","historyId":"0cce529662e61c630d42d8f3bd5b91e6","time":{"start":1670704012093,"stop":1670704012408,"duration":315},"description":"User is scrolling to the bottom and sends wrong data","descriptionHtml":"<p>User is scrolling to the bottom and sends wrong data</p>\n","status":"broken","statusMessage":"selenium.common.exceptions.NoSuchElementException: Message: no such element: Unable to locate element: {\"method\":\"css selector\",\"selector\":\"[name=\"name\"]\"}\n  (Session info: headless chrome=108.0.5359.94)\nStacktrace:\n#0 0x55bb5affc2a3 <unknown>\n#1 0x55bb5adbaf77 <unknown>\n#2 0x55bb5adf780c <unknown>\n#3 0x55bb5adf7a71 <unknown>\n#4 0x55bb5ae31734 <unknown>\n#5 0x55bb5ae17b5d <unknown>\n#6 0x55bb5ae2f47c <unknown>\n#7 0x55bb5ae17903 <unknown>\n#8 0x55bb5adeaece <unknown>\n#9 0x55bb5adebfde <unknown>\n#10 0x55bb5b04c63e <unknown>\n#11 0x55bb5b04fb79 <unknown>\n#12 0x55bb5b03289e <unknown>\n#13 0x55bb5b050a83 <unknown>\n#14 0x55bb5b025505 <unknown>\n#15 0x55bb5b071ca8 <unknown>\n#16 0x55bb5b071e36 <unknown>\n#17 0x55bb5b08d333 <unknown>\n#18 0x7fe1b7ba5b43 <unknown>","statusTrace":"self = <ui_tests.test_form_from_main_page.TestMainPageForm object at 0x7f836ad71e10>\nbrowser = <selenium.webdriver.chrome.webdriver.WebDriver (session=\"8f15e209717b75d042c4dc11d954c253\")>\nnegative_data_case = [(('name', 'name'), 'test_user'), (('name', 'email'), 'test@fojin.tech'), (('name', 'phone'), '   '), (('name', 'about'), 'some useless information')]\n\n    @allure.feature(\"User sends incorrect data\")\n    @allure.description('User is scrolling to the bottom and sends wrong data')\n    def test_negative_form_data(self, browser, negative_data_case: list):\n        \"\"\"\n          Test fills the application with incorrect data and checks the answer\n        \"\"\"\n        page = MainPage(browser, self.url)\n        page.open()\n        for data in negative_data_case:\n>           page.input_data_to_form(data)\n\nui_tests/test_form_from_main_page.py:33: \n_ _ _ _ _ _ _ _ _ _ _ _ _ _ _ _ _ _ _ _ _ _ _ _ _ _ _ _ _ _ _ _ _ _ _ _ _ _ _ _ \nui_tests/pages/main_page.py:72: in input_data_to_form\n    self.browser.find_element(*data[0]).send_keys(data[1])\n/opt/hostedtoolcache/Python/3.11.0/x64/lib/python3.11/site-packages/selenium/webdriver/remote/webdriver.py:861: in find_element\n    return self.execute(Command.FIND_ELEMENT, {\"using\": by, \"value\": value})[\"value\"]\n/opt/hostedtoolcache/Python/3.11.0/x64/lib/python3.11/site-packages/selenium/webdriver/remote/webdriver.py:444: in execute\n    self.error_handler.check_response(response)\n_ _ _ _ _ _ _ _ _ _ _ _ _ _ _ _ _ _ _ _ _ _ _ _ _ _ _ _ _ _ _ _ _ _ _ _ _ _ _ _ \n\nself = <selenium.webdriver.remote.errorhandler.ErrorHandler object at 0x7f8369af25d0>\nresponse = {'status': 404, 'value': '{\"value\":{\"error\":\"no such element\",\"message\":\"no such element: Unable to locate element: {\\...\\\\n#16 0x55bb5b071e36 \\\\u003Cunknown>\\\\n#17 0x55bb5b08d333 \\\\u003Cunknown>\\\\n#18 0x7fe1b7ba5b43 \\\\u003Cunknown>\\\\n\"}}'}\n\n    def check_response(self, response: Dict[str, Any]) -> None:\n        \"\"\"\n        Checks that a JSON response from the WebDriver does not have an error.\n    \n        :Args:\n         - response - The JSON response from the WebDriver server as a dictionary\n           object.\n    \n        :Raises: If the response contains an error message.\n        \"\"\"\n        status = response.get(\"status\", None)\n        if not status or status == ErrorCode.SUCCESS:\n            return\n        value = None\n        message = response.get(\"message\", \"\")\n        screen: str = response.get(\"screen\", \"\")\n        stacktrace = None\n        if isinstance(status, int):\n            value_json = response.get(\"value\", None)\n            if value_json and isinstance(value_json, str):\n                import json\n    \n                try:\n                    value = json.loads(value_json)\n                    if len(value.keys()) == 1:\n                        value = value[\"value\"]\n                    status = value.get(\"error\", None)\n                    if not status:\n                        status = value.get(\"status\", ErrorCode.UNKNOWN_ERROR)\n                        message = value.get(\"value\") or value.get(\"message\")\n                        if not isinstance(message, str):\n                            value = message\n                            message = message.get(\"message\")\n                    else:\n                        message = value.get(\"message\", None)\n                except ValueError:\n                    pass\n    \n        exception_class: Type[WebDriverException]\n        if status in ErrorCode.NO_SUCH_ELEMENT:\n            exception_class = NoSuchElementException\n        elif status in ErrorCode.NO_SUCH_FRAME:\n            exception_class = NoSuchFrameException\n        elif status in ErrorCode.NO_SUCH_SHADOW_ROOT:\n            exception_class = NoSuchShadowRootException\n        elif status in ErrorCode.NO_SUCH_WINDOW:\n            exception_class = NoSuchWindowException\n        elif status in ErrorCode.STALE_ELEMENT_REFERENCE:\n            exception_class = StaleElementReferenceException\n        elif status in ErrorCode.ELEMENT_NOT_VISIBLE:\n            exception_class = ElementNotVisibleException\n        elif status in ErrorCode.INVALID_ELEMENT_STATE:\n            exception_class = InvalidElementStateException\n        elif (\n            status in ErrorCode.INVALID_SELECTOR\n            or status in ErrorCode.INVALID_XPATH_SELECTOR\n            or status in ErrorCode.INVALID_XPATH_SELECTOR_RETURN_TYPER\n        ):\n            exception_class = InvalidSelectorException\n        elif status in ErrorCode.ELEMENT_IS_NOT_SELECTABLE:\n            exception_class = ElementNotSelectableException\n        elif status in ErrorCode.ELEMENT_NOT_INTERACTABLE:\n            exception_class = ElementNotInteractableException\n        elif status in ErrorCode.INVALID_COOKIE_DOMAIN:\n            exception_class = InvalidCookieDomainException\n        elif status in ErrorCode.UNABLE_TO_SET_COOKIE:\n            exception_class = UnableToSetCookieException\n        elif status in ErrorCode.TIMEOUT:\n            exception_class = TimeoutException\n        elif status in ErrorCode.SCRIPT_TIMEOUT:\n            exception_class = TimeoutException\n        elif status in ErrorCode.UNKNOWN_ERROR:\n            exception_class = WebDriverException\n        elif status in ErrorCode.UNEXPECTED_ALERT_OPEN:\n            exception_class = UnexpectedAlertPresentException\n        elif status in ErrorCode.NO_ALERT_OPEN:\n            exception_class = NoAlertPresentException\n        elif status in ErrorCode.IME_NOT_AVAILABLE:\n            exception_class = ImeNotAvailableException\n        elif status in ErrorCode.IME_ENGINE_ACTIVATION_FAILED:\n            exception_class = ImeActivationFailedException\n        elif status in ErrorCode.MOVE_TARGET_OUT_OF_BOUNDS:\n            exception_class = MoveTargetOutOfBoundsException\n        elif status in ErrorCode.JAVASCRIPT_ERROR:\n            exception_class = JavascriptException\n        elif status in ErrorCode.SESSION_NOT_CREATED:\n            exception_class = SessionNotCreatedException\n        elif status in ErrorCode.INVALID_ARGUMENT:\n            exception_class = InvalidArgumentException\n        elif status in ErrorCode.NO_SUCH_COOKIE:\n            exception_class = NoSuchCookieException\n        elif status in ErrorCode.UNABLE_TO_CAPTURE_SCREEN:\n            exception_class = ScreenshotException\n        elif status in ErrorCode.ELEMENT_CLICK_INTERCEPTED:\n            exception_class = ElementClickInterceptedException\n        elif status in ErrorCode.INSECURE_CERTIFICATE:\n            exception_class = InsecureCertificateException\n        elif status in ErrorCode.INVALID_COORDINATES:\n            exception_class = InvalidCoordinatesException\n        elif status in ErrorCode.INVALID_SESSION_ID:\n            exception_class = InvalidSessionIdException\n        elif status in ErrorCode.UNKNOWN_METHOD:\n            exception_class = UnknownMethodException\n        else:\n            exception_class = WebDriverException\n        if not value:\n            value = response[\"value\"]\n        if isinstance(value, str):\n            raise exception_class(value)\n        if message == \"\" and \"message\" in value:\n            message = value[\"message\"]\n    \n        screen = None  # type: ignore[assignment]\n        if \"screen\" in value:\n            screen = value[\"screen\"]\n    \n        stacktrace = None\n        st_value = value.get(\"stackTrace\") or value.get(\"stacktrace\")\n        if st_value:\n            if isinstance(st_value, str):\n                stacktrace = st_value.split(\"\\n\")\n            else:\n                stacktrace = []\n                try:\n                    for frame in st_value:\n                        line = frame.get(\"lineNumber\", \"\")\n                        file = frame.get(\"fileName\", \"<anonymous>\")\n                        if line:\n                            file = f\"{file}:{line}\"\n                        meth = frame.get(\"methodName\", \"<anonymous>\")\n                        if \"className\" in frame:\n                            meth = \"{}.{}\".format(frame[\"className\"], meth)\n                        msg = \"    at %s (%s)\"\n                        msg = msg % (meth, file)\n                        stacktrace.append(msg)\n                except TypeError:\n                    pass\n        if exception_class == UnexpectedAlertPresentException:\n            alert_text = None\n            if \"data\" in value:\n                alert_text = value[\"data\"].get(\"text\")\n            elif \"alert\" in value:\n                alert_text = value[\"alert\"].get(\"text\")\n            raise exception_class(message, screen, stacktrace, alert_text)  # type: ignore[call-arg]  # mypy is not smart enough here\n>       raise exception_class(message, screen, stacktrace)\nE       selenium.common.exceptions.NoSuchElementException: Message: no such element: Unable to locate element: {\"method\":\"css selector\",\"selector\":\"[name=\"name\"]\"}\nE         (Session info: headless chrome=108.0.5359.94)\nE       Stacktrace:\nE       #0 0x55bb5affc2a3 <unknown>\nE       #1 0x55bb5adbaf77 <unknown>\nE       #2 0x55bb5adf780c <unknown>\nE       #3 0x55bb5adf7a71 <unknown>\nE       #4 0x55bb5ae31734 <unknown>\nE       #5 0x55bb5ae17b5d <unknown>\nE       #6 0x55bb5ae2f47c <unknown>\nE       #7 0x55bb5ae17903 <unknown>\nE       #8 0x55bb5adeaece <unknown>\nE       #9 0x55bb5adebfde <unknown>\nE       #10 0x55bb5b04c63e <unknown>\nE       #11 0x55bb5b04fb79 <unknown>\nE       #12 0x55bb5b03289e <unknown>\nE       #13 0x55bb5b050a83 <unknown>\nE       #14 0x55bb5b025505 <unknown>\nE       #15 0x55bb5b071ca8 <unknown>\nE       #16 0x55bb5b071e36 <unknown>\nE       #17 0x55bb5b08d333 <unknown>\nE       #18 0x7fe1b7ba5b43 <unknown>\n\n/opt/hostedtoolcache/Python/3.11.0/x64/lib/python3.11/site-packages/selenium/webdriver/remote/errorhandler.py:249: NoSuchElementException","flaky":false,"newFailed":false,"newBroken":true,"newPassed":false,"retriesCount":5,"retriesStatusChange":false,"beforeStages":[{"name":"browser","time":{"start":1670704011184,"stop":1670704012092,"duration":908},"status":"passed","steps":[],"attachments":[],"parameters":[],"stepsCount":0,"attachmentsCount":0,"shouldDisplayMessage":false,"hasContent":false},{"name":"negative_data_case","time":{"start":1670704012092,"stop":1670704012092,"duration":0},"status":"passed","steps":[],"attachments":[],"parameters":[],"stepsCount":0,"attachmentsCount":0,"shouldDisplayMessage":false,"hasContent":false}],"afterStages":[{"name":"browser::0","time":{"start":1670704012448,"stop":1670704012505,"duration":57},"status":"passed","steps":[],"attachments":[],"parameters":[],"stepsCount":0,"attachmentsCount":0,"shouldDisplayMessage":false,"hasContent":false}],"labels":[{"name":"feature","value":"User sends incorrect data"},{"name":"parentSuite","value":"ui_tests"},{"name":"suite","value":"test_form_from_main_page"},{"name":"subSuite","value":"TestMainPageForm"},{"name":"host","value":"fv-az245-9"},{"name":"thread","value":"3035-MainThread"},{"name":"framework","value":"pytest"},{"name":"language","value":"cpython3"},{"name":"package","value":"ui_tests.test_form_from_main_page"},{"name":"resultFormat","value":"allure2"}],"parameters":[{"name":"browser","value":"'chrome'"},{"name":"negative_data_case","value":"['test_user', 'test@fojin.tech', '   ', 'some useless information']"}],"links":[],"hidden":false,"retry":false,"extra":{"severity":"normal","retries":[{"uid":"22ea1ff862cf2ca8","status":"broken","statusDetails":"selenium.common.exceptions.NoSuchElementException: Message: no such element: Unable to locate element: {\"method\":\"css selector\",\"selector\":\"[name=\"name\"]\"}\n  (Session info: headless chrome=108.0.5359.94)\nStacktrace:\n#0 0x55f42afa82a3 <unknown>\n#1 0x55f42ad66f77 <unknown>\n#2 0x55f42ada380c <unknown>\n#3 0x55f42ada3a71 <unknown>\n#4 0x55f42addd734 <unknown>\n#5 0x55f42adc3b5d <unknown>\n#6 0x55f42addb47c <unknown>\n#7 0x55f42adc3903 <unknown>\n#8 0x55f42ad96ece <unknown>\n#9 0x55f42ad97fde <unknown>\n#10 0x55f42aff863e <unknown>\n#11 0x55f42affbb79 <unknown>\n#12 0x55f42afde89e <unknown>\n#13 0x55f42affca83 <unknown>\n#14 0x55f42afd1505 <unknown>\n#15 0x55f42b01dca8 <unknown>\n#16 0x55f42b01de36 <unknown>\n#17 0x55f42b039333 <unknown>\n#18 0x7f616a4d8b43 <unknown>","time":{"start":1670704010778,"stop":1670704011091,"duration":313}},{"uid":"3e5e2fcad4e6f293","status":"broken","statusDetails":"selenium.common.exceptions.NoSuchElementException: Message: no such element: Unable to locate element: {\"method\":\"css selector\",\"selector\":\"[name=\"name\"]\"}\n  (Session info: headless chrome=108.0.5359.94)\nStacktrace:\n#0 0x560f74ad82a3 <unknown>\n#1 0x560f74896f77 <unknown>\n#2 0x560f748d380c <unknown>\n#3 0x560f748d3a71 <unknown>\n#4 0x560f7490d734 <unknown>\n#5 0x560f748f3b5d <unknown>\n#6 0x560f7490b47c <unknown>\n#7 0x560f748f3903 <unknown>\n#8 0x560f748c6ece <unknown>\n#9 0x560f748c7fde <unknown>\n#10 0x560f74b2863e <unknown>\n#11 0x560f74b2bb79 <unknown>\n#12 0x560f74b0e89e <unknown>\n#13 0x560f74b2ca83 <unknown>\n#14 0x560f74b01505 <unknown>\n#15 0x560f74b4dca8 <unknown>\n#16 0x560f74b4de36 <unknown>\n#17 0x560f74b69333 <unknown>\n#18 0x7fa04e0ffb43 <unknown>","time":{"start":1670704009106,"stop":1670704009424,"duration":318}},{"uid":"109f1075b4248324","status":"broken","statusDetails":"selenium.common.exceptions.NoSuchElementException: Message: no such element: Unable to locate element: {\"method\":\"css selector\",\"selector\":\"[name=\"name\"]\"}\n  (Session info: headless chrome=108.0.5359.94)\nStacktrace:\n#0 0x559f0b9cf2a3 <unknown>\n#1 0x559f0b78df77 <unknown>\n#2 0x559f0b7ca80c <unknown>\n#3 0x559f0b7caa71 <unknown>\n#4 0x559f0b804734 <unknown>\n#5 0x559f0b7eab5d <unknown>\n#6 0x559f0b80247c <unknown>\n#7 0x559f0b7ea903 <unknown>\n#8 0x559f0b7bdece <unknown>\n#9 0x559f0b7befde <unknown>\n#10 0x559f0ba1f63e <unknown>\n#11 0x559f0ba22b79 <unknown>\n#12 0x559f0ba0589e <unknown>\n#13 0x559f0ba23a83 <unknown>\n#14 0x559f0b9f8505 <unknown>\n#15 0x559f0ba44ca8 <unknown>\n#16 0x559f0ba44e36 <unknown>\n#17 0x559f0ba60333 <unknown>\n#18 0x7f87ae79fb43 <unknown>","time":{"start":1670704007682,"stop":1670704008007,"duration":325}},{"uid":"e6e63f5d45c15536","status":"broken","statusDetails":"selenium.common.exceptions.NoSuchElementException: Message: no such element: Unable to locate element: {\"method\":\"css selector\",\"selector\":\"[name=\"name\"]\"}\n  (Session info: headless chrome=108.0.5359.94)\nStacktrace:\n#0 0x55ff65e802a3 <unknown>\n#1 0x55ff65c3ef77 <unknown>\n#2 0x55ff65c7b80c <unknown>\n#3 0x55ff65c7ba71 <unknown>\n#4 0x55ff65cb5734 <unknown>\n#5 0x55ff65c9bb5d <unknown>\n#6 0x55ff65cb347c <unknown>\n#7 0x55ff65c9b903 <unknown>\n#8 0x55ff65c6eece <unknown>\n#9 0x55ff65c6ffde <unknown>\n#10 0x55ff65ed063e <unknown>\n#11 0x55ff65ed3b79 <unknown>\n#12 0x55ff65eb689e <unknown>\n#13 0x55ff65ed4a83 <unknown>\n#14 0x55ff65ea9505 <unknown>\n#15 0x55ff65ef5ca8 <unknown>\n#16 0x55ff65ef5e36 <unknown>\n#17 0x55ff65f11333 <unknown>\n#18 0x7fba45c35b43 <unknown>","time":{"start":1670704006312,"stop":1670704006644,"duration":332}},{"uid":"b005cf3d32fd23a8","status":"broken","statusDetails":"selenium.common.exceptions.NoSuchElementException: Message: no such element: Unable to locate element: {\"method\":\"css selector\",\"selector\":\"[name=\"name\"]\"}\n  (Session info: headless chrome=108.0.5359.94)\nStacktrace:\n#0 0x55a67e56a2a3 <unknown>\n#1 0x55a67e328f77 <unknown>\n#2 0x55a67e36580c <unknown>\n#3 0x55a67e365a71 <unknown>\n#4 0x55a67e39f734 <unknown>\n#5 0x55a67e385b5d <unknown>\n#6 0x55a67e39d47c <unknown>\n#7 0x55a67e385903 <unknown>\n#8 0x55a67e358ece <unknown>\n#9 0x55a67e359fde <unknown>\n#10 0x55a67e5ba63e <unknown>\n#11 0x55a67e5bdb79 <unknown>\n#12 0x55a67e5a089e <unknown>\n#13 0x55a67e5bea83 <unknown>\n#14 0x55a67e593505 <unknown>\n#15 0x55a67e5dfca8 <unknown>\n#16 0x55a67e5dfe36 <unknown>\n#17 0x55a67e5fb333 <unknown>\n#18 0x7fafed4edb43 <unknown>","time":{"start":1670704004818,"stop":1670704005132,"duration":314}}],"categories":[{"name":"Test defects","matchedStatuses":[],"flaky":false}],"history":{"statistic":{"failed":0,"broken":1,"skipped":0,"passed":2,"unknown":0,"total":3},"items":[{"uid":"ace8258a0779052d","reportUrl":"https://vadim-makarov.github.io/fojin_site/39//#testresult/ace8258a0779052d","status":"passed","time":{"start":1670702017918,"stop":1670702021714,"duration":3796}},{"uid":"fe84746acc1293ef","reportUrl":"https://vadim-makarov.github.io/fojin_site/37//#testresult/fe84746acc1293ef","status":"passed","time":{"start":1670701867781,"stop":1670701871414,"duration":3633}}]},"tags":[]},"source":"51efbdf1b400ab.json","parameterValues":["'chrome'","['test_user', 'test@fojin.tech', '   ', 'some useless information']"]}