{"uid":"b013b4a9a91e8ff7","name":"test_negative_form_data[chrome-negative_data_case1]","fullName":"ui_tests.test_form_from_main_page.TestMainPageForm#test_negative_form_data","historyId":"aac995cb4c3dc230be67189176b5707a","time":{"start":1670704003359,"stop":1670704003688,"duration":329},"description":"User is scrolling to the bottom and sends wrong data","descriptionHtml":"<p>User is scrolling to the bottom and sends wrong data</p>\n","status":"broken","statusMessage":"selenium.common.exceptions.NoSuchElementException: Message: no such element: Unable to locate element: {\"method\":\"css selector\",\"selector\":\"[name=\"name\"]\"}\n  (Session info: headless chrome=108.0.5359.94)\nStacktrace:\n#0 0x55be40d772a3 <unknown>\n#1 0x55be40b35f77 <unknown>\n#2 0x55be40b7280c <unknown>\n#3 0x55be40b72a71 <unknown>\n#4 0x55be40bac734 <unknown>\n#5 0x55be40b92b5d <unknown>\n#6 0x55be40baa47c <unknown>\n#7 0x55be40b92903 <unknown>\n#8 0x55be40b65ece <unknown>\n#9 0x55be40b66fde <unknown>\n#10 0x55be40dc763e <unknown>\n#11 0x55be40dcab79 <unknown>\n#12 0x55be40dad89e <unknown>\n#13 0x55be40dcba83 <unknown>\n#14 0x55be40da0505 <unknown>\n#15 0x55be40decca8 <unknown>\n#16 0x55be40dece36 <unknown>\n#17 0x55be40e08333 <unknown>\n#18 0x7f8d13e54b43 <unknown>","statusTrace":"self = <ui_tests.test_form_from_main_page.TestMainPageForm object at 0x7f836ad71cd0>\nbrowser = <selenium.webdriver.chrome.webdriver.WebDriver (session=\"0da7db670817f239d6253b76ffa852b0\")>\nnegative_data_case = [(('name', 'name'), 'test_user'), (('name', 'email'), ''), (('name', 'phone'), '12345678901'), (('name', 'about'), 'some useless information')]\n\n    @allure.feature(\"User sends incorrect data\")\n    @allure.description('User is scrolling to the bottom and sends wrong data')\n    def test_negative_form_data(self, browser, negative_data_case: list):\n        \"\"\"\n          Test fills the application with incorrect data and checks the answer\n        \"\"\"\n        page = MainPage(browser, self.url)\n        page.open()\n        for data in negative_data_case:\n>           page.input_data_to_form(data)\n\nui_tests/test_form_from_main_page.py:33: \n_ _ _ _ _ _ _ _ _ _ _ _ _ _ _ _ _ _ _ _ _ _ _ _ _ _ _ _ _ _ _ _ _ _ _ _ _ _ _ _ \nui_tests/pages/main_page.py:72: in input_data_to_form\n    self.browser.find_element(*data[0]).send_keys(data[1])\n/opt/hostedtoolcache/Python/3.11.0/x64/lib/python3.11/site-packages/selenium/webdriver/remote/webdriver.py:861: in find_element\n    return self.execute(Command.FIND_ELEMENT, {\"using\": by, \"value\": value})[\"value\"]\n/opt/hostedtoolcache/Python/3.11.0/x64/lib/python3.11/site-packages/selenium/webdriver/remote/webdriver.py:444: in execute\n    self.error_handler.check_response(response)\n_ _ _ _ _ _ _ _ _ _ _ _ _ _ _ _ _ _ _ _ _ _ _ _ _ _ _ _ _ _ _ _ _ _ _ _ _ _ _ _ \n\nself = <selenium.webdriver.remote.errorhandler.ErrorHandler object at 0x7f836ac65450>\nresponse = {'status': 404, 'value': '{\"value\":{\"error\":\"no such element\",\"message\":\"no such element: Unable to locate element: {\\...\\\\n#16 0x55be40dece36 \\\\u003Cunknown>\\\\n#17 0x55be40e08333 \\\\u003Cunknown>\\\\n#18 0x7f8d13e54b43 \\\\u003Cunknown>\\\\n\"}}'}\n\n    def check_response(self, response: Dict[str, Any]) -> None:\n        \"\"\"\n        Checks that a JSON response from the WebDriver does not have an error.\n    \n        :Args:\n         - response - The JSON response from the WebDriver server as a dictionary\n           object.\n    \n        :Raises: If the response contains an error message.\n        \"\"\"\n        status = response.get(\"status\", None)\n        if not status or status == ErrorCode.SUCCESS:\n            return\n        value = None\n        message = response.get(\"message\", \"\")\n        screen: str = response.get(\"screen\", \"\")\n        stacktrace = None\n        if isinstance(status, int):\n            value_json = response.get(\"value\", None)\n            if value_json and isinstance(value_json, str):\n                import json\n    \n                try:\n                    value = json.loads(value_json)\n                    if len(value.keys()) == 1:\n                        value = value[\"value\"]\n                    status = value.get(\"error\", None)\n                    if not status:\n                        status = value.get(\"status\", ErrorCode.UNKNOWN_ERROR)\n                        message = value.get(\"value\") or value.get(\"message\")\n                        if not isinstance(message, str):\n                            value = message\n                            message = message.get(\"message\")\n                    else:\n                        message = value.get(\"message\", None)\n                except ValueError:\n                    pass\n    \n        exception_class: Type[WebDriverException]\n        if status in ErrorCode.NO_SUCH_ELEMENT:\n            exception_class = NoSuchElementException\n        elif status in ErrorCode.NO_SUCH_FRAME:\n            exception_class = NoSuchFrameException\n        elif status in ErrorCode.NO_SUCH_SHADOW_ROOT:\n            exception_class = NoSuchShadowRootException\n        elif status in ErrorCode.NO_SUCH_WINDOW:\n            exception_class = NoSuchWindowException\n        elif status in ErrorCode.STALE_ELEMENT_REFERENCE:\n            exception_class = StaleElementReferenceException\n        elif status in ErrorCode.ELEMENT_NOT_VISIBLE:\n            exception_class = ElementNotVisibleException\n        elif status in ErrorCode.INVALID_ELEMENT_STATE:\n            exception_class = InvalidElementStateException\n        elif (\n            status in ErrorCode.INVALID_SELECTOR\n            or status in ErrorCode.INVALID_XPATH_SELECTOR\n            or status in ErrorCode.INVALID_XPATH_SELECTOR_RETURN_TYPER\n        ):\n            exception_class = InvalidSelectorException\n        elif status in ErrorCode.ELEMENT_IS_NOT_SELECTABLE:\n            exception_class = ElementNotSelectableException\n        elif status in ErrorCode.ELEMENT_NOT_INTERACTABLE:\n            exception_class = ElementNotInteractableException\n        elif status in ErrorCode.INVALID_COOKIE_DOMAIN:\n            exception_class = InvalidCookieDomainException\n        elif status in ErrorCode.UNABLE_TO_SET_COOKIE:\n            exception_class = UnableToSetCookieException\n        elif status in ErrorCode.TIMEOUT:\n            exception_class = TimeoutException\n        elif status in ErrorCode.SCRIPT_TIMEOUT:\n            exception_class = TimeoutException\n        elif status in ErrorCode.UNKNOWN_ERROR:\n            exception_class = WebDriverException\n        elif status in ErrorCode.UNEXPECTED_ALERT_OPEN:\n            exception_class = UnexpectedAlertPresentException\n        elif status in ErrorCode.NO_ALERT_OPEN:\n            exception_class = NoAlertPresentException\n        elif status in ErrorCode.IME_NOT_AVAILABLE:\n            exception_class = ImeNotAvailableException\n        elif status in ErrorCode.IME_ENGINE_ACTIVATION_FAILED:\n            exception_class = ImeActivationFailedException\n        elif status in ErrorCode.MOVE_TARGET_OUT_OF_BOUNDS:\n            exception_class = MoveTargetOutOfBoundsException\n        elif status in ErrorCode.JAVASCRIPT_ERROR:\n            exception_class = JavascriptException\n        elif status in ErrorCode.SESSION_NOT_CREATED:\n            exception_class = SessionNotCreatedException\n        elif status in ErrorCode.INVALID_ARGUMENT:\n            exception_class = InvalidArgumentException\n        elif status in ErrorCode.NO_SUCH_COOKIE:\n            exception_class = NoSuchCookieException\n        elif status in ErrorCode.UNABLE_TO_CAPTURE_SCREEN:\n            exception_class = ScreenshotException\n        elif status in ErrorCode.ELEMENT_CLICK_INTERCEPTED:\n            exception_class = ElementClickInterceptedException\n        elif status in ErrorCode.INSECURE_CERTIFICATE:\n            exception_class = InsecureCertificateException\n        elif status in ErrorCode.INVALID_COORDINATES:\n            exception_class = InvalidCoordinatesException\n        elif status in ErrorCode.INVALID_SESSION_ID:\n            exception_class = InvalidSessionIdException\n        elif status in ErrorCode.UNKNOWN_METHOD:\n            exception_class = UnknownMethodException\n        else:\n            exception_class = WebDriverException\n        if not value:\n            value = response[\"value\"]\n        if isinstance(value, str):\n            raise exception_class(value)\n        if message == \"\" and \"message\" in value:\n            message = value[\"message\"]\n    \n        screen = None  # type: ignore[assignment]\n        if \"screen\" in value:\n            screen = value[\"screen\"]\n    \n        stacktrace = None\n        st_value = value.get(\"stackTrace\") or value.get(\"stacktrace\")\n        if st_value:\n            if isinstance(st_value, str):\n                stacktrace = st_value.split(\"\\n\")\n            else:\n                stacktrace = []\n                try:\n                    for frame in st_value:\n                        line = frame.get(\"lineNumber\", \"\")\n                        file = frame.get(\"fileName\", \"<anonymous>\")\n                        if line:\n                            file = f\"{file}:{line}\"\n                        meth = frame.get(\"methodName\", \"<anonymous>\")\n                        if \"className\" in frame:\n                            meth = \"{}.{}\".format(frame[\"className\"], meth)\n                        msg = \"    at %s (%s)\"\n                        msg = msg % (meth, file)\n                        stacktrace.append(msg)\n                except TypeError:\n                    pass\n        if exception_class == UnexpectedAlertPresentException:\n            alert_text = None\n            if \"data\" in value:\n                alert_text = value[\"data\"].get(\"text\")\n            elif \"alert\" in value:\n                alert_text = value[\"alert\"].get(\"text\")\n            raise exception_class(message, screen, stacktrace, alert_text)  # type: ignore[call-arg]  # mypy is not smart enough here\n>       raise exception_class(message, screen, stacktrace)\nE       selenium.common.exceptions.NoSuchElementException: Message: no such element: Unable to locate element: {\"method\":\"css selector\",\"selector\":\"[name=\"name\"]\"}\nE         (Session info: headless chrome=108.0.5359.94)\nE       Stacktrace:\nE       #0 0x55be40d772a3 <unknown>\nE       #1 0x55be40b35f77 <unknown>\nE       #2 0x55be40b7280c <unknown>\nE       #3 0x55be40b72a71 <unknown>\nE       #4 0x55be40bac734 <unknown>\nE       #5 0x55be40b92b5d <unknown>\nE       #6 0x55be40baa47c <unknown>\nE       #7 0x55be40b92903 <unknown>\nE       #8 0x55be40b65ece <unknown>\nE       #9 0x55be40b66fde <unknown>\nE       #10 0x55be40dc763e <unknown>\nE       #11 0x55be40dcab79 <unknown>\nE       #12 0x55be40dad89e <unknown>\nE       #13 0x55be40dcba83 <unknown>\nE       #14 0x55be40da0505 <unknown>\nE       #15 0x55be40decca8 <unknown>\nE       #16 0x55be40dece36 <unknown>\nE       #17 0x55be40e08333 <unknown>\nE       #18 0x7f8d13e54b43 <unknown>\n\n/opt/hostedtoolcache/Python/3.11.0/x64/lib/python3.11/site-packages/selenium/webdriver/remote/errorhandler.py:249: NoSuchElementException","flaky":false,"newFailed":false,"newBroken":true,"newPassed":false,"retriesCount":5,"retriesStatusChange":false,"beforeStages":[{"name":"browser","time":{"start":1670704002402,"stop":1670704003359,"duration":957},"status":"passed","steps":[],"attachments":[],"parameters":[],"stepsCount":0,"attachmentsCount":0,"shouldDisplayMessage":false,"hasContent":false},{"name":"negative_data_case","time":{"start":1670704003359,"stop":1670704003359,"duration":0},"status":"passed","steps":[],"attachments":[],"parameters":[],"stepsCount":0,"attachmentsCount":0,"shouldDisplayMessage":false,"hasContent":false}],"afterStages":[{"name":"browser::0","time":{"start":1670704003723,"stop":1670704003778,"duration":55},"status":"passed","steps":[],"attachments":[],"parameters":[],"stepsCount":0,"attachmentsCount":0,"shouldDisplayMessage":false,"hasContent":false}],"labels":[{"name":"feature","value":"User sends incorrect data"},{"name":"parentSuite","value":"ui_tests"},{"name":"suite","value":"test_form_from_main_page"},{"name":"subSuite","value":"TestMainPageForm"},{"name":"host","value":"fv-az245-9"},{"name":"thread","value":"3035-MainThread"},{"name":"framework","value":"pytest"},{"name":"language","value":"cpython3"},{"name":"package","value":"ui_tests.test_form_from_main_page"},{"name":"resultFormat","value":"allure2"}],"parameters":[{"name":"browser","value":"'chrome'"},{"name":"negative_data_case","value":"['test_user', '', '12345678901', 'some useless information']"}],"links":[],"hidden":false,"retry":false,"extra":{"severity":"normal","retries":[{"uid":"5322e1468955f119","status":"broken","statusDetails":"selenium.common.exceptions.NoSuchElementException: Message: no such element: Unable to locate element: {\"method\":\"css selector\",\"selector\":\"[name=\"name\"]\"}\n  (Session info: headless chrome=108.0.5359.94)\nStacktrace:\n#0 0x555d4b7562a3 <unknown>\n#1 0x555d4b514f77 <unknown>\n#2 0x555d4b55180c <unknown>\n#3 0x555d4b551a71 <unknown>\n#4 0x555d4b58b734 <unknown>\n#5 0x555d4b571b5d <unknown>\n#6 0x555d4b58947c <unknown>\n#7 0x555d4b571903 <unknown>\n#8 0x555d4b544ece <unknown>\n#9 0x555d4b545fde <unknown>\n#10 0x555d4b7a663e <unknown>\n#11 0x555d4b7a9b79 <unknown>\n#12 0x555d4b78c89e <unknown>\n#13 0x555d4b7aaa83 <unknown>\n#14 0x555d4b77f505 <unknown>\n#15 0x555d4b7cbca8 <unknown>\n#16 0x555d4b7cbe36 <unknown>\n#17 0x555d4b7e7333 <unknown>\n#18 0x7f4723c4bb43 <unknown>","time":{"start":1670704002001,"stop":1670704002314,"duration":313}},{"uid":"f852b629a770b801","status":"broken","statusDetails":"selenium.common.exceptions.NoSuchElementException: Message: no such element: Unable to locate element: {\"method\":\"css selector\",\"selector\":\"[name=\"name\"]\"}\n  (Session info: headless chrome=108.0.5359.94)\nStacktrace:\n#0 0x5607afbb22a3 <unknown>\n#1 0x5607af970f77 <unknown>\n#2 0x5607af9ad80c <unknown>\n#3 0x5607af9ada71 <unknown>\n#4 0x5607af9e7734 <unknown>\n#5 0x5607af9cdb5d <unknown>\n#6 0x5607af9e547c <unknown>\n#7 0x5607af9cd903 <unknown>\n#8 0x5607af9a0ece <unknown>\n#9 0x5607af9a1fde <unknown>\n#10 0x5607afc0263e <unknown>\n#11 0x5607afc05b79 <unknown>\n#12 0x5607afbe889e <unknown>\n#13 0x5607afc06a83 <unknown>\n#14 0x5607afbdb505 <unknown>\n#15 0x5607afc27ca8 <unknown>\n#16 0x5607afc27e36 <unknown>\n#17 0x5607afc43333 <unknown>\n#18 0x7fc65084db43 <unknown>","time":{"start":1670704000527,"stop":1670704000851,"duration":324}},{"uid":"cb719f9909ad5ecc","status":"broken","statusDetails":"selenium.common.exceptions.NoSuchElementException: Message: no such element: Unable to locate element: {\"method\":\"css selector\",\"selector\":\"[name=\"name\"]\"}\n  (Session info: headless chrome=108.0.5359.94)\nStacktrace:\n#0 0x560032fda2a3 <unknown>\n#1 0x560032d98f77 <unknown>\n#2 0x560032dd580c <unknown>\n#3 0x560032dd5a71 <unknown>\n#4 0x560032e0f734 <unknown>\n#5 0x560032df5b5d <unknown>\n#6 0x560032e0d47c <unknown>\n#7 0x560032df5903 <unknown>\n#8 0x560032dc8ece <unknown>\n#9 0x560032dc9fde <unknown>\n#10 0x56003302a63e <unknown>\n#11 0x56003302db79 <unknown>\n#12 0x56003301089e <unknown>\n#13 0x56003302ea83 <unknown>\n#14 0x560033003505 <unknown>\n#15 0x56003304fca8 <unknown>\n#16 0x56003304fe36 <unknown>\n#17 0x56003306b333 <unknown>\n#18 0x7f422050cb43 <unknown>","time":{"start":1670703999095,"stop":1670703999435,"duration":340}},{"uid":"53c5dd43f8dd5a64","status":"broken","statusDetails":"selenium.common.exceptions.NoSuchElementException: Message: no such element: Unable to locate element: {\"method\":\"css selector\",\"selector\":\"[name=\"name\"]\"}\n  (Session info: headless chrome=108.0.5359.94)\nStacktrace:\n#0 0x55588f1452a3 <unknown>\n#1 0x55588ef03f77 <unknown>\n#2 0x55588ef4080c <unknown>\n#3 0x55588ef40a71 <unknown>\n#4 0x55588ef7a734 <unknown>\n#5 0x55588ef60b5d <unknown>\n#6 0x55588ef7847c <unknown>\n#7 0x55588ef60903 <unknown>\n#8 0x55588ef33ece <unknown>\n#9 0x55588ef34fde <unknown>\n#10 0x55588f19563e <unknown>\n#11 0x55588f198b79 <unknown>\n#12 0x55588f17b89e <unknown>\n#13 0x55588f199a83 <unknown>\n#14 0x55588f16e505 <unknown>\n#15 0x55588f1baca8 <unknown>\n#16 0x55588f1bae36 <unknown>\n#17 0x55588f1d6333 <unknown>\n#18 0x7f7b05b25b43 <unknown>","time":{"start":1670703997649,"stop":1670703997966,"duration":317}},{"uid":"eb22ddd501d37ec6","status":"broken","statusDetails":"selenium.common.exceptions.NoSuchElementException: Message: no such element: Unable to locate element: {\"method\":\"css selector\",\"selector\":\"[name=\"name\"]\"}\n  (Session info: headless chrome=108.0.5359.94)\nStacktrace:\n#0 0x5561a958e2a3 <unknown>\n#1 0x5561a934cf77 <unknown>\n#2 0x5561a938980c <unknown>\n#3 0x5561a9389a71 <unknown>\n#4 0x5561a93c3734 <unknown>\n#5 0x5561a93a9b5d <unknown>\n#6 0x5561a93c147c <unknown>\n#7 0x5561a93a9903 <unknown>\n#8 0x5561a937cece <unknown>\n#9 0x5561a937dfde <unknown>\n#10 0x5561a95de63e <unknown>\n#11 0x5561a95e1b79 <unknown>\n#12 0x5561a95c489e <unknown>\n#13 0x5561a95e2a83 <unknown>\n#14 0x5561a95b7505 <unknown>\n#15 0x5561a9603ca8 <unknown>\n#16 0x5561a9603e36 <unknown>\n#17 0x5561a961f333 <unknown>\n#18 0x7f4db7db4b43 <unknown>","time":{"start":1670703996329,"stop":1670703996653,"duration":324}}],"categories":[{"name":"Test defects","matchedStatuses":[],"flaky":false}],"history":{"statistic":{"failed":0,"broken":1,"skipped":0,"passed":2,"unknown":0,"total":3},"items":[{"uid":"2273427815f253f3","reportUrl":"https://vadim-makarov.github.io/fojin_site/39//#testresult/2273427815f253f3","status":"passed","time":{"start":1670702013377,"stop":1670702016963,"duration":3586}},{"uid":"514c0d2c1c02ad","reportUrl":"https://vadim-makarov.github.io/fojin_site/37//#testresult/514c0d2c1c02ad","status":"passed","time":{"start":1670701863383,"stop":1670701866831,"duration":3448}}]},"tags":[]},"source":"b013b4a9a91e8ff7.json","parameterValues":["'chrome'","['test_user', '', '12345678901', 'some useless information']"]}