{"uid":"ca15b826738a413f","name":"test_negative_form_data[chrome-negative_data_case3]","fullName":"ui_tests.test_form_from_main_page.TestMainPageForm#test_negative_form_data","historyId":"d109aa68bf4aec91e6021064bc0a42bf","time":{"start":1670704020658,"stop":1670704020990,"duration":332},"description":"User is scrolling to the bottom and sends wrong data","descriptionHtml":"<p>User is scrolling to the bottom and sends wrong data</p>\n","status":"broken","statusMessage":"selenium.common.exceptions.NoSuchElementException: Message: no such element: Unable to locate element: {\"method\":\"css selector\",\"selector\":\"[name=\"name\"]\"}\n  (Session info: headless chrome=108.0.5359.94)\nStacktrace:\n#0 0x5624ff7392a3 <unknown>\n#1 0x5624ff4f7f77 <unknown>\n#2 0x5624ff53480c <unknown>\n#3 0x5624ff534a71 <unknown>\n#4 0x5624ff56e734 <unknown>\n#5 0x5624ff554b5d <unknown>\n#6 0x5624ff56c47c <unknown>\n#7 0x5624ff554903 <unknown>\n#8 0x5624ff527ece <unknown>\n#9 0x5624ff528fde <unknown>\n#10 0x5624ff78963e <unknown>\n#11 0x5624ff78cb79 <unknown>\n#12 0x5624ff76f89e <unknown>\n#13 0x5624ff78da83 <unknown>\n#14 0x5624ff762505 <unknown>\n#15 0x5624ff7aeca8 <unknown>\n#16 0x5624ff7aee36 <unknown>\n#17 0x5624ff7ca333 <unknown>\n#18 0x7f9518f10b43 <unknown>","statusTrace":"self = <ui_tests.test_form_from_main_page.TestMainPageForm object at 0x7f836ad72090>\nbrowser = <selenium.webdriver.chrome.webdriver.WebDriver (session=\"e29a1c98b60236fb6c187911f898cc75\")>\nnegative_data_case = [(('name', 'name'), 'test_user'), (('name', 'email'), 'test@fojin.tech'), (('name', 'phone'), '12345678901'), (('name', 'about'), '     ')]\n\n    @allure.feature(\"User sends incorrect data\")\n    @allure.description('User is scrolling to the bottom and sends wrong data')\n    def test_negative_form_data(self, browser, negative_data_case: list):\n        \"\"\"\n          Test fills the application with incorrect data and checks the answer\n        \"\"\"\n        page = MainPage(browser, self.url)\n        page.open()\n        for data in negative_data_case:\n>           page.input_data_to_form(data)\n\nui_tests/test_form_from_main_page.py:33: \n_ _ _ _ _ _ _ _ _ _ _ _ _ _ _ _ _ _ _ _ _ _ _ _ _ _ _ _ _ _ _ _ _ _ _ _ _ _ _ _ \nui_tests/pages/main_page.py:72: in input_data_to_form\n    self.browser.find_element(*data[0]).send_keys(data[1])\n/opt/hostedtoolcache/Python/3.11.0/x64/lib/python3.11/site-packages/selenium/webdriver/remote/webdriver.py:861: in find_element\n    return self.execute(Command.FIND_ELEMENT, {\"using\": by, \"value\": value})[\"value\"]\n/opt/hostedtoolcache/Python/3.11.0/x64/lib/python3.11/site-packages/selenium/webdriver/remote/webdriver.py:444: in execute\n    self.error_handler.check_response(response)\n_ _ _ _ _ _ _ _ _ _ _ _ _ _ _ _ _ _ _ _ _ _ _ _ _ _ _ _ _ _ _ _ _ _ _ _ _ _ _ _ \n\nself = <selenium.webdriver.remote.errorhandler.ErrorHandler object at 0x7f8369b10f10>\nresponse = {'status': 404, 'value': '{\"value\":{\"error\":\"no such element\",\"message\":\"no such element: Unable to locate element: {\\...\\\\n#16 0x5624ff7aee36 \\\\u003Cunknown>\\\\n#17 0x5624ff7ca333 \\\\u003Cunknown>\\\\n#18 0x7f9518f10b43 \\\\u003Cunknown>\\\\n\"}}'}\n\n    def check_response(self, response: Dict[str, Any]) -> None:\n        \"\"\"\n        Checks that a JSON response from the WebDriver does not have an error.\n    \n        :Args:\n         - response - The JSON response from the WebDriver server as a dictionary\n           object.\n    \n        :Raises: If the response contains an error message.\n        \"\"\"\n        status = response.get(\"status\", None)\n        if not status or status == ErrorCode.SUCCESS:\n            return\n        value = None\n        message = response.get(\"message\", \"\")\n        screen: str = response.get(\"screen\", \"\")\n        stacktrace = None\n        if isinstance(status, int):\n            value_json = response.get(\"value\", None)\n            if value_json and isinstance(value_json, str):\n                import json\n    \n                try:\n                    value = json.loads(value_json)\n                    if len(value.keys()) == 1:\n                        value = value[\"value\"]\n                    status = value.get(\"error\", None)\n                    if not status:\n                        status = value.get(\"status\", ErrorCode.UNKNOWN_ERROR)\n                        message = value.get(\"value\") or value.get(\"message\")\n                        if not isinstance(message, str):\n                            value = message\n                            message = message.get(\"message\")\n                    else:\n                        message = value.get(\"message\", None)\n                except ValueError:\n                    pass\n    \n        exception_class: Type[WebDriverException]\n        if status in ErrorCode.NO_SUCH_ELEMENT:\n            exception_class = NoSuchElementException\n        elif status in ErrorCode.NO_SUCH_FRAME:\n            exception_class = NoSuchFrameException\n        elif status in ErrorCode.NO_SUCH_SHADOW_ROOT:\n            exception_class = NoSuchShadowRootException\n        elif status in ErrorCode.NO_SUCH_WINDOW:\n            exception_class = NoSuchWindowException\n        elif status in ErrorCode.STALE_ELEMENT_REFERENCE:\n            exception_class = StaleElementReferenceException\n        elif status in ErrorCode.ELEMENT_NOT_VISIBLE:\n            exception_class = ElementNotVisibleException\n        elif status in ErrorCode.INVALID_ELEMENT_STATE:\n            exception_class = InvalidElementStateException\n        elif (\n            status in ErrorCode.INVALID_SELECTOR\n            or status in ErrorCode.INVALID_XPATH_SELECTOR\n            or status in ErrorCode.INVALID_XPATH_SELECTOR_RETURN_TYPER\n        ):\n            exception_class = InvalidSelectorException\n        elif status in ErrorCode.ELEMENT_IS_NOT_SELECTABLE:\n            exception_class = ElementNotSelectableException\n        elif status in ErrorCode.ELEMENT_NOT_INTERACTABLE:\n            exception_class = ElementNotInteractableException\n        elif status in ErrorCode.INVALID_COOKIE_DOMAIN:\n            exception_class = InvalidCookieDomainException\n        elif status in ErrorCode.UNABLE_TO_SET_COOKIE:\n            exception_class = UnableToSetCookieException\n        elif status in ErrorCode.TIMEOUT:\n            exception_class = TimeoutException\n        elif status in ErrorCode.SCRIPT_TIMEOUT:\n            exception_class = TimeoutException\n        elif status in ErrorCode.UNKNOWN_ERROR:\n            exception_class = WebDriverException\n        elif status in ErrorCode.UNEXPECTED_ALERT_OPEN:\n            exception_class = UnexpectedAlertPresentException\n        elif status in ErrorCode.NO_ALERT_OPEN:\n            exception_class = NoAlertPresentException\n        elif status in ErrorCode.IME_NOT_AVAILABLE:\n            exception_class = ImeNotAvailableException\n        elif status in ErrorCode.IME_ENGINE_ACTIVATION_FAILED:\n            exception_class = ImeActivationFailedException\n        elif status in ErrorCode.MOVE_TARGET_OUT_OF_BOUNDS:\n            exception_class = MoveTargetOutOfBoundsException\n        elif status in ErrorCode.JAVASCRIPT_ERROR:\n            exception_class = JavascriptException\n        elif status in ErrorCode.SESSION_NOT_CREATED:\n            exception_class = SessionNotCreatedException\n        elif status in ErrorCode.INVALID_ARGUMENT:\n            exception_class = InvalidArgumentException\n        elif status in ErrorCode.NO_SUCH_COOKIE:\n            exception_class = NoSuchCookieException\n        elif status in ErrorCode.UNABLE_TO_CAPTURE_SCREEN:\n            exception_class = ScreenshotException\n        elif status in ErrorCode.ELEMENT_CLICK_INTERCEPTED:\n            exception_class = ElementClickInterceptedException\n        elif status in ErrorCode.INSECURE_CERTIFICATE:\n            exception_class = InsecureCertificateException\n        elif status in ErrorCode.INVALID_COORDINATES:\n            exception_class = InvalidCoordinatesException\n        elif status in ErrorCode.INVALID_SESSION_ID:\n            exception_class = InvalidSessionIdException\n        elif status in ErrorCode.UNKNOWN_METHOD:\n            exception_class = UnknownMethodException\n        else:\n            exception_class = WebDriverException\n        if not value:\n            value = response[\"value\"]\n        if isinstance(value, str):\n            raise exception_class(value)\n        if message == \"\" and \"message\" in value:\n            message = value[\"message\"]\n    \n        screen = None  # type: ignore[assignment]\n        if \"screen\" in value:\n            screen = value[\"screen\"]\n    \n        stacktrace = None\n        st_value = value.get(\"stackTrace\") or value.get(\"stacktrace\")\n        if st_value:\n            if isinstance(st_value, str):\n                stacktrace = st_value.split(\"\\n\")\n            else:\n                stacktrace = []\n                try:\n                    for frame in st_value:\n                        line = frame.get(\"lineNumber\", \"\")\n                        file = frame.get(\"fileName\", \"<anonymous>\")\n                        if line:\n                            file = f\"{file}:{line}\"\n                        meth = frame.get(\"methodName\", \"<anonymous>\")\n                        if \"className\" in frame:\n                            meth = \"{}.{}\".format(frame[\"className\"], meth)\n                        msg = \"    at %s (%s)\"\n                        msg = msg % (meth, file)\n                        stacktrace.append(msg)\n                except TypeError:\n                    pass\n        if exception_class == UnexpectedAlertPresentException:\n            alert_text = None\n            if \"data\" in value:\n                alert_text = value[\"data\"].get(\"text\")\n            elif \"alert\" in value:\n                alert_text = value[\"alert\"].get(\"text\")\n            raise exception_class(message, screen, stacktrace, alert_text)  # type: ignore[call-arg]  # mypy is not smart enough here\n>       raise exception_class(message, screen, stacktrace)\nE       selenium.common.exceptions.NoSuchElementException: Message: no such element: Unable to locate element: {\"method\":\"css selector\",\"selector\":\"[name=\"name\"]\"}\nE         (Session info: headless chrome=108.0.5359.94)\nE       Stacktrace:\nE       #0 0x5624ff7392a3 <unknown>\nE       #1 0x5624ff4f7f77 <unknown>\nE       #2 0x5624ff53480c <unknown>\nE       #3 0x5624ff534a71 <unknown>\nE       #4 0x5624ff56e734 <unknown>\nE       #5 0x5624ff554b5d <unknown>\nE       #6 0x5624ff56c47c <unknown>\nE       #7 0x5624ff554903 <unknown>\nE       #8 0x5624ff527ece <unknown>\nE       #9 0x5624ff528fde <unknown>\nE       #10 0x5624ff78963e <unknown>\nE       #11 0x5624ff78cb79 <unknown>\nE       #12 0x5624ff76f89e <unknown>\nE       #13 0x5624ff78da83 <unknown>\nE       #14 0x5624ff762505 <unknown>\nE       #15 0x5624ff7aeca8 <unknown>\nE       #16 0x5624ff7aee36 <unknown>\nE       #17 0x5624ff7ca333 <unknown>\nE       #18 0x7f9518f10b43 <unknown>\n\n/opt/hostedtoolcache/Python/3.11.0/x64/lib/python3.11/site-packages/selenium/webdriver/remote/errorhandler.py:249: NoSuchElementException","flaky":false,"newFailed":false,"newBroken":true,"newPassed":false,"retriesCount":5,"retriesStatusChange":false,"beforeStages":[{"name":"browser","time":{"start":1670704019723,"stop":1670704020657,"duration":934},"status":"passed","steps":[],"attachments":[],"parameters":[],"stepsCount":0,"attachmentsCount":0,"shouldDisplayMessage":false,"hasContent":false},{"name":"negative_data_case","time":{"start":1670704020657,"stop":1670704020657,"duration":0},"status":"passed","steps":[],"attachments":[],"parameters":[],"stepsCount":0,"attachmentsCount":0,"shouldDisplayMessage":false,"hasContent":false}],"afterStages":[{"name":"browser::0","time":{"start":1670704021042,"stop":1670704021096,"duration":54},"status":"passed","steps":[],"attachments":[],"parameters":[],"stepsCount":0,"attachmentsCount":0,"shouldDisplayMessage":false,"hasContent":false}],"labels":[{"name":"feature","value":"User sends incorrect data"},{"name":"parentSuite","value":"ui_tests"},{"name":"suite","value":"test_form_from_main_page"},{"name":"subSuite","value":"TestMainPageForm"},{"name":"host","value":"fv-az245-9"},{"name":"thread","value":"3035-MainThread"},{"name":"framework","value":"pytest"},{"name":"language","value":"cpython3"},{"name":"package","value":"ui_tests.test_form_from_main_page"},{"name":"resultFormat","value":"allure2"}],"parameters":[{"name":"browser","value":"'chrome'"},{"name":"negative_data_case","value":"['test_user', 'test@fojin.tech', '12345678901', '     ']"}],"links":[],"hidden":false,"retry":false,"extra":{"severity":"normal","retries":[{"uid":"7a2f5c6fc72c7b33","status":"broken","statusDetails":"selenium.common.exceptions.NoSuchElementException: Message: no such element: Unable to locate element: {\"method\":\"css selector\",\"selector\":\"[name=\"name\"]\"}\n  (Session info: headless chrome=108.0.5359.94)\nStacktrace:\n#0 0x55ac605062a3 <unknown>\n#1 0x55ac602c4f77 <unknown>\n#2 0x55ac6030180c <unknown>\n#3 0x55ac60301a71 <unknown>\n#4 0x55ac6033b734 <unknown>\n#5 0x55ac60321b5d <unknown>\n#6 0x55ac6033947c <unknown>\n#7 0x55ac60321903 <unknown>\n#8 0x55ac602f4ece <unknown>\n#9 0x55ac602f5fde <unknown>\n#10 0x55ac6055663e <unknown>\n#11 0x55ac60559b79 <unknown>\n#12 0x55ac6053c89e <unknown>\n#13 0x55ac6055aa83 <unknown>\n#14 0x55ac6052f505 <unknown>\n#15 0x55ac6057bca8 <unknown>\n#16 0x55ac6057be36 <unknown>\n#17 0x55ac60597333 <unknown>\n#18 0x7fa7b877bb43 <unknown>","time":{"start":1670704019299,"stop":1670704019613,"duration":314}},{"uid":"6a009f0a211487b3","status":"broken","statusDetails":"selenium.common.exceptions.NoSuchElementException: Message: no such element: Unable to locate element: {\"method\":\"css selector\",\"selector\":\"[name=\"name\"]\"}\n  (Session info: headless chrome=108.0.5359.94)\nStacktrace:\n#0 0x55654e64b2a3 <unknown>\n#1 0x55654e409f77 <unknown>\n#2 0x55654e44680c <unknown>\n#3 0x55654e446a71 <unknown>\n#4 0x55654e480734 <unknown>\n#5 0x55654e466b5d <unknown>\n#6 0x55654e47e47c <unknown>\n#7 0x55654e466903 <unknown>\n#8 0x55654e439ece <unknown>\n#9 0x55654e43afde <unknown>\n#10 0x55654e69b63e <unknown>\n#11 0x55654e69eb79 <unknown>\n#12 0x55654e68189e <unknown>\n#13 0x55654e69fa83 <unknown>\n#14 0x55654e674505 <unknown>\n#15 0x55654e6c0ca8 <unknown>\n#16 0x55654e6c0e36 <unknown>\n#17 0x55654e6dc333 <unknown>\n#18 0x7f4aa6f12b43 <unknown>","time":{"start":1670704017869,"stop":1670704018220,"duration":351}},{"uid":"207a7aca1e49224e","status":"broken","statusDetails":"selenium.common.exceptions.NoSuchElementException: Message: no such element: Unable to locate element: {\"method\":\"css selector\",\"selector\":\"[name=\"name\"]\"}\n  (Session info: headless chrome=108.0.5359.94)\nStacktrace:\n#0 0x55dc9835b2a3 <unknown>\n#1 0x55dc98119f77 <unknown>\n#2 0x55dc9815680c <unknown>\n#3 0x55dc98156a71 <unknown>\n#4 0x55dc98190734 <unknown>\n#5 0x55dc98176b5d <unknown>\n#6 0x55dc9818e47c <unknown>\n#7 0x55dc98176903 <unknown>\n#8 0x55dc98149ece <unknown>\n#9 0x55dc9814afde <unknown>\n#10 0x55dc983ab63e <unknown>\n#11 0x55dc983aeb79 <unknown>\n#12 0x55dc9839189e <unknown>\n#13 0x55dc983afa83 <unknown>\n#14 0x55dc98384505 <unknown>\n#15 0x55dc983d0ca8 <unknown>\n#16 0x55dc983d0e36 <unknown>\n#17 0x55dc983ec333 <unknown>\n#18 0x7f9012516b43 <unknown>","time":{"start":1670704016407,"stop":1670704016730,"duration":323}},{"uid":"6c44019ed5ab6fe1","status":"broken","statusDetails":"selenium.common.exceptions.NoSuchElementException: Message: no such element: Unable to locate element: {\"method\":\"css selector\",\"selector\":\"[name=\"name\"]\"}\n  (Session info: headless chrome=108.0.5359.94)\nStacktrace:\n#0 0x55b2275e12a3 <unknown>\n#1 0x55b22739ff77 <unknown>\n#2 0x55b2273dc80c <unknown>\n#3 0x55b2273dca71 <unknown>\n#4 0x55b227416734 <unknown>\n#5 0x55b2273fcb5d <unknown>\n#6 0x55b22741447c <unknown>\n#7 0x55b2273fc903 <unknown>\n#8 0x55b2273cfece <unknown>\n#9 0x55b2273d0fde <unknown>\n#10 0x55b22763163e <unknown>\n#11 0x55b227634b79 <unknown>\n#12 0x55b22761789e <unknown>\n#13 0x55b227635a83 <unknown>\n#14 0x55b22760a505 <unknown>\n#15 0x55b227656ca8 <unknown>\n#16 0x55b227656e36 <unknown>\n#17 0x55b227672333 <unknown>\n#18 0x7f7094b44b43 <unknown>","time":{"start":1670704015040,"stop":1670704015365,"duration":325}},{"uid":"aba5a1516fdcd7cf","status":"broken","statusDetails":"selenium.common.exceptions.NoSuchElementException: Message: no such element: Unable to locate element: {\"method\":\"css selector\",\"selector\":\"[name=\"name\"]\"}\n  (Session info: headless chrome=108.0.5359.94)\nStacktrace:\n#0 0x55e5d77ea2a3 <unknown>\n#1 0x55e5d75a8f77 <unknown>\n#2 0x55e5d75e580c <unknown>\n#3 0x55e5d75e5a71 <unknown>\n#4 0x55e5d761f734 <unknown>\n#5 0x55e5d7605b5d <unknown>\n#6 0x55e5d761d47c <unknown>\n#7 0x55e5d7605903 <unknown>\n#8 0x55e5d75d8ece <unknown>\n#9 0x55e5d75d9fde <unknown>\n#10 0x55e5d783a63e <unknown>\n#11 0x55e5d783db79 <unknown>\n#12 0x55e5d782089e <unknown>\n#13 0x55e5d783ea83 <unknown>\n#14 0x55e5d7813505 <unknown>\n#15 0x55e5d785fca8 <unknown>\n#16 0x55e5d785fe36 <unknown>\n#17 0x55e5d787b333 <unknown>\n#18 0x7ff2ee859b43 <unknown>","time":{"start":1670704013546,"stop":1670704013890,"duration":344}}],"categories":[{"name":"Test defects","matchedStatuses":[],"flaky":false}],"history":{"statistic":{"failed":0,"broken":1,"skipped":0,"passed":2,"unknown":0,"total":3},"items":[{"uid":"eedb599d29027817","reportUrl":"https://vadim-makarov.github.io/fojin_site/39//#testresult/eedb599d29027817","status":"passed","time":{"start":1670702022763,"stop":1670702026404,"duration":3641}},{"uid":"c6c57400b3b8528b","reportUrl":"https://vadim-makarov.github.io/fojin_site/37//#testresult/c6c57400b3b8528b","status":"passed","time":{"start":1670701872451,"stop":1670701876090,"duration":3639}}]},"tags":[]},"source":"ca15b826738a413f.json","parameterValues":["'chrome'","['test_user', 'test@fojin.tech', '12345678901', '     ']"]}