{"uid":"522cc2f10309348c","name":"test_positive_form_data[firefox]","fullName":"ui_tests.test_form_from_main_page.TestMainPageForm#test_positive_form_data","historyId":"350f59d9efd3056da7a4a44ebe3ee198","time":{"start":1670772058366,"stop":1670772068458,"duration":10092},"description":"User is scrolling to the bottom and sends correct data","descriptionHtml":"<p>User is scrolling to the bottom and sends correct data</p>\n","status":"failed","statusMessage":"AssertionError: Not success popup presented","statusTrace":"self = <ui_tests.test_form_from_main_page.TestMainPageForm object at 0x7f556024b410>\nbrowser = <selenium.webdriver.firefox.webdriver.WebDriver (session=\"15d03f72-a600-468b-ba5c-f33ce43a82ae\")>\npositive_data_case = [(('name', 'name'), 'test_user'), (('name', 'email'), 'test@fojin.tech'), (('name', 'phone'), '12345678901'), (('name', 'about'), 'some useless information')]\n\n    @severity(severity_level.CRITICAL)\n    @allure.feature('User sends correct data')\n    @allure.description('User is scrolling to the bottom and sends correct data')\n    def test_positive_form_data(self, browser, positive_data_case: list):\n        \"\"\"\n          Test fills the application with correct data and checks the popup answer\n        \"\"\"\n        page = MainPage(browser, self.url)\n        page.open()\n        for data in positive_data_case:\n            page.input_data_to_form(data)\n        page.scroll_to_and_click_element(FormLocators.SEND_BUTTON)\n        page.expl_wait_for_elem_visibility(FormLocators.POPUP)\n>       page.check_popup_is_presented(FormLocators.POPUP)\n\nui_tests/test_form_from_main_page.py:29: \n_ _ _ _ _ _ _ _ _ _ _ _ _ _ _ _ _ _ _ _ _ _ _ _ _ _ _ _ _ _ _ _ _ _ _ _ _ _ _ _ \n\nself = <ui_tests.pages.main_page.MainPage object at 0x7f55601b4910>\nlocator = ('css selector', '#form > div > div > div')\n\n    def check_popup_is_presented(self, locator):\n        \"\"\"\n        Test checks that success message appears\n        \"\"\"\n        popup = self.browser.find_element(*locator)\n        print(popup.text)\n>       assert popup.is_displayed(), 'Not success popup presented'\nE       AssertionError: Not success popup presented\n\nui_tests/pages/main_page.py:80: AssertionError","flaky":true,"newFailed":true,"newBroken":false,"newPassed":false,"retriesCount":2,"retriesStatusChange":false,"beforeStages":[{"name":"browser","time":{"start":1670772055667,"stop":1670772058365,"duration":2698},"status":"passed","steps":[],"attachments":[],"parameters":[],"stepsCount":0,"attachmentsCount":0,"shouldDisplayMessage":false,"hasContent":false},{"name":"positive_data_case","time":{"start":1670772058365,"stop":1670772058365,"duration":0},"status":"passed","steps":[],"attachments":[],"parameters":[],"stepsCount":0,"attachmentsCount":0,"shouldDisplayMessage":false,"hasContent":false}],"testStage":{"description":"User is scrolling to the bottom and sends correct data","status":"failed","statusMessage":"AssertionError: Not success popup presented","statusTrace":"self = <ui_tests.test_form_from_main_page.TestMainPageForm object at 0x7f556024b410>\nbrowser = <selenium.webdriver.firefox.webdriver.WebDriver (session=\"15d03f72-a600-468b-ba5c-f33ce43a82ae\")>\npositive_data_case = [(('name', 'name'), 'test_user'), (('name', 'email'), 'test@fojin.tech'), (('name', 'phone'), '12345678901'), (('name', 'about'), 'some useless information')]\n\n    @severity(severity_level.CRITICAL)\n    @allure.feature('User sends correct data')\n    @allure.description('User is scrolling to the bottom and sends correct data')\n    def test_positive_form_data(self, browser, positive_data_case: list):\n        \"\"\"\n          Test fills the application with correct data and checks the popup answer\n        \"\"\"\n        page = MainPage(browser, self.url)\n        page.open()\n        for data in positive_data_case:\n            page.input_data_to_form(data)\n        page.scroll_to_and_click_element(FormLocators.SEND_BUTTON)\n        page.expl_wait_for_elem_visibility(FormLocators.POPUP)\n>       page.check_popup_is_presented(FormLocators.POPUP)\n\nui_tests/test_form_from_main_page.py:29: \n_ _ _ _ _ _ _ _ _ _ _ _ _ _ _ _ _ _ _ _ _ _ _ _ _ _ _ _ _ _ _ _ _ _ _ _ _ _ _ _ \n\nself = <ui_tests.pages.main_page.MainPage object at 0x7f55601b4910>\nlocator = ('css selector', '#form > div > div > div')\n\n    def check_popup_is_presented(self, locator):\n        \"\"\"\n        Test checks that success message appears\n        \"\"\"\n        popup = self.browser.find_element(*locator)\n        print(popup.text)\n>       assert popup.is_displayed(), 'Not success popup presented'\nE       AssertionError: Not success popup presented\n\nui_tests/pages/main_page.py:80: AssertionError","steps":[],"attachments":[{"uid":"6ced92a2de1089b8","name":"stdout","source":"6ced92a2de1089b8.txt","type":"text/plain","size":3},{"uid":"6be99d0cb7e4d943","name":"stderr","source":"6be99d0cb7e4d943.txt","type":"text/plain","size":393}],"parameters":[],"stepsCount":0,"attachmentsCount":2,"shouldDisplayMessage":true,"hasContent":true},"afterStages":[{"name":"browser::0","time":{"start":1670772068465,"stop":1670772069292,"duration":827},"status":"passed","steps":[],"attachments":[],"parameters":[],"stepsCount":0,"attachmentsCount":0,"shouldDisplayMessage":false,"hasContent":false}],"labels":[{"name":"severity","value":"critical"},{"name":"feature","value":"User sends correct data"},{"name":"parentSuite","value":"ui_tests"},{"name":"suite","value":"test_form_from_main_page"},{"name":"subSuite","value":"TestMainPageForm"},{"name":"host","value":"fv-az367-28"},{"name":"thread","value":"3039-MainThread"},{"name":"framework","value":"pytest"},{"name":"language","value":"cpython3"},{"name":"package","value":"ui_tests.test_form_from_main_page"},{"name":"resultFormat","value":"allure2"}],"parameters":[{"name":"browser","value":"'firefox'"}],"links":[],"hidden":false,"retry":false,"extra":{"severity":"critical","retries":[{"uid":"d58f71c23bf00955","status":"failed","statusDetails":"AssertionError: Not success popup presented","time":{"start":1670772045032,"stop":1670772054963,"duration":9931}},{"uid":"4b94a5392da392ab","status":"failed","statusDetails":"AssertionError: Not success popup presented","time":{"start":1670772031440,"stop":1670772041692,"duration":10252}}],"categories":[{"name":"Product defects","matchedStatuses":[],"flaky":false}],"history":{"statistic":{"failed":3,"broken":2,"skipped":0,"passed":1,"unknown":0,"total":6},"items":[{"uid":"e54ff28c95445f1b","reportUrl":"https://vadim-makarov.github.io/fojin_site/42//#testresult/e54ff28c95445f1b","status":"broken","statusDetails":"selenium.common.exceptions.ElementClickInterceptedException: Message: Element <div class=\"sc-63050886-2 gpFpVi\"> is not clickable at point (1074,654) because another element <div class=\"sc-2a084499-1 kRPMVF\"> obscures it\nStacktrace:\nRemoteError@chrome://remote/content/shared/RemoteError.sys.mjs:8:8\nWebDriverError@chrome://remote/content/shared/webdriver/Errors.sys.mjs:182:5\nElementClickInterceptedError@chrome://remote/content/shared/webdriver/Errors.sys.mjs:281:5\nwebdriverClickElement@chrome://remote/content/marionette/interaction.sys.mjs:160:11\ninteraction.clickElement@chrome://remote/content/marionette/interaction.sys.mjs:119:11\nclickElement@chrome://remote/content/marionette/actors/MarionetteCommandsChild.sys.mjs:198:29\nreceiveMessage@chrome://remote/content/marionette/actors/MarionetteCommandsChild.sys.mjs:86:31","time":{"start":1670770114312,"stop":1670770119760,"duration":5448}},{"uid":"f4ed4a12e7f9ff6f","reportUrl":"https://vadim-makarov.github.io/fojin_site/41//#testresult/f4ed4a12e7f9ff6f","status":"passed","time":{"start":1670706749771,"stop":1670706755905,"duration":6134}},{"uid":"e205a7ec67641e50","reportUrl":"https://vadim-makarov.github.io/fojin_site/40//#testresult/e205a7ec67641e50","status":"broken","statusDetails":"selenium.common.exceptions.UnexpectedAlertPresentException: Alert Text: None\nMessage: Dismissed user prompt dialog: This site is asking you to sign in.\nStacktrace:\nRemoteError@chrome://remote/content/shared/RemoteError.sys.mjs:8:8\nWebDriverError@chrome://remote/content/shared/webdriver/Errors.sys.mjs:182:5\nUnexpectedAlertOpenError@chrome://remote/content/shared/webdriver/Errors.sys.mjs:487:5\nGeckoDriver.prototype._handleUserPrompts@chrome://remote/content/marionette/driver.sys.mjs:2695:13","time":{"start":1670703984970,"stop":1670703985542,"duration":572}},{"uid":"57ea428535456bd6","reportUrl":"https://vadim-makarov.github.io/fojin_site/39//#testresult/57ea428535456bd6","status":"failed","statusDetails":"AssertionError: Not success popup presented","time":{"start":1670701998463,"stop":1670702006986,"duration":8523}},{"uid":"276864e641255373","reportUrl":"https://vadim-makarov.github.io/fojin_site/37//#testresult/276864e641255373","status":"failed","statusDetails":"AssertionError: Not success popup presented","time":{"start":1670701848375,"stop":1670701856958,"duration":8583}}]},"tags":[]},"source":"522cc2f10309348c.json","parameterValues":["'firefox'"]}