{"uid":"d58f71c23bf00955","name":"test_positive_form_data[firefox]","fullName":"ui_tests.test_form_from_main_page.TestMainPageForm#test_positive_form_data","historyId":"350f59d9efd3056da7a4a44ebe3ee198","time":{"start":1670772045032,"stop":1670772054963,"duration":9931},"description":"User is scrolling to the bottom and sends correct data","descriptionHtml":"<p>User is scrolling to the bottom and sends correct data</p>\n","status":"failed","statusMessage":"AssertionError: Not success popup presented","statusTrace":"self = <ui_tests.test_form_from_main_page.TestMainPageForm object at 0x7f556024b410>\nbrowser = <selenium.webdriver.firefox.webdriver.WebDriver (session=\"6d182f42-c03a-4661-bef9-7dc4ef475d88\")>\npositive_data_case = [(('name', 'name'), 'test_user'), (('name', 'email'), 'test@fojin.tech'), (('name', 'phone'), '12345678901'), (('name', 'about'), 'some useless information')]\n\n    @severity(severity_level.CRITICAL)\n    @allure.feature('User sends correct data')\n    @allure.description('User is scrolling to the bottom and sends correct data')\n    def test_positive_form_data(self, browser, positive_data_case: list):\n        \"\"\"\n          Test fills the application with correct data and checks the popup answer\n        \"\"\"\n        page = MainPage(browser, self.url)\n        page.open()\n        for data in positive_data_case:\n            page.input_data_to_form(data)\n        page.scroll_to_and_click_element(FormLocators.SEND_BUTTON)\n        page.expl_wait_for_elem_visibility(FormLocators.POPUP)\n>       page.check_popup_is_presented(FormLocators.POPUP)\n\nui_tests/test_form_from_main_page.py:29: \n_ _ _ _ _ _ _ _ _ _ _ _ _ _ _ _ _ _ _ _ _ _ _ _ _ _ _ _ _ _ _ _ _ _ _ _ _ _ _ _ \n\nself = <ui_tests.pages.main_page.MainPage object at 0x7f5560150a90>\nlocator = ('css selector', '#form > div > div > div')\n\n    def check_popup_is_presented(self, locator):\n        \"\"\"\n        Test checks that success message appears\n        \"\"\"\n        popup = self.browser.find_element(*locator)\n        print(popup.text)\n>       assert popup.is_displayed(), 'Not success popup presented'\nE       AssertionError: Not success popup presented\n\nui_tests/pages/main_page.py:80: AssertionError","flaky":false,"newFailed":false,"newBroken":false,"newPassed":false,"retriesCount":0,"retriesStatusChange":false,"beforeStages":[{"name":"browser","time":{"start":1670772042388,"stop":1670772045031,"duration":2643},"status":"passed","steps":[],"attachments":[],"parameters":[],"stepsCount":0,"attachmentsCount":0,"shouldDisplayMessage":false,"hasContent":false},{"name":"positive_data_case","time":{"start":1670772045031,"stop":1670772045032,"duration":1},"status":"passed","steps":[],"attachments":[],"parameters":[],"stepsCount":0,"attachmentsCount":0,"shouldDisplayMessage":false,"hasContent":false}],"testStage":{"description":"User is scrolling to the bottom and sends correct data","status":"failed","statusMessage":"AssertionError: Not success popup presented","statusTrace":"self = <ui_tests.test_form_from_main_page.TestMainPageForm object at 0x7f556024b410>\nbrowser = <selenium.webdriver.firefox.webdriver.WebDriver (session=\"6d182f42-c03a-4661-bef9-7dc4ef475d88\")>\npositive_data_case = [(('name', 'name'), 'test_user'), (('name', 'email'), 'test@fojin.tech'), (('name', 'phone'), '12345678901'), (('name', 'about'), 'some useless information')]\n\n    @severity(severity_level.CRITICAL)\n    @allure.feature('User sends correct data')\n    @allure.description('User is scrolling to the bottom and sends correct data')\n    def test_positive_form_data(self, browser, positive_data_case: list):\n        \"\"\"\n          Test fills the application with correct data and checks the popup answer\n        \"\"\"\n        page = MainPage(browser, self.url)\n        page.open()\n        for data in positive_data_case:\n            page.input_data_to_form(data)\n        page.scroll_to_and_click_element(FormLocators.SEND_BUTTON)\n        page.expl_wait_for_elem_visibility(FormLocators.POPUP)\n>       page.check_popup_is_presented(FormLocators.POPUP)\n\nui_tests/test_form_from_main_page.py:29: \n_ _ _ _ _ _ _ _ _ _ _ _ _ _ _ _ _ _ _ _ _ _ _ _ _ _ _ _ _ _ _ _ _ _ _ _ _ _ _ _ \n\nself = <ui_tests.pages.main_page.MainPage object at 0x7f5560150a90>\nlocator = ('css selector', '#form > div > div > div')\n\n    def check_popup_is_presented(self, locator):\n        \"\"\"\n        Test checks that success message appears\n        \"\"\"\n        popup = self.browser.find_element(*locator)\n        print(popup.text)\n>       assert popup.is_displayed(), 'Not success popup presented'\nE       AssertionError: Not success popup presented\n\nui_tests/pages/main_page.py:80: AssertionError","steps":[],"attachments":[{"uid":"4ac035aafc370169","name":"stdout","source":"4ac035aafc370169.txt","type":"text/plain","size":2},{"uid":"51b062c0ca08fef9","name":"stderr","source":"51b062c0ca08fef9.txt","type":"text/plain","size":262}],"parameters":[],"stepsCount":0,"attachmentsCount":2,"shouldDisplayMessage":true,"hasContent":true},"afterStages":[{"name":"browser::0","time":{"start":1670772054973,"stop":1670772055661,"duration":688},"status":"passed","steps":[],"attachments":[],"parameters":[],"stepsCount":0,"attachmentsCount":0,"shouldDisplayMessage":false,"hasContent":false}],"labels":[{"name":"severity","value":"critical"},{"name":"feature","value":"User sends correct data"},{"name":"parentSuite","value":"ui_tests"},{"name":"suite","value":"test_form_from_main_page"},{"name":"subSuite","value":"TestMainPageForm"},{"name":"host","value":"fv-az367-28"},{"name":"thread","value":"3039-MainThread"},{"name":"framework","value":"pytest"},{"name":"language","value":"cpython3"},{"name":"package","value":"ui_tests.test_form_from_main_page"},{"name":"resultFormat","value":"allure2"}],"parameters":[{"name":"browser","value":"'firefox'"}],"links":[],"hidden":true,"retry":true,"extra":{"categories":[],"tags":[]},"source":"d58f71c23bf00955.json","parameterValues":["'firefox'"]}