{"uid":"e54ff28c95445f1b","name":"test_positive_form_data[firefox]","fullName":"ui_tests.test_form_from_main_page.TestMainPageForm#test_positive_form_data","historyId":"350f59d9efd3056da7a4a44ebe3ee198","time":{"start":1670770114312,"stop":1670770119760,"duration":5448},"description":"User is scrolling to the bottom and sends correct data","descriptionHtml":"<p>User is scrolling to the bottom and sends correct data</p>\n","status":"broken","statusMessage":"selenium.common.exceptions.ElementClickInterceptedException: Message: Element <div class=\"sc-63050886-2 gpFpVi\"> is not clickable at point (1074,654) because another element <div class=\"sc-2a084499-1 kRPMVF\"> obscures it\nStacktrace:\nRemoteError@chrome://remote/content/shared/RemoteError.sys.mjs:8:8\nWebDriverError@chrome://remote/content/shared/webdriver/Errors.sys.mjs:182:5\nElementClickInterceptedError@chrome://remote/content/shared/webdriver/Errors.sys.mjs:281:5\nwebdriverClickElement@chrome://remote/content/marionette/interaction.sys.mjs:160:11\ninteraction.clickElement@chrome://remote/content/marionette/interaction.sys.mjs:119:11\nclickElement@chrome://remote/content/marionette/actors/MarionetteCommandsChild.sys.mjs:198:29\nreceiveMessage@chrome://remote/content/marionette/actors/MarionetteCommandsChild.sys.mjs:86:31","statusTrace":"self = <ui_tests.test_form_from_main_page.TestMainPageForm object at 0x7f9b7da03110>\nbrowser = <selenium.webdriver.firefox.webdriver.WebDriver (session=\"985c6e38-c99d-4adf-8dca-820e0234f6e0\")>\npositive_data_case = [(('name', 'name'), 'test_user'), (('name', 'email'), 'test@fojin.tech'), (('name', 'phone'), '12345678901'), (('name', 'about'), 'some useless information')]\n\n    @severity(severity_level.CRITICAL)\n    @allure.feature('User sends correct data')\n    @allure.description('User is scrolling to the bottom and sends correct data')\n    def test_positive_form_data(self, browser, positive_data_case: list):\n        \"\"\"\n          Test fills the application with correct data and checks the popup answer\n        \"\"\"\n        page = MainPage(browser, self.url)\n        page.open()\n        for data in positive_data_case:\n            page.input_data_to_form(data)\n>       page.scroll_to_and_click_element(FormLocators.SEND_BUTTON)\n\nui_tests/test_form_from_main_page.py:22: \n_ _ _ _ _ _ _ _ _ _ _ _ _ _ _ _ _ _ _ _ _ _ _ _ _ _ _ _ _ _ _ _ _ _ _ _ _ _ _ _ \nui_tests/pages/main_page.py:38: in scroll_to_and_click_element\n    element.click()\n/opt/hostedtoolcache/Python/3.11.0/x64/lib/python3.11/site-packages/selenium/webdriver/remote/webelement.py:93: in click\n    self._execute(Command.CLICK_ELEMENT)\n/opt/hostedtoolcache/Python/3.11.0/x64/lib/python3.11/site-packages/selenium/webdriver/remote/webelement.py:410: in _execute\n    return self._parent.execute(command, params)\n/opt/hostedtoolcache/Python/3.11.0/x64/lib/python3.11/site-packages/selenium/webdriver/remote/webdriver.py:444: in execute\n    self.error_handler.check_response(response)\n_ _ _ _ _ _ _ _ _ _ _ _ _ _ _ _ _ _ _ _ _ _ _ _ _ _ _ _ _ _ _ _ _ _ _ _ _ _ _ _ \n\nself = <selenium.webdriver.remote.errorhandler.ErrorHandler object at 0x7f9b7d9031d0>\nresponse = {'status': 400, 'value': '{\"value\":{\"error\":\"element click intercepted\",\"message\":\"Element <div class=\\\\\"sc-63050886-2...sys.mjs:198:29\\\\nreceiveMessage@chrome://remote/content/marionette/actors/MarionetteCommandsChild.sys.mjs:86:31\\\\n\"}}'}\n\n    def check_response(self, response: Dict[str, Any]) -> None:\n        \"\"\"\n        Checks that a JSON response from the WebDriver does not have an error.\n    \n        :Args:\n         - response - The JSON response from the WebDriver server as a dictionary\n           object.\n    \n        :Raises: If the response contains an error message.\n        \"\"\"\n        status = response.get(\"status\", None)\n        if not status or status == ErrorCode.SUCCESS:\n            return\n        value = None\n        message = response.get(\"message\", \"\")\n        screen: str = response.get(\"screen\", \"\")\n        stacktrace = None\n        if isinstance(status, int):\n            value_json = response.get(\"value\", None)\n            if value_json and isinstance(value_json, str):\n                import json\n    \n                try:\n                    value = json.loads(value_json)\n                    if len(value.keys()) == 1:\n                        value = value[\"value\"]\n                    status = value.get(\"error\", None)\n                    if not status:\n                        status = value.get(\"status\", ErrorCode.UNKNOWN_ERROR)\n                        message = value.get(\"value\") or value.get(\"message\")\n                        if not isinstance(message, str):\n                            value = message\n                            message = message.get(\"message\")\n                    else:\n                        message = value.get(\"message\", None)\n                except ValueError:\n                    pass\n    \n        exception_class: Type[WebDriverException]\n        if status in ErrorCode.NO_SUCH_ELEMENT:\n            exception_class = NoSuchElementException\n        elif status in ErrorCode.NO_SUCH_FRAME:\n            exception_class = NoSuchFrameException\n        elif status in ErrorCode.NO_SUCH_SHADOW_ROOT:\n            exception_class = NoSuchShadowRootException\n        elif status in ErrorCode.NO_SUCH_WINDOW:\n            exception_class = NoSuchWindowException\n        elif status in ErrorCode.STALE_ELEMENT_REFERENCE:\n            exception_class = StaleElementReferenceException\n        elif status in ErrorCode.ELEMENT_NOT_VISIBLE:\n            exception_class = ElementNotVisibleException\n        elif status in ErrorCode.INVALID_ELEMENT_STATE:\n            exception_class = InvalidElementStateException\n        elif (\n            status in ErrorCode.INVALID_SELECTOR\n            or status in ErrorCode.INVALID_XPATH_SELECTOR\n            or status in ErrorCode.INVALID_XPATH_SELECTOR_RETURN_TYPER\n        ):\n            exception_class = InvalidSelectorException\n        elif status in ErrorCode.ELEMENT_IS_NOT_SELECTABLE:\n            exception_class = ElementNotSelectableException\n        elif status in ErrorCode.ELEMENT_NOT_INTERACTABLE:\n            exception_class = ElementNotInteractableException\n        elif status in ErrorCode.INVALID_COOKIE_DOMAIN:\n            exception_class = InvalidCookieDomainException\n        elif status in ErrorCode.UNABLE_TO_SET_COOKIE:\n            exception_class = UnableToSetCookieException\n        elif status in ErrorCode.TIMEOUT:\n            exception_class = TimeoutException\n        elif status in ErrorCode.SCRIPT_TIMEOUT:\n            exception_class = TimeoutException\n        elif status in ErrorCode.UNKNOWN_ERROR:\n            exception_class = WebDriverException\n        elif status in ErrorCode.UNEXPECTED_ALERT_OPEN:\n            exception_class = UnexpectedAlertPresentException\n        elif status in ErrorCode.NO_ALERT_OPEN:\n            exception_class = NoAlertPresentException\n        elif status in ErrorCode.IME_NOT_AVAILABLE:\n            exception_class = ImeNotAvailableException\n        elif status in ErrorCode.IME_ENGINE_ACTIVATION_FAILED:\n            exception_class = ImeActivationFailedException\n        elif status in ErrorCode.MOVE_TARGET_OUT_OF_BOUNDS:\n            exception_class = MoveTargetOutOfBoundsException\n        elif status in ErrorCode.JAVASCRIPT_ERROR:\n            exception_class = JavascriptException\n        elif status in ErrorCode.SESSION_NOT_CREATED:\n            exception_class = SessionNotCreatedException\n        elif status in ErrorCode.INVALID_ARGUMENT:\n            exception_class = InvalidArgumentException\n        elif status in ErrorCode.NO_SUCH_COOKIE:\n            exception_class = NoSuchCookieException\n        elif status in ErrorCode.UNABLE_TO_CAPTURE_SCREEN:\n            exception_class = ScreenshotException\n        elif status in ErrorCode.ELEMENT_CLICK_INTERCEPTED:\n            exception_class = ElementClickInterceptedException\n        elif status in ErrorCode.INSECURE_CERTIFICATE:\n            exception_class = InsecureCertificateException\n        elif status in ErrorCode.INVALID_COORDINATES:\n            exception_class = InvalidCoordinatesException\n        elif status in ErrorCode.INVALID_SESSION_ID:\n            exception_class = InvalidSessionIdException\n        elif status in ErrorCode.UNKNOWN_METHOD:\n            exception_class = UnknownMethodException\n        else:\n            exception_class = WebDriverException\n        if not value:\n            value = response[\"value\"]\n        if isinstance(value, str):\n            raise exception_class(value)\n        if message == \"\" and \"message\" in value:\n            message = value[\"message\"]\n    \n        screen = None  # type: ignore[assignment]\n        if \"screen\" in value:\n            screen = value[\"screen\"]\n    \n        stacktrace = None\n        st_value = value.get(\"stackTrace\") or value.get(\"stacktrace\")\n        if st_value:\n            if isinstance(st_value, str):\n                stacktrace = st_value.split(\"\\n\")\n            else:\n                stacktrace = []\n                try:\n                    for frame in st_value:\n                        line = frame.get(\"lineNumber\", \"\")\n                        file = frame.get(\"fileName\", \"<anonymous>\")\n                        if line:\n                            file = f\"{file}:{line}\"\n                        meth = frame.get(\"methodName\", \"<anonymous>\")\n                        if \"className\" in frame:\n                            meth = \"{}.{}\".format(frame[\"className\"], meth)\n                        msg = \"    at %s (%s)\"\n                        msg = msg % (meth, file)\n                        stacktrace.append(msg)\n                except TypeError:\n                    pass\n        if exception_class == UnexpectedAlertPresentException:\n            alert_text = None\n            if \"data\" in value:\n                alert_text = value[\"data\"].get(\"text\")\n            elif \"alert\" in value:\n                alert_text = value[\"alert\"].get(\"text\")\n            raise exception_class(message, screen, stacktrace, alert_text)  # type: ignore[call-arg]  # mypy is not smart enough here\n>       raise exception_class(message, screen, stacktrace)\nE       selenium.common.exceptions.ElementClickInterceptedException: Message: Element <div class=\"sc-63050886-2 gpFpVi\"> is not clickable at point (1074,654) because another element <div class=\"sc-2a084499-1 kRPMVF\"> obscures it\nE       Stacktrace:\nE       RemoteError@chrome://remote/content/shared/RemoteError.sys.mjs:8:8\nE       WebDriverError@chrome://remote/content/shared/webdriver/Errors.sys.mjs:182:5\nE       ElementClickInterceptedError@chrome://remote/content/shared/webdriver/Errors.sys.mjs:281:5\nE       webdriverClickElement@chrome://remote/content/marionette/interaction.sys.mjs:160:11\nE       interaction.clickElement@chrome://remote/content/marionette/interaction.sys.mjs:119:11\nE       clickElement@chrome://remote/content/marionette/actors/MarionetteCommandsChild.sys.mjs:198:29\nE       receiveMessage@chrome://remote/content/marionette/actors/MarionetteCommandsChild.sys.mjs:86:31\n\n/opt/hostedtoolcache/Python/3.11.0/x64/lib/python3.11/site-packages/selenium/webdriver/remote/errorhandler.py:249: ElementClickInterceptedException","flaky":true,"newFailed":false,"newBroken":true,"newPassed":false,"retriesCount":2,"retriesStatusChange":false,"beforeStages":[{"name":"browser","time":{"start":1670770110304,"stop":1670770114311,"duration":4007},"status":"passed","steps":[],"attachments":[],"parameters":[],"stepsCount":0,"attachmentsCount":0,"shouldDisplayMessage":false,"hasContent":false},{"name":"positive_data_case","time":{"start":1670770114311,"stop":1670770114311,"duration":0},"status":"passed","steps":[],"attachments":[],"parameters":[],"stepsCount":0,"attachmentsCount":0,"shouldDisplayMessage":false,"hasContent":false}],"testStage":{"description":"User is scrolling to the bottom and sends correct data","status":"broken","statusMessage":"selenium.common.exceptions.ElementClickInterceptedException: Message: Element <div class=\"sc-63050886-2 gpFpVi\"> is not clickable at point (1074,654) because another element <div class=\"sc-2a084499-1 kRPMVF\"> obscures it\nStacktrace:\nRemoteError@chrome://remote/content/shared/RemoteError.sys.mjs:8:8\nWebDriverError@chrome://remote/content/shared/webdriver/Errors.sys.mjs:182:5\nElementClickInterceptedError@chrome://remote/content/shared/webdriver/Errors.sys.mjs:281:5\nwebdriverClickElement@chrome://remote/content/marionette/interaction.sys.mjs:160:11\ninteraction.clickElement@chrome://remote/content/marionette/interaction.sys.mjs:119:11\nclickElement@chrome://remote/content/marionette/actors/MarionetteCommandsChild.sys.mjs:198:29\nreceiveMessage@chrome://remote/content/marionette/actors/MarionetteCommandsChild.sys.mjs:86:31","statusTrace":"self = <ui_tests.test_form_from_main_page.TestMainPageForm object at 0x7f9b7da03110>\nbrowser = <selenium.webdriver.firefox.webdriver.WebDriver (session=\"985c6e38-c99d-4adf-8dca-820e0234f6e0\")>\npositive_data_case = [(('name', 'name'), 'test_user'), (('name', 'email'), 'test@fojin.tech'), (('name', 'phone'), '12345678901'), (('name', 'about'), 'some useless information')]\n\n    @severity(severity_level.CRITICAL)\n    @allure.feature('User sends correct data')\n    @allure.description('User is scrolling to the bottom and sends correct data')\n    def test_positive_form_data(self, browser, positive_data_case: list):\n        \"\"\"\n          Test fills the application with correct data and checks the popup answer\n        \"\"\"\n        page = MainPage(browser, self.url)\n        page.open()\n        for data in positive_data_case:\n            page.input_data_to_form(data)\n>       page.scroll_to_and_click_element(FormLocators.SEND_BUTTON)\n\nui_tests/test_form_from_main_page.py:22: \n_ _ _ _ _ _ _ _ _ _ _ _ _ _ _ _ _ _ _ _ _ _ _ _ _ _ _ _ _ _ _ _ _ _ _ _ _ _ _ _ \nui_tests/pages/main_page.py:38: in scroll_to_and_click_element\n    element.click()\n/opt/hostedtoolcache/Python/3.11.0/x64/lib/python3.11/site-packages/selenium/webdriver/remote/webelement.py:93: in click\n    self._execute(Command.CLICK_ELEMENT)\n/opt/hostedtoolcache/Python/3.11.0/x64/lib/python3.11/site-packages/selenium/webdriver/remote/webelement.py:410: in _execute\n    return self._parent.execute(command, params)\n/opt/hostedtoolcache/Python/3.11.0/x64/lib/python3.11/site-packages/selenium/webdriver/remote/webdriver.py:444: in execute\n    self.error_handler.check_response(response)\n_ _ _ _ _ _ _ _ _ _ _ _ _ _ _ _ _ _ _ _ _ _ _ _ _ _ _ _ _ _ _ _ _ _ _ _ _ _ _ _ \n\nself = <selenium.webdriver.remote.errorhandler.ErrorHandler object at 0x7f9b7d9031d0>\nresponse = {'status': 400, 'value': '{\"value\":{\"error\":\"element click intercepted\",\"message\":\"Element <div class=\\\\\"sc-63050886-2...sys.mjs:198:29\\\\nreceiveMessage@chrome://remote/content/marionette/actors/MarionetteCommandsChild.sys.mjs:86:31\\\\n\"}}'}\n\n    def check_response(self, response: Dict[str, Any]) -> None:\n        \"\"\"\n        Checks that a JSON response from the WebDriver does not have an error.\n    \n        :Args:\n         - response - The JSON response from the WebDriver server as a dictionary\n           object.\n    \n        :Raises: If the response contains an error message.\n        \"\"\"\n        status = response.get(\"status\", None)\n        if not status or status == ErrorCode.SUCCESS:\n            return\n        value = None\n        message = response.get(\"message\", \"\")\n        screen: str = response.get(\"screen\", \"\")\n        stacktrace = None\n        if isinstance(status, int):\n            value_json = response.get(\"value\", None)\n            if value_json and isinstance(value_json, str):\n                import json\n    \n                try:\n                    value = json.loads(value_json)\n                    if len(value.keys()) == 1:\n                        value = value[\"value\"]\n                    status = value.get(\"error\", None)\n                    if not status:\n                        status = value.get(\"status\", ErrorCode.UNKNOWN_ERROR)\n                        message = value.get(\"value\") or value.get(\"message\")\n                        if not isinstance(message, str):\n                            value = message\n                            message = message.get(\"message\")\n                    else:\n                        message = value.get(\"message\", None)\n                except ValueError:\n                    pass\n    \n        exception_class: Type[WebDriverException]\n        if status in ErrorCode.NO_SUCH_ELEMENT:\n            exception_class = NoSuchElementException\n        elif status in ErrorCode.NO_SUCH_FRAME:\n            exception_class = NoSuchFrameException\n        elif status in ErrorCode.NO_SUCH_SHADOW_ROOT:\n            exception_class = NoSuchShadowRootException\n        elif status in ErrorCode.NO_SUCH_WINDOW:\n            exception_class = NoSuchWindowException\n        elif status in ErrorCode.STALE_ELEMENT_REFERENCE:\n            exception_class = StaleElementReferenceException\n        elif status in ErrorCode.ELEMENT_NOT_VISIBLE:\n            exception_class = ElementNotVisibleException\n        elif status in ErrorCode.INVALID_ELEMENT_STATE:\n            exception_class = InvalidElementStateException\n        elif (\n            status in ErrorCode.INVALID_SELECTOR\n            or status in ErrorCode.INVALID_XPATH_SELECTOR\n            or status in ErrorCode.INVALID_XPATH_SELECTOR_RETURN_TYPER\n        ):\n            exception_class = InvalidSelectorException\n        elif status in ErrorCode.ELEMENT_IS_NOT_SELECTABLE:\n            exception_class = ElementNotSelectableException\n        elif status in ErrorCode.ELEMENT_NOT_INTERACTABLE:\n            exception_class = ElementNotInteractableException\n        elif status in ErrorCode.INVALID_COOKIE_DOMAIN:\n            exception_class = InvalidCookieDomainException\n        elif status in ErrorCode.UNABLE_TO_SET_COOKIE:\n            exception_class = UnableToSetCookieException\n        elif status in ErrorCode.TIMEOUT:\n            exception_class = TimeoutException\n        elif status in ErrorCode.SCRIPT_TIMEOUT:\n            exception_class = TimeoutException\n        elif status in ErrorCode.UNKNOWN_ERROR:\n            exception_class = WebDriverException\n        elif status in ErrorCode.UNEXPECTED_ALERT_OPEN:\n            exception_class = UnexpectedAlertPresentException\n        elif status in ErrorCode.NO_ALERT_OPEN:\n            exception_class = NoAlertPresentException\n        elif status in ErrorCode.IME_NOT_AVAILABLE:\n            exception_class = ImeNotAvailableException\n        elif status in ErrorCode.IME_ENGINE_ACTIVATION_FAILED:\n            exception_class = ImeActivationFailedException\n        elif status in ErrorCode.MOVE_TARGET_OUT_OF_BOUNDS:\n            exception_class = MoveTargetOutOfBoundsException\n        elif status in ErrorCode.JAVASCRIPT_ERROR:\n            exception_class = JavascriptException\n        elif status in ErrorCode.SESSION_NOT_CREATED:\n            exception_class = SessionNotCreatedException\n        elif status in ErrorCode.INVALID_ARGUMENT:\n            exception_class = InvalidArgumentException\n        elif status in ErrorCode.NO_SUCH_COOKIE:\n            exception_class = NoSuchCookieException\n        elif status in ErrorCode.UNABLE_TO_CAPTURE_SCREEN:\n            exception_class = ScreenshotException\n        elif status in ErrorCode.ELEMENT_CLICK_INTERCEPTED:\n            exception_class = ElementClickInterceptedException\n        elif status in ErrorCode.INSECURE_CERTIFICATE:\n            exception_class = InsecureCertificateException\n        elif status in ErrorCode.INVALID_COORDINATES:\n            exception_class = InvalidCoordinatesException\n        elif status in ErrorCode.INVALID_SESSION_ID:\n            exception_class = InvalidSessionIdException\n        elif status in ErrorCode.UNKNOWN_METHOD:\n            exception_class = UnknownMethodException\n        else:\n            exception_class = WebDriverException\n        if not value:\n            value = response[\"value\"]\n        if isinstance(value, str):\n            raise exception_class(value)\n        if message == \"\" and \"message\" in value:\n            message = value[\"message\"]\n    \n        screen = None  # type: ignore[assignment]\n        if \"screen\" in value:\n            screen = value[\"screen\"]\n    \n        stacktrace = None\n        st_value = value.get(\"stackTrace\") or value.get(\"stacktrace\")\n        if st_value:\n            if isinstance(st_value, str):\n                stacktrace = st_value.split(\"\\n\")\n            else:\n                stacktrace = []\n                try:\n                    for frame in st_value:\n                        line = frame.get(\"lineNumber\", \"\")\n                        file = frame.get(\"fileName\", \"<anonymous>\")\n                        if line:\n                            file = f\"{file}:{line}\"\n                        meth = frame.get(\"methodName\", \"<anonymous>\")\n                        if \"className\" in frame:\n                            meth = \"{}.{}\".format(frame[\"className\"], meth)\n                        msg = \"    at %s (%s)\"\n                        msg = msg % (meth, file)\n                        stacktrace.append(msg)\n                except TypeError:\n                    pass\n        if exception_class == UnexpectedAlertPresentException:\n            alert_text = None\n            if \"data\" in value:\n                alert_text = value[\"data\"].get(\"text\")\n            elif \"alert\" in value:\n                alert_text = value[\"alert\"].get(\"text\")\n            raise exception_class(message, screen, stacktrace, alert_text)  # type: ignore[call-arg]  # mypy is not smart enough here\n>       raise exception_class(message, screen, stacktrace)\nE       selenium.common.exceptions.ElementClickInterceptedException: Message: Element <div class=\"sc-63050886-2 gpFpVi\"> is not clickable at point (1074,654) because another element <div class=\"sc-2a084499-1 kRPMVF\"> obscures it\nE       Stacktrace:\nE       RemoteError@chrome://remote/content/shared/RemoteError.sys.mjs:8:8\nE       WebDriverError@chrome://remote/content/shared/webdriver/Errors.sys.mjs:182:5\nE       ElementClickInterceptedError@chrome://remote/content/shared/webdriver/Errors.sys.mjs:281:5\nE       webdriverClickElement@chrome://remote/content/marionette/interaction.sys.mjs:160:11\nE       interaction.clickElement@chrome://remote/content/marionette/interaction.sys.mjs:119:11\nE       clickElement@chrome://remote/content/marionette/actors/MarionetteCommandsChild.sys.mjs:198:29\nE       receiveMessage@chrome://remote/content/marionette/actors/MarionetteCommandsChild.sys.mjs:86:31\n\n/opt/hostedtoolcache/Python/3.11.0/x64/lib/python3.11/site-packages/selenium/webdriver/remote/errorhandler.py:249: ElementClickInterceptedException","steps":[],"attachments":[{"uid":"670ab7b0f20b9fac","name":"stderr","source":"670ab7b0f20b9fac.txt","type":"text/plain","size":553}],"parameters":[],"stepsCount":0,"attachmentsCount":1,"shouldDisplayMessage":true,"hasContent":true},"afterStages":[{"name":"browser::0","time":{"start":1670770119869,"stop":1670770120980,"duration":1111},"status":"passed","steps":[],"attachments":[],"parameters":[],"stepsCount":0,"attachmentsCount":0,"shouldDisplayMessage":false,"hasContent":false}],"labels":[{"name":"feature","value":"User sends correct data"},{"name":"severity","value":"critical"},{"name":"parentSuite","value":"ui_tests"},{"name":"suite","value":"test_form_from_main_page"},{"name":"subSuite","value":"TestMainPageForm"},{"name":"host","value":"fv-az367-28"},{"name":"thread","value":"2979-MainThread"},{"name":"framework","value":"pytest"},{"name":"language","value":"cpython3"},{"name":"package","value":"ui_tests.test_form_from_main_page"},{"name":"resultFormat","value":"allure2"}],"parameters":[{"name":"browser","value":"'firefox'"}],"links":[],"hidden":false,"retry":false,"extra":{"severity":"critical","retries":[{"uid":"d1f3c786ca1fec75","status":"broken","statusDetails":"selenium.common.exceptions.ElementClickInterceptedException: Message: Element <div class=\"sc-63050886-2 gpFpVi\"> is not clickable at point (1074,638) because another element <p class=\"sc-2a084499-2 jfpZGW\"> obscures it\nStacktrace:\nRemoteError@chrome://remote/content/shared/RemoteError.sys.mjs:8:8\nWebDriverError@chrome://remote/content/shared/webdriver/Errors.sys.mjs:182:5\nElementClickInterceptedError@chrome://remote/content/shared/webdriver/Errors.sys.mjs:281:5\nwebdriverClickElement@chrome://remote/content/marionette/interaction.sys.mjs:160:11\ninteraction.clickElement@chrome://remote/content/marionette/interaction.sys.mjs:119:11\nclickElement@chrome://remote/content/marionette/actors/MarionetteCommandsChild.sys.mjs:198:29\nreceiveMessage@chrome://remote/content/marionette/actors/MarionetteCommandsChild.sys.mjs:86:31","time":{"start":1670770103289,"stop":1670770108975,"duration":5686}},{"uid":"1c1effe66d212f32","status":"broken","statusDetails":"selenium.common.exceptions.ElementClickInterceptedException: Message: Element <div class=\"sc-63050886-2 gpFpVi\"> is not clickable at point (1074,654) because another element <div class=\"sc-2a084499-1 kRPMVF\"> obscures it\nStacktrace:\nRemoteError@chrome://remote/content/shared/RemoteError.sys.mjs:8:8\nWebDriverError@chrome://remote/content/shared/webdriver/Errors.sys.mjs:182:5\nElementClickInterceptedError@chrome://remote/content/shared/webdriver/Errors.sys.mjs:281:5\nwebdriverClickElement@chrome://remote/content/marionette/interaction.sys.mjs:160:11\ninteraction.clickElement@chrome://remote/content/marionette/interaction.sys.mjs:119:11\nclickElement@chrome://remote/content/marionette/actors/MarionetteCommandsChild.sys.mjs:198:29\nreceiveMessage@chrome://remote/content/marionette/actors/MarionetteCommandsChild.sys.mjs:86:31","time":{"start":1670770091741,"stop":1670770097603,"duration":5862}}],"categories":[{"name":"Test defects","matchedStatuses":[],"flaky":false}],"history":{"statistic":{"failed":2,"broken":2,"skipped":0,"passed":1,"unknown":0,"total":5},"items":[{"uid":"f4ed4a12e7f9ff6f","reportUrl":"https://vadim-makarov.github.io/fojin_site/41//#testresult/f4ed4a12e7f9ff6f","status":"passed","time":{"start":1670706749771,"stop":1670706755905,"duration":6134}},{"uid":"e205a7ec67641e50","reportUrl":"https://vadim-makarov.github.io/fojin_site/40//#testresult/e205a7ec67641e50","status":"broken","statusDetails":"selenium.common.exceptions.UnexpectedAlertPresentException: Alert Text: None\nMessage: Dismissed user prompt dialog: This site is asking you to sign in.\nStacktrace:\nRemoteError@chrome://remote/content/shared/RemoteError.sys.mjs:8:8\nWebDriverError@chrome://remote/content/shared/webdriver/Errors.sys.mjs:182:5\nUnexpectedAlertOpenError@chrome://remote/content/shared/webdriver/Errors.sys.mjs:487:5\nGeckoDriver.prototype._handleUserPrompts@chrome://remote/content/marionette/driver.sys.mjs:2695:13","time":{"start":1670703984970,"stop":1670703985542,"duration":572}},{"uid":"57ea428535456bd6","reportUrl":"https://vadim-makarov.github.io/fojin_site/39//#testresult/57ea428535456bd6","status":"failed","statusDetails":"AssertionError: Not success popup presented","time":{"start":1670701998463,"stop":1670702006986,"duration":8523}},{"uid":"276864e641255373","reportUrl":"https://vadim-makarov.github.io/fojin_site/37//#testresult/276864e641255373","status":"failed","statusDetails":"AssertionError: Not success popup presented","time":{"start":1670701848375,"stop":1670701856958,"duration":8583}}]},"tags":[]},"source":"e54ff28c95445f1b.json","parameterValues":["'firefox'"]}