{"uid":"85b59bed84f90497","name":"test_case_page[chrome-1-locator0]","fullName":"ui_tests.test_cases_page.TestCasesPage#test_case_page","historyId":"17e0bdb255abc58c23701d7d32e99f29","time":{"start":1670701019212,"stop":1670701027497,"duration":8285},"description":"\n        test checks availability of each case page(doesn't check content!)\n        ","descriptionHtml":"<pre><code>    test checks availability of each case page(doesn't check content!)\n</code></pre>\n","status":"skipped","statusMessage":"XFAIL the test fails in a window mode\n\nAssertionError: https://test_user:hellofojin@dev.fojin.tech/ru/cases","statusTrace":"self = <ui_tests.test_cases_page.TestCasesPage object at 0x7f05af0fa2d0>\nbrowser = <selenium.webdriver.chrome.webdriver.WebDriver (session=\"aaf7627c400f48531dc0cab90187c870\")>\ncase = '1'\nlocator = ('css selector', '.case-container-1 > div:nth-child(2) > div:nth-child(1)')\n\n    @allure.feature('User can see all the cases')\n    @pytest.mark.parametrize('case, locator', list(zip(CasesData.cases_list, CasesData.locators)))\n    def test_case_page(self, browser, case: str, locator: tuple):\n        \"\"\"\n        test checks availability of each case page(doesn't check content!)\n        \"\"\"\n        page = CasesPage(browser, self.url)\n        page.open()\n        page.expl_wait_for_page_download('cases')\n        page.scroll_to_and_click_element(locator)\n        page.expl_wait_for_page_download(case)\n>       page.should_be_some_page(case)\n\nui_tests/test_cases_page.py:28: \n_ _ _ _ _ _ _ _ _ _ _ _ _ _ _ _ _ _ _ _ _ _ _ _ _ _ _ _ _ _ _ _ _ _ _ _ _ _ _ _ \n\nself = <ui_tests.pages.cases_page.CasesPage object at 0x7f05aea96890>\npage_name = '1'\n\n    def should_be_some_page(self, page_name: str):\n>       assert page_name in self.browser.current_url, self.browser.current_url\nE       AssertionError: https://test_user:hellofojin@dev.fojin.tech/ru/cases\n\nui_tests/pages/main_page.py:41: AssertionError","flaky":false,"newFailed":false,"newBroken":false,"newPassed":false,"retriesCount":0,"retriesStatusChange":false,"beforeStages":[{"name":"browser","time":{"start":1670701009250,"stop":1670701019211,"duration":9961},"status":"passed","steps":[],"attachments":[],"parameters":[],"stepsCount":0,"attachmentsCount":0,"shouldDisplayMessage":false,"hasContent":false}],"testStage":{"description":"\n        test checks availability of each case page(doesn't check content!)\n        ","status":"skipped","statusMessage":"XFAIL the test fails in a window mode\n\nAssertionError: https://test_user:hellofojin@dev.fojin.tech/ru/cases","statusTrace":"self = <ui_tests.test_cases_page.TestCasesPage object at 0x7f05af0fa2d0>\nbrowser = <selenium.webdriver.chrome.webdriver.WebDriver (session=\"aaf7627c400f48531dc0cab90187c870\")>\ncase = '1'\nlocator = ('css selector', '.case-container-1 > div:nth-child(2) > div:nth-child(1)')\n\n    @allure.feature('User can see all the cases')\n    @pytest.mark.parametrize('case, locator', list(zip(CasesData.cases_list, CasesData.locators)))\n    def test_case_page(self, browser, case: str, locator: tuple):\n        \"\"\"\n        test checks availability of each case page(doesn't check content!)\n        \"\"\"\n        page = CasesPage(browser, self.url)\n        page.open()\n        page.expl_wait_for_page_download('cases')\n        page.scroll_to_and_click_element(locator)\n        page.expl_wait_for_page_download(case)\n>       page.should_be_some_page(case)\n\nui_tests/test_cases_page.py:28: \n_ _ _ _ _ _ _ _ _ _ _ _ _ _ _ _ _ _ _ _ _ _ _ _ _ _ _ _ _ _ _ _ _ _ _ _ _ _ _ _ \n\nself = <ui_tests.pages.cases_page.CasesPage object at 0x7f05aea96890>\npage_name = '1'\n\n    def should_be_some_page(self, page_name: str):\n>       assert page_name in self.browser.current_url, self.browser.current_url\nE       AssertionError: https://test_user:hellofojin@dev.fojin.tech/ru/cases\n\nui_tests/pages/main_page.py:41: AssertionError","steps":[],"attachments":[{"uid":"7fb73cf700e67bd5","name":"stderr","source":"7fb73cf700e67bd5.txt","type":"text/plain","size":159}],"parameters":[],"stepsCount":0,"attachmentsCount":1,"shouldDisplayMessage":true,"hasContent":true},"afterStages":[{"name":"browser::0","time":{"start":1670701027530,"stop":1670701027586,"duration":56},"status":"passed","steps":[],"attachments":[],"parameters":[],"stepsCount":0,"attachmentsCount":0,"shouldDisplayMessage":false,"hasContent":false}],"labels":[{"name":"feature","value":"User can see all the cases"},{"name":"tag","value":"@pytest.mark.xfail(reason='the test fails in a window mode')"},{"name":"parentSuite","value":"ui_tests"},{"name":"suite","value":"test_cases_page"},{"name":"subSuite","value":"TestCasesPage"},{"name":"host","value":"fv-az172-269"},{"name":"thread","value":"3012-MainThread"},{"name":"framework","value":"pytest"},{"name":"language","value":"cpython3"},{"name":"package","value":"ui_tests.test_cases_page"},{"name":"resultFormat","value":"allure2"}],"parameters":[{"name":"browser","value":"'chrome'"},{"name":"case","value":"'1'"},{"name":"locator","value":"('css selector', '.case-container-1 > div:nth-child(2) > div:nth-child(1)')"}],"links":[],"hidden":false,"retry":false,"extra":{"severity":"normal","retries":[],"categories":[],"history":{"statistic":{"failed":0,"broken":0,"skipped":2,"passed":0,"unknown":0,"total":2},"items":[{"uid":"19bd21434e90c8da","reportUrl":"https://vadim-makarov.github.io/fojin_site/35//#testresult/19bd21434e90c8da","status":"skipped","statusDetails":"XFAIL the test fails in a window mode\n\nselenium.common.exceptions.WebDriverException: Message: unknown error: Chrome failed to start: exited abnormally.\n  (unknown error: DevToolsActivePort file doesn't exist)\n  (The process started from chrome location /usr/bin/google-chrome is no longer running, so ChromeDriver is assuming that Chrome has crashed.)\nStacktrace:\n#0 0x5597ada422a3 <unknown>\n#1 0x5597ad800f77 <unknown>\n#2 0x5597ad8295f7 <unknown>\n#3 0x5597ad8257d0 <unknown>\n#4 0x5597ad8660b7 <unknown>\n#5 0x5597ad865a5f <unknown>\n#6 0x5597ad85d903 <unknown>\n#7 0x5597ad830ece <unknown>\n#8 0x5597ad831fde <unknown>\n#9 0x5597ada9263e <unknown>\n#10 0x5597ada95b79 <unknown>\n#11 0x5597ada7889e <unknown>\n#12 0x5597ada96a83 <unknown>\n#13 0x5597ada6b505 <unknown>\n#14 0x5597adab7ca8 <unknown>\n#15 0x5597adab7e36 <unknown>\n#16 0x5597adad3333 <unknown>\n#17 0x7f4c78cf0b43 <unknown>","time":{"start":1670700652964,"stop":1670700652964,"duration":0}}]},"tags":["@pytest.mark.xfail(reason='the test fails in a window mode')"]},"source":"85b59bed84f90497.json","parameterValues":["'chrome'","'1'","('css selector', '.case-container-1 > div:nth-child(2) > div:nth-child(1)')"]}