{"uid":"94336bc4bf8d6f57","name":"test_case_page[chrome-6-locator5]","fullName":"ui_tests.test_cases_page.TestCasesPage#test_case_page","historyId":"28c79320443e03def068ec45989e4be6","time":{"start":1670701019212,"stop":1670701027097,"duration":7885},"description":"\n        test checks availability of each case page(doesn't check content!)\n        ","descriptionHtml":"<pre><code>    test checks availability of each case page(doesn't check content!)\n</code></pre>\n","status":"skipped","statusMessage":"XFAIL the test fails in a window mode\n\nAssertionError: https://test_user:hellofojin@dev.fojin.tech/ru/cases","statusTrace":"self = <ui_tests.test_cases_page.TestCasesPage object at 0x7f73347fbd90>\nbrowser = <selenium.webdriver.chrome.webdriver.WebDriver (session=\"4b13a8c6f127fad67f35ba2829395451\")>\ncase = '6'\nlocator = ('css selector', '.case-container-6 > div:nth-child(1) > div:nth-child(1)')\n\n    @allure.feature('User can see all the cases')\n    @pytest.mark.parametrize('case, locator', list(zip(CasesData.cases_list, CasesData.locators)))\n    def test_case_page(self, browser, case: str, locator: tuple):\n        \"\"\"\n        test checks availability of each case page(doesn't check content!)\n        \"\"\"\n        page = CasesPage(browser, self.url)\n        page.open()\n        page.expl_wait_for_page_download('cases')\n        page.scroll_to_and_click_element(locator)\n        page.expl_wait_for_page_download(case)\n>       page.should_be_some_page(case)\n\nui_tests/test_cases_page.py:28: \n_ _ _ _ _ _ _ _ _ _ _ _ _ _ _ _ _ _ _ _ _ _ _ _ _ _ _ _ _ _ _ _ _ _ _ _ _ _ _ _ \n\nself = <ui_tests.pages.cases_page.CasesPage object at 0x7f73347c5750>\npage_name = '6'\n\n    def should_be_some_page(self, page_name: str):\n>       assert page_name in self.browser.current_url, self.browser.current_url\nE       AssertionError: https://test_user:hellofojin@dev.fojin.tech/ru/cases\n\nui_tests/pages/main_page.py:41: AssertionError","flaky":false,"newFailed":false,"newBroken":false,"newPassed":false,"retriesCount":0,"retriesStatusChange":false,"beforeStages":[{"name":"browser","time":{"start":1670701009250,"stop":1670701019211,"duration":9961},"status":"passed","steps":[],"attachments":[],"parameters":[],"stepsCount":0,"attachmentsCount":0,"shouldDisplayMessage":false,"hasContent":false}],"testStage":{"description":"\n        test checks availability of each case page(doesn't check content!)\n        ","status":"skipped","statusMessage":"XFAIL the test fails in a window mode\n\nAssertionError: https://test_user:hellofojin@dev.fojin.tech/ru/cases","statusTrace":"self = <ui_tests.test_cases_page.TestCasesPage object at 0x7f73347fbd90>\nbrowser = <selenium.webdriver.chrome.webdriver.WebDriver (session=\"4b13a8c6f127fad67f35ba2829395451\")>\ncase = '6'\nlocator = ('css selector', '.case-container-6 > div:nth-child(1) > div:nth-child(1)')\n\n    @allure.feature('User can see all the cases')\n    @pytest.mark.parametrize('case, locator', list(zip(CasesData.cases_list, CasesData.locators)))\n    def test_case_page(self, browser, case: str, locator: tuple):\n        \"\"\"\n        test checks availability of each case page(doesn't check content!)\n        \"\"\"\n        page = CasesPage(browser, self.url)\n        page.open()\n        page.expl_wait_for_page_download('cases')\n        page.scroll_to_and_click_element(locator)\n        page.expl_wait_for_page_download(case)\n>       page.should_be_some_page(case)\n\nui_tests/test_cases_page.py:28: \n_ _ _ _ _ _ _ _ _ _ _ _ _ _ _ _ _ _ _ _ _ _ _ _ _ _ _ _ _ _ _ _ _ _ _ _ _ _ _ _ \n\nself = <ui_tests.pages.cases_page.CasesPage object at 0x7f73347c5750>\npage_name = '6'\n\n    def should_be_some_page(self, page_name: str):\n>       assert page_name in self.browser.current_url, self.browser.current_url\nE       AssertionError: https://test_user:hellofojin@dev.fojin.tech/ru/cases\n\nui_tests/pages/main_page.py:41: AssertionError","steps":[],"attachments":[{"uid":"7e80b448ebea9e1b","name":"stderr","source":"7e80b448ebea9e1b.txt","type":"text/plain","size":159}],"parameters":[],"stepsCount":0,"attachmentsCount":1,"shouldDisplayMessage":true,"hasContent":true},"afterStages":[{"name":"browser::0","time":{"start":1670701027130,"stop":1670701027186,"duration":56},"status":"passed","steps":[],"attachments":[],"parameters":[],"stepsCount":0,"attachmentsCount":0,"shouldDisplayMessage":false,"hasContent":false}],"labels":[{"name":"feature","value":"User can see all the cases"},{"name":"tag","value":"@pytest.mark.xfail(reason='the test fails in a window mode')"},{"name":"parentSuite","value":"ui_tests"},{"name":"suite","value":"test_cases_page"},{"name":"subSuite","value":"TestCasesPage"},{"name":"host","value":"fv-az172-269"},{"name":"thread","value":"3015-MainThread"},{"name":"framework","value":"pytest"},{"name":"language","value":"cpython3"},{"name":"package","value":"ui_tests.test_cases_page"},{"name":"resultFormat","value":"allure2"}],"parameters":[{"name":"browser","value":"'chrome'"},{"name":"case","value":"'6'"},{"name":"locator","value":"('css selector', '.case-container-6 > div:nth-child(1) > div:nth-child(1)')"}],"links":[],"hidden":false,"retry":false,"extra":{"severity":"normal","retries":[],"categories":[],"history":{"statistic":{"failed":0,"broken":0,"skipped":2,"passed":0,"unknown":0,"total":2},"items":[{"uid":"74530aa0046ea370","reportUrl":"https://vadim-makarov.github.io/fojin_site/35//#testresult/74530aa0046ea370","status":"skipped","statusDetails":"XFAIL the test fails in a window mode\n\nselenium.common.exceptions.WebDriverException: Message: unknown error: Chrome failed to start: exited abnormally.\n  (unknown error: DevToolsActivePort file doesn't exist)\n  (The process started from chrome location /usr/bin/google-chrome is no longer running, so ChromeDriver is assuming that Chrome has crashed.)\nStacktrace:\n#0 0x56433121b2a3 <unknown>\n#1 0x564330fd9f77 <unknown>\n#2 0x5643310025f7 <unknown>\n#3 0x564330ffe7d0 <unknown>\n#4 0x56433103f0b7 <unknown>\n#5 0x56433103ea5f <unknown>\n#6 0x564331036903 <unknown>\n#7 0x564331009ece <unknown>\n#8 0x56433100afde <unknown>\n#9 0x56433126b63e <unknown>\n#10 0x56433126eb79 <unknown>\n#11 0x56433125189e <unknown>\n#12 0x56433126fa83 <unknown>\n#13 0x564331244505 <unknown>\n#14 0x564331290ca8 <unknown>\n#15 0x564331290e36 <unknown>\n#16 0x5643312ac333 <unknown>\n#17 0x7f7213585b43 <unknown>","time":{"start":1670700652964,"stop":1670700652964,"duration":0}}]},"tags":["@pytest.mark.xfail(reason='the test fails in a window mode')"]},"source":"94336bc4bf8d6f57.json","parameterValues":["'chrome'","'6'","('css selector', '.case-container-6 > div:nth-child(1) > div:nth-child(1)')"]}