{"uid":"a95ec8ba723017a5","name":"test_positive_form_data[firefox]","fullName":"ui_tests.test_form_from_main_page.TestMainPageForm#test_positive_form_data","historyId":"350f59d9efd3056da7a4a44ebe3ee198","time":{"start":1670701131910,"stop":1670701140435,"duration":8525},"description":"User is scrolling to the bottom and sends correct data","descriptionHtml":"<p>User is scrolling to the bottom and sends correct data</p>\n","status":"failed","statusMessage":"AssertionError: Not success popup presented","statusTrace":"self = <ui_tests.test_form_from_main_page.TestMainPageForm object at 0x7f05aea5f410>\nbrowser = <selenium.webdriver.firefox.webdriver.WebDriver (session=\"96a3f043-e43f-4b54-b1d1-f98995413644\")>\npositive_data_case = [(('name', 'name'), 'test_user'), (('name', 'email'), 'test@fojin.tech'), (('name', 'phone'), '12345678901'), (('name', 'about'), 'some useless information')]\n\n    @allure.feature('User sends correct data')\n    @allure.description('User is scrolling to the bottom and sends correct data')\n    def test_positive_form_data(self, browser, positive_data_case: list):\n        \"\"\"\n          Test fills the application with correct data and checks the popup answer\n        \"\"\"\n        page = MainPage(browser, self.url)\n        page.open()\n        for data in positive_data_case:\n            page.input_data_to_form(data)\n        page.scroll_to_and_click_element(FormLocators.SEND_BUTTON)\n        page.expl_wait_for_elem_visibility(FormLocators.POPUP)\n>       page.check_popup_is_presented(FormLocators.POPUP)\n\nui_tests/test_form_from_main_page.py:27: \n_ _ _ _ _ _ _ _ _ _ _ _ _ _ _ _ _ _ _ _ _ _ _ _ _ _ _ _ _ _ _ _ _ _ _ _ _ _ _ _ \n\nself = <ui_tests.pages.main_page.MainPage object at 0x7f05ae91dd50>\nlocator = ('css selector', '#form > div > div > div')\n\n    def check_popup_is_presented(self, locator):\n        \"\"\"\n        Test checks that success message appears\n        \"\"\"\n        popup = self.browser.find_element(*locator)\n        print(popup.text)\n>       assert popup.is_displayed(), 'Not success popup presented'\nE       AssertionError: Not success popup presented\n\nui_tests/pages/main_page.py:80: AssertionError","flaky":false,"newFailed":true,"newBroken":false,"newPassed":false,"retriesCount":5,"retriesStatusChange":false,"beforeStages":[{"name":"browser","time":{"start":1670701129193,"stop":1670701131909,"duration":2716},"status":"passed","steps":[],"attachments":[],"parameters":[],"stepsCount":0,"attachmentsCount":0,"shouldDisplayMessage":false,"hasContent":false},{"name":"positive_data_case","time":{"start":1670701131910,"stop":1670701131910,"duration":0},"status":"passed","steps":[],"attachments":[],"parameters":[],"stepsCount":0,"attachmentsCount":0,"shouldDisplayMessage":false,"hasContent":false}],"testStage":{"description":"User is scrolling to the bottom and sends correct data","status":"failed","statusMessage":"AssertionError: Not success popup presented","statusTrace":"self = <ui_tests.test_form_from_main_page.TestMainPageForm object at 0x7f05aea5f410>\nbrowser = <selenium.webdriver.firefox.webdriver.WebDriver (session=\"96a3f043-e43f-4b54-b1d1-f98995413644\")>\npositive_data_case = [(('name', 'name'), 'test_user'), (('name', 'email'), 'test@fojin.tech'), (('name', 'phone'), '12345678901'), (('name', 'about'), 'some useless information')]\n\n    @allure.feature('User sends correct data')\n    @allure.description('User is scrolling to the bottom and sends correct data')\n    def test_positive_form_data(self, browser, positive_data_case: list):\n        \"\"\"\n          Test fills the application with correct data and checks the popup answer\n        \"\"\"\n        page = MainPage(browser, self.url)\n        page.open()\n        for data in positive_data_case:\n            page.input_data_to_form(data)\n        page.scroll_to_and_click_element(FormLocators.SEND_BUTTON)\n        page.expl_wait_for_elem_visibility(FormLocators.POPUP)\n>       page.check_popup_is_presented(FormLocators.POPUP)\n\nui_tests/test_form_from_main_page.py:27: \n_ _ _ _ _ _ _ _ _ _ _ _ _ _ _ _ _ _ _ _ _ _ _ _ _ _ _ _ _ _ _ _ _ _ _ _ _ _ _ _ \n\nself = <ui_tests.pages.main_page.MainPage object at 0x7f05ae91dd50>\nlocator = ('css selector', '#form > div > div > div')\n\n    def check_popup_is_presented(self, locator):\n        \"\"\"\n        Test checks that success message appears\n        \"\"\"\n        popup = self.browser.find_element(*locator)\n        print(popup.text)\n>       assert popup.is_displayed(), 'Not success popup presented'\nE       AssertionError: Not success popup presented\n\nui_tests/pages/main_page.py:80: AssertionError","steps":[],"attachments":[{"uid":"c3a51c8cd649d39","name":"stdout","source":"c3a51c8cd649d39.txt","type":"text/plain","size":6},{"uid":"5a7c130d11e787d0","name":"stderr","source":"5a7c130d11e787d0.txt","type":"text/plain","size":815}],"parameters":[],"stepsCount":0,"attachmentsCount":2,"shouldDisplayMessage":true,"hasContent":true},"afterStages":[{"name":"browser::0","time":{"start":1670701140439,"stop":1670701141040,"duration":601},"status":"passed","steps":[],"attachments":[],"parameters":[],"stepsCount":0,"attachmentsCount":0,"shouldDisplayMessage":false,"hasContent":false}],"labels":[{"name":"feature","value":"User sends correct data"},{"name":"parentSuite","value":"ui_tests"},{"name":"suite","value":"test_form_from_main_page"},{"name":"subSuite","value":"TestMainPageForm"},{"name":"host","value":"fv-az172-269"},{"name":"thread","value":"3012-MainThread"},{"name":"framework","value":"pytest"},{"name":"language","value":"cpython3"},{"name":"package","value":"ui_tests.test_form_from_main_page"},{"name":"resultFormat","value":"allure2"}],"parameters":[{"name":"browser","value":"'firefox'"}],"links":[],"hidden":false,"retry":false,"extra":{"severity":"normal","retries":[{"uid":"c55773401460308e","status":"failed","statusDetails":"AssertionError: Not success popup presented","time":{"start":1670701120194,"stop":1670701128659,"duration":8465}},{"uid":"c73ba4253cdec0e8","status":"failed","statusDetails":"AssertionError: Not success popup presented","time":{"start":1670701108070,"stop":1670701116884,"duration":8814}},{"uid":"508d40eb15cc3123","status":"failed","statusDetails":"AssertionError: Not success popup presented","time":{"start":1670701096249,"stop":1670701104813,"duration":8564}},{"uid":"7a9a0f1d811f66fc","status":"failed","statusDetails":"AssertionError: Not success popup presented","time":{"start":1670701084115,"stop":1670701092658,"duration":8543}},{"uid":"8d3f94146695a05b","status":"failed","statusDetails":"AssertionError: Not success popup presented","time":{"start":1670701071985,"stop":1670701080366,"duration":8381}}],"categories":[{"name":"Product defects","matchedStatuses":[],"flaky":false}],"history":{"statistic":{"failed":1,"broken":1,"skipped":0,"passed":0,"unknown":0,"total":2},"items":[{"uid":"adea29618ac84e84","reportUrl":"https://vadim-makarov.github.io/fojin_site/35//#testresult/adea29618ac84e84","status":"broken","statusDetails":"selenium.common.exceptions.WebDriverException: Message: Process unexpectedly closed with status 1","time":{"start":1670700667991,"stop":1670700667991,"duration":0}}]},"tags":[]},"source":"a95ec8ba723017a5.json","parameterValues":["'firefox'"]}